#
# There is insufficient memory for the Java Runtime Environment to continue.
# Native memory allocation (mmap) failed to map 36175872 bytes for committing reserved memory.
# Possible reasons:
#   The system is out of physical RAM or swap space
#   In 32 bit mode, the process size limit was hit
# Possible solutions:
#   Reduce memory load on the system
#   Increase physical memory or swap space
#   Check if swap backing store is full
#   Use 64 bit Java on a 64 bit OS
#   Decrease Java heap size (-Xmx/-Xms)
#   Decrease number of Java threads
#   Decrease Java thread stack sizes (-Xss)
#   Set larger code cache with -XX:ReservedCodeCacheSize=
# This output file may be truncated or incomplete.
#
#  Out of Memory Error (os_linux.cpp:2643), pid=15027, tid=0x00007fd6dfafa700
#
# JRE version: OpenJDK Runtime Environment (8.0_151-b12) (build 1.8.0_151-8u151-b12-0ubuntu0.16.04.2-b12)
# Java VM: OpenJDK 64-Bit Server VM (25.151-b12 mixed mode linux-amd64 compressed oops)
# Failed to write core dump. Core dumps have been disabled. To enable core dumping, try "ulimit -c unlimited" before starting Java again
#

---------------  T H R E A D  ---------------

Current thread (0x00007fd6f8077000):  VMThread [stack: 0x00007fd6df9fa000,0x00007fd6dfafb000] [id=15038]

Stack: [0x00007fd6df9fa000,0x00007fd6dfafb000],  sp=0x00007fd6dfaf94c0,  free space=1021k
Native frames: (J=compiled Java code, j=interpreted, Vv=VM code, C=native code)
V  [libjvm.so+0xa684eb]
V  [libjvm.so+0x4c579c]
V  [libjvm.so+0x8b6b50]
V  [libjvm.so+0x8b0fce]
V  [libjvm.so+0x92b806]
V  [libjvm.so+0x92cb33]
V  [libjvm.so+0x9291fb]
V  [libjvm.so+0x9294ac]
V  [libjvm.so+0x8db3c3]
V  [libjvm.so+0xa6a192]
V  [libjvm.so+0xa6f277]
V  [libjvm.so+0xa6ca47]
V  [libjvm.so+0xa6decf]
V  [libjvm.so+0xa6e3c1]
V  [libjvm.so+0x8b4032]

VM_Operation (0x00007fd6de9f3680): ParallelGCFailedAllocation, mode: safepoint, requested by thread 0x00007fd6f816d000


---------------  P R O C E S S  ---------------

Java Threads: ( => current thread )
  0x00007fd6f8172000 JavaThread "Thread-12" [_thread_blocked, id=15060, stack(0x00007fd6de6f2000,0x00007fd6de7f3000)]
  0x00007fd6f8170800 JavaThread "Thread-11" [_thread_blocked, id=15059, stack(0x00007fd6de7f3000,0x00007fd6de8f4000)]
  0x00007fd6f816d000 JavaThread "Thread-10" [_thread_blocked, id=15058, stack(0x00007fd6de8f4000,0x00007fd6de9f5000)]
  0x00007fd6f8169800 JavaThread "Thread-9" [_thread_blocked, id=15057, stack(0x00007fd6debf7000,0x00007fd6decf8000)]
  0x00007fd6f816e800 JavaThread "Thread-13" [_thread_blocked, id=15056, stack(0x00007fd6de9f5000,0x00007fd6deaf6000)]
  0x00007fd6f816b800 JavaThread "Thread-8" [_thread_blocked, id=15052, stack(0x00007fd6deaf6000,0x00007fd6debf7000)]
  0x00007fd6f8168800 JavaThread "Thread-4" [_thread_blocked, id=15049, stack(0x00007fd6decf8000,0x00007fd6dedf9000)]
  0x00007fd6f8139800 JavaThread "Thread-1" [_thread_blocked, id=15047, stack(0x00007fd6dedf9000,0x00007fd6deefa000)]
  0x00007fd6f80d1800 JavaThread "Service Thread" daemon [_thread_blocked, id=15045, stack(0x00007fd6df016000,0x00007fd6df117000)]
  0x00007fd6f80b2000 JavaThread "C1 CompilerThread2" daemon [_thread_blocked, id=15044, stack(0x00007fd6df117000,0x00007fd6df218000)]
  0x00007fd6f80b0800 JavaThread "C2 CompilerThread1" daemon [_thread_blocked, id=15043, stack(0x00007fd6df218000,0x00007fd6df319000)]
  0x00007fd6f80ad800 JavaThread "C2 CompilerThread0" daemon [_thread_blocked, id=15042, stack(0x00007fd6df319000,0x00007fd6df41a000)]
  0x00007fd6f80ab800 JavaThread "Signal Dispatcher" daemon [_thread_blocked, id=15041, stack(0x00007fd6df41a000,0x00007fd6df51b000)]
  0x00007fd6f8083800 JavaThread "Finalizer" daemon [_thread_blocked, id=15040, stack(0x00007fd6df7f8000,0x00007fd6df8f9000)]
  0x00007fd6f807f000 JavaThread "Reference Handler" daemon [_thread_blocked, id=15039, stack(0x00007fd6df8f9000,0x00007fd6df9fa000)]
  0x00007fd6f800a000 JavaThread "main" [_thread_blocked, id=15033, stack(0x00007fd6fe58b000,0x00007fd6fe68c000)]

Other Threads:
=>0x00007fd6f8077000 VMThread [stack: 0x00007fd6df9fa000,0x00007fd6dfafb000] [id=15038]
  0x00007fd6f80d4000 WatcherThread [stack: 0x00007fd6def15000,0x00007fd6df016000] [id=15046]

VM state:at safepoint (normal execution)

VM Mutex/Monitor currently owned by a thread:  ([mutex/lock_event])
[0x00007fd6f8006140] Threads_lock - owner thread: 0x00007fd6f8077000
[0x00007fd6f8006640] Heap_lock - owner thread: 0x00007fd6f816d000

Heap:
 PSYoungGen      total 117248K, used 23552K [0x00000000ebf80000, 0x00000000f6000000, 0x0000000100000000)
  eden space 93696K, 0% used [0x00000000ebf80000,0x00000000ebf80000,0x00000000f1b00000)
  from space 23552K, 100% used [0x00000000f3200000,0x00000000f4900000,0x00000000f4900000)
  to   space 19456K, 0% used [0x00000000f4d00000,0x00000000f4d00000,0x00000000f6000000)
 ParOldGen       total 77312K, used 60614K [0x00000000c3e00000, 0x00000000c8980000, 0x00000000ebf80000)
  object space 77312K, 78% used [0x00000000c3e00000,0x00000000c7931988,0x00000000c8980000)
 Metaspace       used 3640K, capacity 4676K, committed 4864K, reserved 1056768K
  class space    used 395K, capacity 428K, committed 512K, reserved 1048576K

Card table byte_map: [0x00007fd6e79cd000,0x00007fd6e7baf000] byte_map_base: 0x00007fd6e73ae000

Marking Bits: (ParMarkBitMap*) 0x00007fd6fd8562c0
 Begin Bits: [0x00007fd6e5678000, 0x00007fd6e6580000)
 End Bits:   [0x00007fd6e6580000, 0x00007fd6e7488000)

Polling page: 0x00007fd6fe6aa000

CodeCache: size=245760Kb used=1723Kb max_used=1725Kb free=244036Kb
 bounds [0x00007fd6e7f6f000, 0x00007fd6e81df000, 0x00007fd6f6f6f000]
 total_blobs=498 nmethods=239 adapters=174
 compilation: enabled

Compilation events (10 events):
Event: 1,102 Thread 0x00007fd6f80b2000 nmethod 235 0x00007fd6e8108810 code [0x00007fd6e8108960, 0x00007fd6e8108a70]
Event: 1,105 Thread 0x00007fd6f80b2000  236       3       java.util.concurrent.locks.AbstractQueuedSynchronizer$ConditionObject::awaitUninterruptibly (62 bytes)
Event: 1,105 Thread 0x00007fd6f80b2000 nmethod 236 0x00007fd6e8107410 code [0x00007fd6e8107640, 0x00007fd6e8108298]
Event: 1,108 Thread 0x00007fd6f80b2000  237       3       java.util.concurrent.locks.AbstractQueuedSynchronizer::transferForSignal (45 bytes)
Event: 1,108 Thread 0x00007fd6f80b2000 nmethod 237 0x00007fd6e8106bd0 code [0x00007fd6e8106d80, 0x00007fd6e8107258]
Event: 1,108 Thread 0x00007fd6f80b2000  238       3       java.util.concurrent.locks.AbstractQueuedSynchronizer$ConditionObject::doSignalAll (36 bytes)
Event: 1,109 Thread 0x00007fd6f80b2000 nmethod 238 0x00007fd6e811c910 code [0x00007fd6e811ca80, 0x00007fd6e811cd88]
Event: 1,112 Thread 0x00007fd6f80b2000  239   !   3       java.util.concurrent.locks.AbstractQueuedSynchronizer::fullyRelease (54 bytes)
Event: 1,112 Thread 0x00007fd6f80b2000 nmethod 239 0x00007fd6e811be90 code [0x00007fd6e811c040, 0x00007fd6e811c628]
Event: 1,120 Thread 0x00007fd6f80ad800  240 % !   4       lockfree.ProcessingNode::run @ 19 (906 bytes)

GC Heap History (10 events):
Event: 0,567 GC heap after
Heap after GC invocations=5 (full 0):
 PSYoungGen      total 34304K, used 2528K [0x00000000ebf80000, 0x00000000f1280000, 0x0000000100000000)
  eden space 31744K, 0% used [0x00000000ebf80000,0x00000000ebf80000,0x00000000ede80000)
  from space 2560K, 98% used [0x00000000ede80000,0x00000000ee0f8020,0x00000000ee100000)
  to   space 10752K, 0% used [0x00000000f0800000,0x00000000f0800000,0x00000000f1280000)
 ParOldGen       total 42496K, used 19872K [0x00000000c3e00000, 0x00000000c6780000, 0x00000000ebf80000)
  object space 42496K, 46% used [0x00000000c3e00000,0x00000000c5168000,0x00000000c6780000)
 Metaspace       used 2706K, capacity 4600K, committed 4864K, reserved 1056768K
  class space    used 288K, capacity 424K, committed 512K, reserved 1048576K
}
Event: 0,639 GC heap before
{Heap before GC invocations=6 (full 0):
 PSYoungGen      total 34304K, used 34272K [0x00000000ebf80000, 0x00000000f1280000, 0x0000000100000000)
  eden space 31744K, 100% used [0x00000000ebf80000,0x00000000ede80000,0x00000000ede80000)
  from space 2560K, 98% used [0x00000000ede80000,0x00000000ee0f8020,0x00000000ee100000)
  to   space 10752K, 0% used [0x00000000f0800000,0x00000000f0800000,0x00000000f1280000)
 ParOldGen       total 42496K, used 19872K [0x00000000c3e00000, 0x00000000c6780000, 0x00000000ebf80000)
  object space 42496K, 46% used [0x00000000c3e00000,0x00000000c5168000,0x00000000c6780000)
 Metaspace       used 3572K, capacity 4676K, committed 4864K, reserved 1056768K
  class space    used 392K, capacity 428K, committed 512K, reserved 1048576K
Event: 0,657 GC heap after
Heap after GC invocations=6 (full 0):
 PSYoungGen      total 72704K, used 10336K [0x00000000ebf80000, 0x00000000f1580000, 0x0000000100000000)
  eden space 61952K, 0% used [0x00000000ebf80000,0x00000000ebf80000,0x00000000efc00000)
  from space 10752K, 96% used [0x00000000f0800000,0x00000000f1218020,0x00000000f1280000)
  to   space 12288K, 0% used [0x00000000efc00000,0x00000000efc00000,0x00000000f0800000)
 ParOldGen       total 42496K, used 19872K [0x00000000c3e00000, 0x00000000c6780000, 0x00000000ebf80000)
  object space 42496K, 46% used [0x00000000c3e00000,0x00000000c5168000,0x00000000c6780000)
 Metaspace       used 3572K, capacity 4676K, committed 4864K, reserved 1056768K
  class space    used 392K, capacity 428K, committed 512K, reserved 1048576K
}
Event: 0,721 GC heap before
{Heap before GC invocations=7 (full 0):
 PSYoungGen      total 72704K, used 72288K [0x00000000ebf80000, 0x00000000f1580000, 0x0000000100000000)
  eden space 61952K, 100% used [0x00000000ebf80000,0x00000000efc00000,0x00000000efc00000)
  from space 10752K, 96% used [0x00000000f0800000,0x00000000f1218020,0x00000000f1280000)
  to   space 12288K, 0% used [0x00000000efc00000,0x00000000efc00000,0x00000000f0800000)
 ParOldGen       total 42496K, used 19872K [0x00000000c3e00000, 0x00000000c6780000, 0x00000000ebf80000)
  object space 42496K, 46% used [0x00000000c3e00000,0x00000000c5168000,0x00000000c6780000)
 Metaspace       used 3577K, capacity 4676K, committed 4864K, reserved 1056768K
  class space    used 392K, capacity 428K, committed 512K, reserved 1048576K
Event: 0,765 GC heap after
Heap after GC invocations=7 (full 0):
 PSYoungGen      total 74240K, used 12288K [0x00000000ebf80000, 0x00000000f6180000, 0x0000000100000000)
  eden space 61952K, 0% used [0x00000000ebf80000,0x00000000ebf80000,0x00000000efc00000)
  from space 12288K, 100% used [0x00000000efc00000,0x00000000f0800000,0x00000000f0800000)
  to   space 20992K, 0% used [0x00000000f4d00000,0x00000000f4d00000,0x00000000f6180000)
 ParOldGen       total 42496K, used 32907K [0x00000000c3e00000, 0x00000000c6780000, 0x00000000ebf80000)
  object space 42496K, 77% used [0x00000000c3e00000,0x00000000c5e22e50,0x00000000c6780000)
 Metaspace       used 3577K, capacity 4676K, committed 4864K, reserved 1056768K
  class space    used 392K, capacity 428K, committed 512K, reserved 1048576K
}
Event: 0,765 GC heap before
{Heap before GC invocations=8 (full 1):
 PSYoungGen      total 74240K, used 12288K [0x00000000ebf80000, 0x00000000f6180000, 0x0000000100000000)
  eden space 61952K, 0% used [0x00000000ebf80000,0x00000000ebf80000,0x00000000efc00000)
  from space 12288K, 100% used [0x00000000efc00000,0x00000000f0800000,0x00000000f0800000)
  to   space 20992K, 0% used [0x00000000f4d00000,0x00000000f4d00000,0x00000000f6180000)
 ParOldGen       total 42496K, used 32907K [0x00000000c3e00000, 0x00000000c6780000, 0x00000000ebf80000)
  object space 42496K, 77% used [0x00000000c3e00000,0x00000000c5e22e50,0x00000000c6780000)
 Metaspace       used 3577K, capacity 4676K, committed 4864K, reserved 1056768K
  class space    used 392K, capacity 428K, committed 512K, reserved 1048576K
Event: 0,995 GC heap after
Heap after GC invocations=8 (full 1):
 PSYoungGen      total 74240K, used 2557K [0x00000000ebf80000, 0x00000000f6180000, 0x0000000100000000)
  eden space 61952K, 0% used [0x00000000ebf80000,0x00000000ebf80000,0x00000000efc00000)
  from space 12288K, 20% used [0x00000000efc00000,0x00000000efe7f6c0,0x00000000f0800000)
  to   space 20992K, 0% used [0x00000000f4d00000,0x00000000f4d00000,0x00000000f6180000)
 ParOldGen       total 77312K, used 42374K [0x00000000c3e00000, 0x00000000c8980000, 0x00000000ebf80000)
  object space 77312K, 54% used [0x00000000c3e00000,0x00000000c6761ae8,0x00000000c8980000)
 Metaspace       used 3577K, capacity 4676K, committed 4864K, reserved 1056768K
  class space    used 392K, capacity 428K, committed 512K, reserved 1048576K
}
Event: 1,066 GC heap before
{Heap before GC invocations=9 (full 1):
 PSYoungGen      total 74240K, used 64509K [0x00000000ebf80000, 0x00000000f6180000, 0x0000000100000000)
  eden space 61952K, 100% used [0x00000000ebf80000,0x00000000efc00000,0x00000000efc00000)
  from space 12288K, 20% used [0x00000000efc00000,0x00000000efe7f6c0,0x00000000f0800000)
  to   space 20992K, 0% used [0x00000000f4d00000,0x00000000f4d00000,0x00000000f6180000)
 ParOldGen       total 77312K, used 42374K [0x00000000c3e00000, 0x00000000c8980000, 0x00000000ebf80000)
  object space 77312K, 54% used [0x00000000c3e00000,0x00000000c6761ae8,0x00000000c8980000)
 Metaspace       used 3639K, capacity 4676K, committed 4864K, reserved 1056768K
  class space    used 395K, capacity 428K, committed 512K, reserved 1048576K
Event: 1,087 GC heap after
Heap after GC invocations=9 (full 1):
 PSYoungGen      total 113152K, used 19168K [0x00000000ebf80000, 0x00000000f6000000, 0x0000000100000000)
  eden space 93696K, 0% used [0x00000000ebf80000,0x00000000ebf80000,0x00000000f1b00000)
  from space 19456K, 98% used [0x00000000f4d00000,0x00000000f5fb8000,0x00000000f6000000)
  to   space 23552K, 0% used [0x00000000f3200000,0x00000000f3200000,0x00000000f4900000)
 ParOldGen       total 77312K, used 42382K [0x00000000c3e00000, 0x00000000c8980000, 0x00000000ebf80000)
  object space 77312K, 54% used [0x00000000c3e00000,0x00000000c6763ae8,0x00000000c8980000)
 Metaspace       used 3639K, capacity 4676K, committed 4864K, reserved 1056768K
  class space    used 395K, capacity 428K, committed 512K, reserved 1048576K
}
Event: 1,144 GC heap before
{Heap before GC invocations=10 (full 1):
 PSYoungGen      total 113152K, used 112864K [0x00000000ebf80000, 0x00000000f6000000, 0x0000000100000000)
  eden space 93696K, 100% used [0x00000000ebf80000,0x00000000f1b00000,0x00000000f1b00000)
  from space 19456K, 98% used [0x00000000f4d00000,0x00000000f5fb8000,0x00000000f6000000)
  to   space 23552K, 0% used [0x00000000f3200000,0x00000000f3200000,0x00000000f4900000)
 ParOldGen       total 77312K, used 42382K [0x00000000c3e00000, 0x00000000c8980000, 0x00000000ebf80000)
  object space 77312K, 54% used [0x00000000c3e00000,0x00000000c6763ae8,0x00000000c8980000)
 Metaspace       used 3640K, capacity 4676K, committed 4864K, reserved 1056768K
  class space    used 395K, capacity 428K, committed 512K, reserved 1048576K

Deoptimization events (9 events):
Event: 0,463 Thread 0x00007fd6f813c800 Uncommon trap: reason=predicate action=maybe_recompile pc=0x00007fd6e809ec7c method=etc.Body.setForces([Letc/Body;Letc/Force;[[ZZ)V @ 6
Event: 0,619 Thread 0x00007fd6f8169800 Uncommon trap: reason=unstable_if action=reinterpret pc=0x00007fd6e80b19e8 method=lockfree.SafeCounter.decrement()V @ 23
Event: 0,619 Thread 0x00007fd6f8169800 Uncommon trap: reason=unstable_if action=reinterpret pc=0x00007fd6e80b76f8 method=java.util.concurrent.locks.ReentrantLock$Sync.nonfairTryAcquire(I)Z @ 34
Event: 0,619 Thread 0x00007fd6f8169800 Uncommon trap: reason=unstable_if action=reinterpret pc=0x00007fd6e80ae5f0 method=java.util.concurrent.locks.ReentrantLock$Sync.nonfairTryAcquire(I)Z @ 34
Event: 0,619 Thread 0x00007fd6f8169800 Uncommon trap: reason=uninitialized action=reinterpret pc=0x00007fd6e809d178 method=java.util.concurrent.locks.AbstractQueuedSynchronizer.acquire(I)V @ 10
Event: 0,619 Thread 0x00007fd6f8169800 Uncommon trap: reason=unstable_if action=reinterpret pc=0x00007fd6e809f744 method=java.util.concurrent.locks.AbstractQueuedSynchronizer.release(I)Z @ 14
Event: 0,620 Thread 0x00007fd6f8169800 Uncommon trap: reason=unstable_if action=reinterpret pc=0x00007fd6e8092dd0 method=java.util.concurrent.locks.AbstractQueuedSynchronizer.release(I)Z @ 14
Event: 0,620 Thread 0x00007fd6f8169800 Uncommon trap: reason=unstable_if action=reinterpret pc=0x00007fd6e809d61c method=java.util.concurrent.locks.AbstractQueuedSynchronizer.release(I)Z @ 14
Event: 0,620 Thread 0x00007fd6f8169800 Uncommon trap: reason=uninitialized action=reinterpret pc=0x00007fd6e80ae8ec method=java.util.concurrent.locks.AbstractQueuedSynchronizer.acquire(I)V @ 10

Internal exceptions (10 events):
Event: 1,029 Thread 0x00007fd6f816e800 Implicit null exception at 0x00007fd6e80a7d62 to 0x00007fd6e80aa2b4
Event: 1,029 Thread 0x00007fd6f816e800 Exception <a 'java/lang/NullPointerException'> (0x00000000ec845358) thrown at [/build/openjdk-8-W2Qe27/openjdk-8-8u151-b12/src/hotspot/src/share/vm/runtime/sharedRuntime.cpp, line 605]
Event: 1,029 Thread 0x00007fd6f816e800 Implicit null exception at 0x00007fd6e80a7d62 to 0x00007fd6e80aa2b4
Event: 1,029 Thread 0x00007fd6f816e800 Exception <a 'java/lang/NullPointerException'> (0x00000000ec845858) thrown at [/build/openjdk-8-W2Qe27/openjdk-8-8u151-b12/src/hotspot/src/share/vm/runtime/sharedRuntime.cpp, line 605]
Event: 1,029 Thread 0x00007fd6f816e800 Implicit null exception at 0x00007fd6e80a7d62 to 0x00007fd6e80aa2b4
Event: 1,029 Thread 0x00007fd6f816e800 Exception <a 'java/lang/NullPointerException'> (0x00000000ec845d58) thrown at [/build/openjdk-8-W2Qe27/openjdk-8-8u151-b12/src/hotspot/src/share/vm/runtime/sharedRuntime.cpp, line 605]
Event: 1,029 Thread 0x00007fd6f816e800 Implicit null exception at 0x00007fd6e80a7d62 to 0x00007fd6e80aa2b4
Event: 1,029 Thread 0x00007fd6f816e800 Exception <a 'java/lang/NullPointerException'> (0x00000000ec846258) thrown at [/build/openjdk-8-W2Qe27/openjdk-8-8u151-b12/src/hotspot/src/share/vm/runtime/sharedRuntime.cpp, line 605]
Event: 1,029 Thread 0x00007fd6f816e800 Implicit null exception at 0x00007fd6e80a905b to 0x00007fd6e80aa4ed
Event: 1,029 Thread 0x00007fd6f816e800 Exception <a 'java/lang/NullPointerException'> (0x00000000ec8478c0) thrown at [/build/openjdk-8-W2Qe27/openjdk-8-8u151-b12/src/hotspot/src/share/vm/runtime/sharedRuntime.cpp, line 605]

Events (10 events):
Event: 1,097 Thread 0x00007fd6f8169800 DEOPT PACKING pc=0x00007fd6e80aa532 sp=0x00007fd6decf67a0
Event: 1,098 Thread 0x00007fd6f8169800 DEOPT UNPACKING pc=0x00007fd6e7fb6373 sp=0x00007fd6decf6570 mode 0
Event: 1,106 Thread 0x00007fd6f8169800 Thread exited: 0x00007fd6f8169800
Event: 1,106 Thread 0x00007fd6f816d000 Thread exited: 0x00007fd6f816d000
Event: 1,107 Thread 0x00007fd6f816e800 Thread added: 0x00007fd6f816e800
Event: 1,107 Thread 0x00007fd6f8169800 Thread added: 0x00007fd6f8169800
Event: 1,108 Thread 0x00007fd6f816d000 Thread added: 0x00007fd6f816d000
Event: 1,108 Thread 0x00007fd6f8170800 Thread added: 0x00007fd6f8170800
Event: 1,108 Thread 0x00007fd6f8172000 Thread added: 0x00007fd6f8172000
Event: 1,143 Executing VM operation: ParallelGCFailedAllocation


Dynamic libraries:
00400000-00401000 r-xp 00000000 08:15 3097                               /usr/lib/jvm/java-8-openjdk-amd64/jre/bin/java
00600000-00601000 r--p 00000000 08:15 3097                               /usr/lib/jvm/java-8-openjdk-amd64/jre/bin/java
00601000-00602000 rw-p 00001000 08:15 3097                               /usr/lib/jvm/java-8-openjdk-amd64/jre/bin/java
01a3d000-01a5e000 rw-p 00000000 00:00 0                                  [heap]
c3e00000-c8980000 rw-p 00000000 00:00 0 
c8980000-ebf80000 ---p 00000000 00:00 0 
ebf80000-f6000000 rw-p 00000000 00:00 0 
f8280000-100000000 ---p 00000000 00:00 0 
100000000-100080000 rw-p 00000000 00:00 0 
100080000-140000000 ---p 00000000 00:00 0 
7fd688000000-7fd688021000 rw-p 00000000 00:00 0 
7fd688021000-7fd68c000000 ---p 00000000 00:00 0 
7fd68c000000-7fd68c021000 rw-p 00000000 00:00 0 
7fd68c021000-7fd690000000 ---p 00000000 00:00 0 
7fd690000000-7fd690021000 rw-p 00000000 00:00 0 
7fd690021000-7fd694000000 ---p 00000000 00:00 0 
7fd694000000-7fd694021000 rw-p 00000000 00:00 0 
7fd694021000-7fd698000000 ---p 00000000 00:00 0 
7fd698000000-7fd698021000 rw-p 00000000 00:00 0 
7fd698021000-7fd69c000000 ---p 00000000 00:00 0 
7fd69c000000-7fd69c021000 rw-p 00000000 00:00 0 
7fd69c021000-7fd6a0000000 ---p 00000000 00:00 0 
7fd6a0000000-7fd6a0021000 rw-p 00000000 00:00 0 
7fd6a0021000-7fd6a4000000 ---p 00000000 00:00 0 
7fd6a4000000-7fd6a4021000 rw-p 00000000 00:00 0 
7fd6a4021000-7fd6a8000000 ---p 00000000 00:00 0 
7fd6a8000000-7fd6a8021000 rw-p 00000000 00:00 0 
7fd6a8021000-7fd6ac000000 ---p 00000000 00:00 0 
7fd6ac000000-7fd6ac021000 rw-p 00000000 00:00 0 
7fd6ac021000-7fd6b0000000 ---p 00000000 00:00 0 
7fd6b0000000-7fd6b0405000 rw-p 00000000 00:00 0 
7fd6b0405000-7fd6b4000000 ---p 00000000 00:00 0 
7fd6b4000000-7fd6b4166000 rw-p 00000000 00:00 0 
7fd6b4166000-7fd6b8000000 ---p 00000000 00:00 0 
7fd6b8000000-7fd6b8021000 rw-p 00000000 00:00 0 
7fd6b8021000-7fd6bc000000 ---p 00000000 00:00 0 
7fd6bc000000-7fd6bc3e0000 rw-p 00000000 00:00 0 
7fd6bc3e0000-7fd6c0000000 ---p 00000000 00:00 0 
7fd6c0000000-7fd6c0021000 rw-p 00000000 00:00 0 
7fd6c0021000-7fd6c4000000 ---p 00000000 00:00 0 
7fd6c4000000-7fd6c4021000 rw-p 00000000 00:00 0 
7fd6c4021000-7fd6c8000000 ---p 00000000 00:00 0 
7fd6c8000000-7fd6c8021000 rw-p 00000000 00:00 0 
7fd6c8021000-7fd6cc000000 ---p 00000000 00:00 0 
7fd6cc000000-7fd6cc021000 rw-p 00000000 00:00 0 
7fd6cc021000-7fd6d0000000 ---p 00000000 00:00 0 
7fd6d0000000-7fd6d0021000 rw-p 00000000 00:00 0 
7fd6d0021000-7fd6d4000000 ---p 00000000 00:00 0 
7fd6d8000000-7fd6d8021000 rw-p 00000000 00:00 0 
7fd6d8021000-7fd6dc000000 ---p 00000000 00:00 0 
7fd6de6cc000-7fd6de6f2000 r--p 00000000 08:15 303318                     /usr/share/locale-langpack/fr/LC_MESSAGES/libc.mo
7fd6de6f2000-7fd6de6f5000 ---p 00000000 00:00 0 
7fd6de6f5000-7fd6de7f3000 rw-p 00000000 00:00 0 
7fd6de7f3000-7fd6de7f6000 ---p 00000000 00:00 0 
7fd6de7f6000-7fd6de8f4000 rw-p 00000000 00:00 0 
7fd6de8f4000-7fd6de8f7000 ---p 00000000 00:00 0 
7fd6de8f7000-7fd6de9f5000 rw-p 00000000 00:00 0 
7fd6de9f5000-7fd6de9f8000 ---p 00000000 00:00 0 
7fd6de9f8000-7fd6deaf6000 rw-p 00000000 00:00 0 
7fd6deaf6000-7fd6deaf9000 ---p 00000000 00:00 0 
7fd6deaf9000-7fd6debf7000 rw-p 00000000 00:00 0 
7fd6debf7000-7fd6debfa000 ---p 00000000 00:00 0 
7fd6debfa000-7fd6decf8000 rw-p 00000000 00:00 0 
7fd6decf8000-7fd6decfb000 ---p 00000000 00:00 0 
7fd6decfb000-7fd6dedf9000 rw-p 00000000 00:00 0 
7fd6dedf9000-7fd6dedfc000 ---p 00000000 00:00 0 
7fd6dedfc000-7fd6deefa000 rw-p 00000000 00:00 0 
7fd6deefa000-7fd6def15000 r--s 001d6000 08:15 3021                       /usr/lib/jvm/java-8-openjdk-amd64/jre/lib/ext/nashorn.jar
7fd6def15000-7fd6def16000 ---p 00000000 00:00 0 
7fd6def16000-7fd6df016000 rw-p 00000000 00:00 0 
7fd6df016000-7fd6df019000 ---p 00000000 00:00 0 
7fd6df019000-7fd6df117000 rw-p 00000000 00:00 0 
7fd6df117000-7fd6df11a000 ---p 00000000 00:00 0 
7fd6df11a000-7fd6df218000 rw-p 00000000 00:00 0 
7fd6df218000-7fd6df21b000 ---p 00000000 00:00 0 
7fd6df21b000-7fd6df319000 rw-p 00000000 00:00 0 
7fd6df319000-7fd6df31c000 ---p 00000000 00:00 0 
7fd6df31c000-7fd6df41a000 rw-p 00000000 00:00 0 
7fd6df41a000-7fd6df41d000 ---p 00000000 00:00 0 
7fd6df41d000-7fd6df51b000 rw-p 00000000 00:00 0 
7fd6df51b000-7fd6df7f8000 r--p 00000000 08:15 43552                      /usr/lib/locale/locale-archive
7fd6df7f8000-7fd6df7fb000 ---p 00000000 00:00 0 
7fd6df7fb000-7fd6df8f9000 rw-p 00000000 00:00 0 
7fd6df8f9000-7fd6df8fc000 ---p 00000000 00:00 0 
7fd6df8fc000-7fd6df9fa000 rw-p 00000000 00:00 0 
7fd6df9fa000-7fd6df9fb000 ---p 00000000 00:00 0 
7fd6df9fb000-7fd6e0000000 rw-p 00000000 00:00 0 
7fd6e0000000-7fd6e0021000 rw-p 00000000 00:00 0 
7fd6e0021000-7fd6e4000000 ---p 00000000 00:00 0 
7fd6e4002000-7fd6e4009000 r--s 00000000 08:15 168082                     /usr/lib/x86_64-linux-gnu/gconv/gconv-modules.cache
7fd6e4009000-7fd6e400d000 r--s 00037000 08:15 3025                       /usr/lib/jvm/java-8-openjdk-amd64/jre/lib/ext/sunpkcs11.jar
7fd6e400d000-7fd6e4ac8000 rw-p 00000000 00:00 0 
7fd6e4ac8000-7fd6e4c97000 r--s 03c21000 08:15 3014                       /usr/lib/jvm/java-8-openjdk-amd64/jre/lib/rt.jar
7fd6e4c97000-7fd6e50d7000 rw-p 00000000 00:00 0 
7fd6e50d7000-7fd6e5497000 ---p 00000000 00:00 0 
7fd6e5497000-7fd6e7488000 rw-p 00000000 00:00 0 
7fd6e7488000-7fd6e7489000 ---p 00000000 00:00 0 
7fd6e7489000-7fd6e7589000 rw-p 00000000 00:00 0 
7fd6e7589000-7fd6e758a000 ---p 00000000 00:00 0 
7fd6e758a000-7fd6e768a000 rw-p 00000000 00:00 0 
7fd6e768a000-7fd6e768b000 ---p 00000000 00:00 0 
7fd6e768b000-7fd6e778b000 rw-p 00000000 00:00 0 
7fd6e778b000-7fd6e778c000 ---p 00000000 00:00 0 
7fd6e778c000-7fd6e78b2000 rw-p 00000000 00:00 0 
7fd6e78b2000-7fd6e79cd000 ---p 00000000 00:00 0 
7fd6e79cd000-7fd6e79f3000 rw-p 00000000 00:00 0 
7fd6e79f3000-7fd6e7b0d000 ---p 00000000 00:00 0 
7fd6e7b0d000-7fd6e7b5e000 rw-p 00000000 00:00 0 
7fd6e7b5e000-7fd6e7bae000 ---p 00000000 00:00 0 
7fd6e7bae000-7fd6e7bb9000 rw-p 00000000 00:00 0 
7fd6e7bb9000-7fd6e7f6f000 ---p 00000000 00:00 0 
7fd6e7f6f000-7fd6e81df000 rwxp 00000000 00:00 0 
7fd6e81df000-7fd6f6f6f000 ---p 00000000 00:00 0 
7fd6f6f6f000-7fd6f6f77000 r-xp 00000000 08:15 3065                       /usr/lib/jvm/java-8-openjdk-amd64/jre/lib/amd64/libzip.so
7fd6f6f77000-7fd6f7176000 ---p 00008000 08:15 3065                       /usr/lib/jvm/java-8-openjdk-amd64/jre/lib/amd64/libzip.so
7fd6f7176000-7fd6f7177000 r--p 00007000 08:15 3065                       /usr/lib/jvm/java-8-openjdk-amd64/jre/lib/amd64/libzip.so
7fd6f7177000-7fd6f7178000 rw-p 00008000 08:15 3065                       /usr/lib/jvm/java-8-openjdk-amd64/jre/lib/amd64/libzip.so
7fd6f7178000-7fd6f7183000 r-xp 00000000 08:15 686787                     /lib/x86_64-linux-gnu/libnss_files-2.23.so
7fd6f7183000-7fd6f7382000 ---p 0000b000 08:15 686787                     /lib/x86_64-linux-gnu/libnss_files-2.23.so
7fd6f7382000-7fd6f7383000 r--p 0000a000 08:15 686787                     /lib/x86_64-linux-gnu/libnss_files-2.23.so
7fd6f7383000-7fd6f7384000 rw-p 0000b000 08:15 686787                     /lib/x86_64-linux-gnu/libnss_files-2.23.so
7fd6f7384000-7fd6f738a000 rw-p 00000000 00:00 0 
7fd6f738a000-7fd6f7395000 r-xp 00000000 08:15 686791                     /lib/x86_64-linux-gnu/libnss_nis-2.23.so
7fd6f7395000-7fd6f7594000 ---p 0000b000 08:15 686791                     /lib/x86_64-linux-gnu/libnss_nis-2.23.so
7fd6f7594000-7fd6f7595000 r--p 0000a000 08:15 686791                     /lib/x86_64-linux-gnu/libnss_nis-2.23.so
7fd6f7595000-7fd6f7596000 rw-p 0000b000 08:15 686791                     /lib/x86_64-linux-gnu/libnss_nis-2.23.so
7fd6f7596000-7fd6f75ac000 r-xp 00000000 08:15 686771                     /lib/x86_64-linux-gnu/libnsl-2.23.so
7fd6f75ac000-7fd6f77ab000 ---p 00016000 08:15 686771                     /lib/x86_64-linux-gnu/libnsl-2.23.so
7fd6f77ab000-7fd6f77ac000 r--p 00015000 08:15 686771                     /lib/x86_64-linux-gnu/libnsl-2.23.so
7fd6f77ac000-7fd6f77ad000 rw-p 00016000 08:15 686771                     /lib/x86_64-linux-gnu/libnsl-2.23.so
7fd6f77ad000-7fd6f77af000 rw-p 00000000 00:00 0 
7fd6f77af000-7fd6f77b7000 r-xp 00000000 08:15 686782                     /lib/x86_64-linux-gnu/libnss_compat-2.23.so
7fd6f77b7000-7fd6f79b6000 ---p 00008000 08:15 686782                     /lib/x86_64-linux-gnu/libnss_compat-2.23.so
7fd6f79b6000-7fd6f79b7000 r--p 00007000 08:15 686782                     /lib/x86_64-linux-gnu/libnss_compat-2.23.so
7fd6f79b7000-7fd6f79b8000 rw-p 00008000 08:15 686782                     /lib/x86_64-linux-gnu/libnss_compat-2.23.so
7fd6f79b8000-7fd6f79e5000 r-xp 00000000 08:15 3046                       /usr/lib/jvm/java-8-openjdk-amd64/jre/lib/amd64/libjava.so
7fd6f79e5000-7fd6f7be4000 ---p 0002d000 08:15 3046                       /usr/lib/jvm/java-8-openjdk-amd64/jre/lib/amd64/libjava.so
7fd6f7be4000-7fd6f7be5000 r--p 0002c000 08:15 3046                       /usr/lib/jvm/java-8-openjdk-amd64/jre/lib/amd64/libjava.so
7fd6f7be5000-7fd6f7be7000 rw-p 0002d000 08:15 3046                       /usr/lib/jvm/java-8-openjdk-amd64/jre/lib/amd64/libjava.so
7fd6f7be7000-7fd6f7bf6000 r-xp 00000000 08:15 3063                       /usr/lib/jvm/java-8-openjdk-amd64/jre/lib/amd64/libverify.so
7fd6f7bf6000-7fd6f7df5000 ---p 0000f000 08:15 3063                       /usr/lib/jvm/java-8-openjdk-amd64/jre/lib/amd64/libverify.so
7fd6f7df5000-7fd6f7df7000 r--p 0000e000 08:15 3063                       /usr/lib/jvm/java-8-openjdk-amd64/jre/lib/amd64/libverify.so
7fd6f7df7000-7fd6f7df8000 rw-p 00010000 08:15 3063                       /usr/lib/jvm/java-8-openjdk-amd64/jre/lib/amd64/libverify.so
7fd6f7df8000-7fd6f7dff000 r-xp 00000000 08:15 686792                     /lib/x86_64-linux-gnu/librt-2.23.so
7fd6f7dff000-7fd6f7ffe000 ---p 00007000 08:15 686792                     /lib/x86_64-linux-gnu/librt-2.23.so
7fd6f7ffe000-7fd6f7fff000 r--p 00006000 08:15 686792                     /lib/x86_64-linux-gnu/librt-2.23.so
7fd6f7fff000-7fd6f8000000 rw-p 00007000 08:15 686792                     /lib/x86_64-linux-gnu/librt-2.23.so
7fd6f8000000-7fd6f8174000 rw-p 00000000 00:00 0 
7fd6f8174000-7fd6fc000000 ---p 00000000 00:00 0 
7fd6fc001000-7fd6fc003000 r--s 00001000 08:15 3027                       /usr/lib/jvm/java-8-openjdk-amd64/jre/lib/ext/dnsns.jar
7fd6fc003000-7fd6fc01e000 r--s 00394000 08:15 3019                       /usr/lib/jvm/java-8-openjdk-amd64/jre/lib/ext/cldrdata.jar
7fd6fc01e000-7fd6fc094000 rw-p 00000000 00:00 0 
7fd6fc094000-7fd6fc0aa000 r-xp 00000000 08:15 660206                     /lib/x86_64-linux-gnu/libgcc_s.so.1
7fd6fc0aa000-7fd6fc2a9000 ---p 00016000 08:15 660206                     /lib/x86_64-linux-gnu/libgcc_s.so.1
7fd6fc2a9000-7fd6fc2aa000 rw-p 00015000 08:15 660206                     /lib/x86_64-linux-gnu/libgcc_s.so.1
7fd6fc2aa000-7fd6fc3b2000 r-xp 00000000 08:15 686770                     /lib/x86_64-linux-gnu/libm-2.23.so
7fd6fc3b2000-7fd6fc5b1000 ---p 00108000 08:15 686770                     /lib/x86_64-linux-gnu/libm-2.23.so
7fd6fc5b1000-7fd6fc5b2000 r--p 00107000 08:15 686770                     /lib/x86_64-linux-gnu/libm-2.23.so
7fd6fc5b2000-7fd6fc5b3000 rw-p 00108000 08:15 686770                     /lib/x86_64-linux-gnu/libm-2.23.so
7fd6fc5b3000-7fd6fc725000 r-xp 00000000 08:15 2088                       /usr/lib/x86_64-linux-gnu/libstdc++.so.6.0.21
7fd6fc725000-7fd6fc925000 ---p 00172000 08:15 2088                       /usr/lib/x86_64-linux-gnu/libstdc++.so.6.0.21
7fd6fc925000-7fd6fc92f000 r--p 00172000 08:15 2088                       /usr/lib/x86_64-linux-gnu/libstdc++.so.6.0.21
7fd6fc92f000-7fd6fc931000 rw-p 0017c000 08:15 2088                       /usr/lib/x86_64-linux-gnu/libstdc++.so.6.0.21
7fd6fc931000-7fd6fc935000 rw-p 00000000 00:00 0 
7fd6fc935000-7fd6fd587000 r-xp 00000000 08:15 3057                       /usr/lib/jvm/java-8-openjdk-amd64/jre/lib/amd64/server/libjvm.so
7fd6fd587000-7fd6fd787000 ---p 00c52000 08:15 3057                       /usr/lib/jvm/java-8-openjdk-amd64/jre/lib/amd64/server/libjvm.so
7fd6fd787000-7fd6fd81a000 r--p 00c52000 08:15 3057                       /usr/lib/jvm/java-8-openjdk-amd64/jre/lib/amd64/server/libjvm.so
7fd6fd81a000-7fd6fd843000 rw-p 00ce5000 08:15 3057                       /usr/lib/jvm/java-8-openjdk-amd64/jre/lib/amd64/server/libjvm.so
7fd6fd843000-7fd6fd873000 rw-p 00000000 00:00 0 
7fd6fd873000-7fd6fd88b000 r-xp 00000000 08:15 686773                     /lib/x86_64-linux-gnu/libpthread-2.23.so
7fd6fd88b000-7fd6fda8a000 ---p 00018000 08:15 686773                     /lib/x86_64-linux-gnu/libpthread-2.23.so
7fd6fda8a000-7fd6fda8b000 r--p 00017000 08:15 686773                     /lib/x86_64-linux-gnu/libpthread-2.23.so
7fd6fda8b000-7fd6fda8c000 rw-p 00018000 08:15 686773                     /lib/x86_64-linux-gnu/libpthread-2.23.so
7fd6fda8c000-7fd6fda90000 rw-p 00000000 00:00 0 
7fd6fda90000-7fd6fda93000 r-xp 00000000 08:15 686776                     /lib/x86_64-linux-gnu/libdl-2.23.so
7fd6fda93000-7fd6fdc92000 ---p 00003000 08:15 686776                     /lib/x86_64-linux-gnu/libdl-2.23.so
7fd6fdc92000-7fd6fdc93000 r--p 00002000 08:15 686776                     /lib/x86_64-linux-gnu/libdl-2.23.so
7fd6fdc93000-7fd6fdc94000 rw-p 00003000 08:15 686776                     /lib/x86_64-linux-gnu/libdl-2.23.so
7fd6fdc94000-7fd6fdcad000 r-xp 00000000 08:15 660143                     /lib/x86_64-linux-gnu/libz.so.1.2.8
7fd6fdcad000-7fd6fdeac000 ---p 00019000 08:15 660143                     /lib/x86_64-linux-gnu/libz.so.1.2.8
7fd6fdeac000-7fd6fdead000 r--p 00018000 08:15 660143                     /lib/x86_64-linux-gnu/libz.so.1.2.8
7fd6fdead000-7fd6fdeae000 rw-p 00019000 08:15 660143                     /lib/x86_64-linux-gnu/libz.so.1.2.8
7fd6fdeae000-7fd6fe06e000 r-xp 00000000 08:15 686774                     /lib/x86_64-linux-gnu/libc-2.23.so
7fd6fe06e000-7fd6fe26e000 ---p 001c0000 08:15 686774                     /lib/x86_64-linux-gnu/libc-2.23.so
7fd6fe26e000-7fd6fe272000 r--p 001c0000 08:15 686774                     /lib/x86_64-linux-gnu/libc-2.23.so
7fd6fe272000-7fd6fe274000 rw-p 001c4000 08:15 686774                     /lib/x86_64-linux-gnu/libc-2.23.so
7fd6fe274000-7fd6fe278000 rw-p 00000000 00:00 0 
7fd6fe278000-7fd6fe285000 r-xp 00000000 08:15 3061                       /usr/lib/jvm/java-8-openjdk-amd64/jre/lib/amd64/jli/libjli.so
7fd6fe285000-7fd6fe485000 ---p 0000d000 08:15 3061                       /usr/lib/jvm/java-8-openjdk-amd64/jre/lib/amd64/jli/libjli.so
7fd6fe485000-7fd6fe486000 r--p 0000d000 08:15 3061                       /usr/lib/jvm/java-8-openjdk-amd64/jre/lib/amd64/jli/libjli.so
7fd6fe486000-7fd6fe487000 rw-p 0000e000 08:15 3061                       /usr/lib/jvm/java-8-openjdk-amd64/jre/lib/amd64/jli/libjli.so
7fd6fe487000-7fd6fe4ad000 r-xp 00000000 08:15 686772                     /lib/x86_64-linux-gnu/ld-2.23.so
7fd6fe4ad000-7fd6fe4b3000 r--s 0003a000 08:15 3022                       /usr/lib/jvm/java-8-openjdk-amd64/jre/lib/ext/sunjce_provider.jar
7fd6fe4b3000-7fd6fe58b000 rw-p 00000000 00:00 0 
7fd6fe58b000-7fd6fe58e000 ---p 00000000 00:00 0 
7fd6fe58e000-7fd6fe690000 rw-p 00000000 00:00 0 
7fd6fe690000-7fd6fe692000 r--s 00008000 08:15 3023                       /usr/lib/jvm/java-8-openjdk-amd64/jre/lib/ext/sunec.jar
7fd6fe692000-7fd6fe695000 r--s 0000f000 08:15 3018                       /usr/lib/jvm/java-8-openjdk-amd64/jre/lib/ext/icedtea-sound.jar
7fd6fe695000-7fd6fe696000 r--s 0000a000 08:15 3026                       /usr/lib/jvm/java-8-openjdk-amd64/jre/lib/ext/jaccess.jar
7fd6fe696000-7fd6fe6a0000 r--s 00116000 08:15 3024                       /usr/lib/jvm/java-8-openjdk-amd64/jre/lib/ext/localedata.jar
7fd6fe6a0000-7fd6fe6a1000 r--s 00010000 08:15 3020                       /usr/lib/jvm/java-8-openjdk-amd64/jre/lib/ext/zipfs.jar
7fd6fe6a1000-7fd6fe6a9000 rw-s 00000000 08:15 396490                     /tmp/hsperfdata_abel/15027
7fd6fe6a9000-7fd6fe6aa000 rw-p 00000000 00:00 0 
7fd6fe6aa000-7fd6fe6ab000 ---p 00000000 00:00 0 
7fd6fe6ab000-7fd6fe6ac000 rw-p 00000000 00:00 0 
7fd6fe6ac000-7fd6fe6ad000 r--p 00025000 08:15 686772                     /lib/x86_64-linux-gnu/ld-2.23.so
7fd6fe6ad000-7fd6fe6ae000 rw-p 00026000 08:15 686772                     /lib/x86_64-linux-gnu/ld-2.23.so
7fd6fe6ae000-7fd6fe6af000 rw-p 00000000 00:00 0 
7fffcc160000-7fffcc181000 rw-p 00000000 00:00 0                          [stack]
7fffcc1a8000-7fffcc1ab000 r--p 00000000 00:00 0                          [vvar]
7fffcc1ab000-7fffcc1ad000 r-xp 00000000 00:00 0                          [vdso]
ffffffffff600000-ffffffffff601000 r-xp 00000000 00:00 0                  [vsyscall]

VM Arguments:
jvm_args: -Dfile.encoding=UTF-8 
java_command: n_bodies.Tester
java_class_path (initial): /media/abel/DATA/git/n_bodies/bin
Launcher Type: SUN_STANDARD

Environment Variables:
PATH=/home/abel/bin:/home/abel/.local/bin:/usr/local/sbin:/usr/local/bin:/usr/sbin:/usr/bin:/sbin:/bin:/usr/games:/usr/local/games:/snap/bin
SHELL=/bin/bash
DISPLAY=:0

Signal Handlers:
SIGSEGV: [libjvm.so+0xa69040], sa_mask[0]=11111111011111111101111111111110, sa_flags=SA_RESTART|SA_SIGINFO
SIGBUS: [libjvm.so+0xa69040], sa_mask[0]=11111111011111111101111111111110, sa_flags=SA_RESTART|SA_SIGINFO
SIGFPE: [libjvm.so+0x8b2170], sa_mask[0]=11111111011111111101111111111110, sa_flags=SA_RESTART|SA_SIGINFO
SIGPIPE: [libjvm.so+0x8b2170], sa_mask[0]=11111111011111111101111111111110, sa_flags=SA_RESTART|SA_SIGINFO
SIGXFSZ: [libjvm.so+0x8b2170], sa_mask[0]=11111111011111111101111111111110, sa_flags=SA_RESTART|SA_SIGINFO
SIGILL: [libjvm.so+0x8b2170], sa_mask[0]=11111111011111111101111111111110, sa_flags=SA_RESTART|SA_SIGINFO
SIGUSR1: SIG_DFL, sa_mask[0]=00000000000000000000000000000000, sa_flags=none
SIGUSR2: [libjvm.so+0x8b2020], sa_mask[0]=00100000000000000000000000000000, sa_flags=SA_RESTART|SA_SIGINFO
SIGHUP: [libjvm.so+0x8b24f0], sa_mask[0]=11111111011111111101111111111110, sa_flags=SA_RESTART|SA_SIGINFO
SIGINT: [libjvm.so+0x8b24f0], sa_mask[0]=11111111011111111101111111111110, sa_flags=SA_RESTART|SA_SIGINFO
SIGTERM: [libjvm.so+0x8b24f0], sa_mask[0]=11111111011111111101111111111110, sa_flags=SA_RESTART|SA_SIGINFO
SIGQUIT: [libjvm.so+0x8b24f0], sa_mask[0]=11111111011111111101111111111110, sa_flags=SA_RESTART|SA_SIGINFO


---------------  S Y S T E M  ---------------

OS:DISTRIB_ID=Ubuntu
DISTRIB_RELEASE=16.04
DISTRIB_CODENAME=xenial
DISTRIB_DESCRIPTION="Ubuntu 16.04.4 LTS"

uname:Linux 4.13.0-37-generic #42~16.04.1-Ubuntu SMP Wed Mar 7 16:03:28 UTC 2018 x86_64
libc:glibc 2.23 NPTL 2.23 
rlimit: STACK 8192k, CORE 0k, NPROC 14950, NOFILE 1048576, AS infinity
load average:117,19 46,82 18,48

/proc/meminfo:
MemTotal:        3933672 kB
MemFree:          598928 kB
MemAvailable:     511760 kB
Buffers:             888 kB
Cached:           173208 kB
SwapCached:          776 kB
Active:          2469140 kB
Inactive:         639084 kB
Active(anon):    2465244 kB
Inactive(anon):   603160 kB
Active(file):       3896 kB
Inactive(file):    35924 kB
Unevictable:          48 kB
Mlocked:              48 kB
SwapTotal:       4088828 kB
SwapFree:         240632 kB
Dirty:               196 kB
Writeback:           732 kB
AnonPages:       2936592 kB
Mapped:            28484 kB
Shmem:            134164 kB
Slab:              81760 kB
SReclaimable:      34912 kB
SUnreclaim:        46848 kB
KernelStack:       16688 kB
PageTables:        52716 kB
NFS_Unstable:          0 kB
Bounce:                0 kB
WritebackTmp:          0 kB
CommitLimit:     6055664 kB
Committed_AS:   14111892 kB
VmallocTotal:   34359738367 kB
VmallocUsed:           0 kB
VmallocChunk:          0 kB
HardwareCorrupted:     0 kB
AnonHugePages:         0 kB
ShmemHugePages:        0 kB
ShmemPmdMapped:        0 kB
CmaTotal:              0 kB
CmaFree:               0 kB
HugePages_Total:       0
HugePages_Free:        0
HugePages_Rsvd:        0
HugePages_Surp:        0
Hugepagesize:       2048 kB
DirectMap4k:      203252 kB
DirectMap2M:     3885056 kB
DirectMap1G:     1048576 kB


CPU:total 4 (initial active 4) (4 cores per cpu, 1 threads per core) family 6 model 94 stepping 3, cmov, cx8, fxsr, mmx, sse, sse2, sse3, ssse3, sse4.1, sse4.2, popcnt, avx, avx2, aes, clmul, erms, rtm, 3dnowpref, lzcnt, tsc, tscinvbit, bmi1, bmi2, adx

/proc/cpuinfo:
processor	: 0
vendor_id	: GenuineIntel
cpu family	: 6
model		: 94
model name	: Intel(R) Core(TM) i5-6300HQ CPU @ 2.30GHz
stepping	: 3
microcode	: 0x74
cpu MHz		: 2300.000
cache size	: 6144 KB
physical id	: 0
siblings	: 4
core id		: 0
cpu cores	: 4
apicid		: 0
initial apicid	: 0
fpu		: yes
fpu_exception	: yes
cpuid level	: 22
wp		: yes
flags		: fpu vme de pse tsc msr pae mce cx8 apic sep mtrr pge mca cmov pat pse36 clflush dts acpi mmx fxsr sse sse2 ss ht tm pbe syscall nx pdpe1gb rdtscp lm constant_tsc art arch_perfmon pebs bts rep_good nopl xtopology nonstop_tsc cpuid aperfmperf tsc_known_freq pni pclmulqdq dtes64 monitor ds_cpl vmx est tm2 ssse3 sdbg fma cx16 xtpr pdcm pcid sse4_1 sse4_2 x2apic movbe popcnt aes xsave avx f16c rdrand lahf_lm abm 3dnowprefetch cpuid_fault epb invpcid_single pti retpoline intel_pt rsb_ctxsw tpr_shadow vnmi flexpriority ept vpid fsgsbase tsc_adjust bmi1 hle avx2 smep bmi2 erms invpcid rtm mpx rdseed adx smap clflushopt xsaveopt xsavec xgetbv1 xsaves dtherm ida arat pln pts hwp hwp_notify hwp_act_window hwp_epp
bugs		: cpu_meltdown spectre_v1 spectre_v2
bogomips	: 4608.00
clflush size	: 64
cache_alignment	: 64
address sizes	: 39 bits physical, 48 bits virtual
power management:

processor	: 1
vendor_id	: GenuineIntel
cpu family	: 6
model		: 94
model name	: Intel(R) Core(TM) i5-6300HQ CPU @ 2.30GHz
stepping	: 3
microcode	: 0x74
cpu MHz		: 2300.000
cache size	: 6144 KB
physical id	: 0
siblings	: 4
core id		: 1
cpu cores	: 4
apicid		: 2
initial apicid	: 2
fpu		: yes
fpu_exception	: yes
cpuid level	: 22
wp		: yes
flags		: fpu vme de pse tsc msr pae mce cx8 apic sep mtrr pge mca cmov pat pse36 clflush dts acpi mmx fxsr sse sse2 ss ht tm pbe syscall nx pdpe1gb rdtscp lm constant_tsc art arch_perfmon pebs bts rep_good nopl xtopology nonstop_tsc cpuid aperfmperf tsc_known_freq pni pclmulqdq dtes64 monitor ds_cpl vmx est tm2 ssse3 sdbg fma cx16 xtpr pdcm pcid sse4_1 sse4_2 x2apic movbe popcnt aes xsave avx f16c rdrand lahf_lm abm 3dnowprefetch cpuid_fault epb invpcid_single pti retpoline intel_pt rsb_ctxsw tpr_shadow vnmi flexpriority ept vpid fsgsbase tsc_adjust bmi1 hle avx2 smep bmi2 erms invpcid rtm mpx rdseed adx smap clflushopt xsaveopt xsavec xgetbv1 xsaves dtherm ida arat pln pts hwp hwp_notify hwp_act_window hwp_epp
bugs		: cpu_meltdown spectre_v1 spectre_v2
bogomips	: 4608.00
clflush size	: 64
cache_alignment	: 64
address sizes	: 39 bits physical, 48 bits virtual
power management:

processor	: 2
vendor_id	: GenuineIntel
cpu family	: 6
model		: 94
model name	: Intel(R) Core(TM) i5-6300HQ CPU @ 2.30GHz
stepping	: 3
microcode	: 0x74
cpu MHz		: 2300.000
cache size	: 6144 KB
physical id	: 0
siblings	: 4
core id		: 2
cpu cores	: 4
apicid		: 4
initial apicid	: 4
fpu		: yes
fpu_exception	: yes
cpuid level	: 22
wp		: yes
flags		: fpu vme de pse tsc msr pae mce cx8 apic sep mtrr pge mca cmov pat pse36 clflush dts acpi mmx fxsr sse sse2 ss ht tm pbe syscall nx pdpe1gb rdtscp lm constant_tsc art arch_perfmon pebs bts rep_good nopl xtopology nonstop_tsc cpuid aperfmperf tsc_known_freq pni pclmulqdq dtes64 monitor ds_cpl vmx est tm2 ssse3 sdbg fma cx16 xtpr pdcm pcid sse4_1 sse4_2 x2apic movbe popcnt aes xsave avx f16c rdrand lahf_lm abm 3dnowprefetch cpuid_fault epb invpcid_single pti retpoline intel_pt rsb_ctxsw tpr_shadow vnmi flexpriority ept vpid fsgsbase tsc_adjust bmi1 hle avx2 smep bmi2 erms invpcid rtm mpx rdseed adx smap clflushopt xsaveopt xsavec xgetbv1 xsaves dtherm ida arat pln pts hwp hwp_notify hwp_act_window hwp_epp
bugs		: cpu_meltdown spectre_v1 spectre_v2
bogomips	: 4608.00
clflush size	: 64
cache_alignment	: 64
address sizes	: 39 bits physical, 48 bits virtual
power management:

processor	: 3
vendor_id	: GenuineIntel
cpu family	: 6
model		: 94
model name	: Intel(R) Core(TM) i5-6300HQ CPU @ 2.30GHz
stepping	: 3
microcode	: 0x74
cpu MHz		: 2300.000
cache size	: 6144 KB
physical id	: 0
siblings	: 4
core id		: 3
cpu cores	: 4
apicid		: 6
initial apicid	: 6
fpu		: yes
fpu_exception	: yes
cpuid level	: 22
wp		: yes
flags		: fpu vme de pse tsc msr pae mce cx8 apic sep mtrr pge mca cmov pat pse36 clflush dts acpi mmx fxsr sse sse2 ss ht tm pbe syscall nx pdpe1gb rdtscp lm constant_tsc art arch_perfmon pebs bts rep_good nopl xtopology nonstop_tsc cpuid aperfmperf tsc_known_freq pni pclmulqdq dtes64 monitor ds_cpl vmx est tm2 ssse3 sdbg fma cx16 xtpr pdcm pcid sse4_1 sse4_2 x2apic movbe popcnt aes xsave avx f16c rdrand lahf_lm abm 3dnowprefetch cpuid_fault epb invpcid_single pti retpoline intel_pt rsb_ctxsw tpr_shadow vnmi flexpriority ept vpid fsgsbase tsc_adjust bmi1 hle avx2 smep bmi2 erms invpcid rtm mpx rdseed adx smap clflushopt xsaveopt xsavec xgetbv1 xsaves dtherm ida arat pln pts hwp hwp_notify hwp_act_window hwp_epp
bugs		: cpu_meltdown spectre_v1 spectre_v2
bogomips	: 4608.00
clflush size	: 64
cache_alignment	: 64
address sizes	: 39 bits physical, 48 bits virtual
power management:



Memory: 4k page, physical 3933672k(596200k free), swap 4088828k(240632k free)

vm_info: OpenJDK 64-Bit Server VM (25.151-b12) for linux-amd64 JRE (1.8.0_151-8u151-b12-0ubuntu0.16.04.2-b12), built on Oct 27 2017 21:59:02 by "buildd" with gcc 5.4.0 20160609

time: Fri Mar 30 10:37:42 2018
elapsed time: 97 seconds (0d 0h 1m 37s)

