#
# There is insufficient memory for the Java Runtime Environment to continue.
# Native memory allocation (mmap) failed to map 131072000 bytes for committing reserved memory.
# Possible reasons:
#   The system is out of physical RAM or swap space
#   In 32 bit mode, the process size limit was hit
# Possible solutions:
#   Reduce memory load on the system
#   Increase physical memory or swap space
#   Check if swap backing store is full
#   Use 64 bit Java on a 64 bit OS
#   Decrease Java heap size (-Xmx/-Xms)
#   Decrease number of Java threads
#   Decrease Java thread stack sizes (-Xss)
#   Set larger code cache with -XX:ReservedCodeCacheSize=
# This output file may be truncated or incomplete.
#
#  Out of Memory Error (os_linux.cpp:2643), pid=15698, tid=0x00007f078dcea700
#
# JRE version: OpenJDK Runtime Environment (8.0_151-b12) (build 1.8.0_151-8u151-b12-0ubuntu0.16.04.2-b12)
# Java VM: OpenJDK 64-Bit Server VM (25.151-b12 mixed mode linux-amd64 compressed oops)
# Failed to write core dump. Core dumps have been disabled. To enable core dumping, try "ulimit -c unlimited" before starting Java again
#

---------------  T H R E A D  ---------------

Current thread (0x00007f07a4077000):  VMThread [stack: 0x00007f078dbea000,0x00007f078dceb000] [id=15708]

Stack: [0x00007f078dbea000,0x00007f078dceb000],  sp=0x00007f078dce94c0,  free space=1021k
Native frames: (J=compiled Java code, j=interpreted, Vv=VM code, C=native code)
V  [libjvm.so+0xa684eb]
V  [libjvm.so+0x4c579c]
V  [libjvm.so+0x8b6b50]
V  [libjvm.so+0x8b0fce]
V  [libjvm.so+0x92b806]
V  [libjvm.so+0x92cb33]
V  [libjvm.so+0x9291fb]
V  [libjvm.so+0x9294ac]
V  [libjvm.so+0x8db3c3]
V  [libjvm.so+0xa6a192]
V  [libjvm.so+0xa6f277]
V  [libjvm.so+0xa6ca47]
V  [libjvm.so+0xa6decf]
V  [libjvm.so+0xa6e3c1]
V  [libjvm.so+0x8b4032]

VM_Operation (0x00007f0786a862a0): ParallelGCFailedAllocation, mode: safepoint, requested by thread 0x00007f07a42c8000


---------------  P R O C E S S  ---------------

Java Threads: ( => current thread )
  0x00007f07a42c8000 JavaThread "AWT-EventQueue-0" [_thread_blocked, id=15723, stack(0x00007f0786989000,0x00007f0786a8a000)]
  0x00007f07a42c4800 JavaThread "AWT-Shutdown" [_thread_blocked, id=15722, stack(0x00007f078c081000,0x00007f078c182000)]
  0x00007f07a4283800 JavaThread "AWT-XAWT" daemon [_thread_in_native, id=15721, stack(0x00007f078cf03000,0x00007f078d004000)]
  0x00007f07a425b800 JavaThread "Java2D Disposer" daemon [_thread_blocked, id=15720, stack(0x00007f078ce02000,0x00007f078cf03000)]
  0x00007f07a4130800 JavaThread "Thread-2" [_thread_blocked, id=15717, stack(0x00007f078d004000,0x00007f078d105000)]
  0x00007f07a40c9800 JavaThread "Service Thread" daemon [_thread_blocked, id=15715, stack(0x00007f078d206000,0x00007f078d307000)]
  0x00007f07a40b2000 JavaThread "C1 CompilerThread2" daemon [_thread_blocked, id=15714, stack(0x00007f078d307000,0x00007f078d408000)]
  0x00007f07a40b0800 JavaThread "C2 CompilerThread1" daemon [_thread_blocked, id=15713, stack(0x00007f078d408000,0x00007f078d509000)]
  0x00007f07a40ad800 JavaThread "C2 CompilerThread0" daemon [_thread_blocked, id=15712, stack(0x00007f078d509000,0x00007f078d60a000)]
  0x00007f07a40ab800 JavaThread "Signal Dispatcher" daemon [_thread_blocked, id=15711, stack(0x00007f078d60a000,0x00007f078d70b000)]
  0x00007f07a4083800 JavaThread "Finalizer" daemon [_thread_blocked, id=15710, stack(0x00007f078d9e8000,0x00007f078dae9000)]
  0x00007f07a407f000 JavaThread "Reference Handler" daemon [_thread_blocked, id=15709, stack(0x00007f078dae9000,0x00007f078dbea000)]
  0x00007f07a400a000 JavaThread "main" [_thread_blocked, id=15703, stack(0x00007f07ac8dd000,0x00007f07ac9de000)]

Other Threads:
=>0x00007f07a4077000 VMThread [stack: 0x00007f078dbea000,0x00007f078dceb000] [id=15708]
  0x00007f07a40cc000 WatcherThread [stack: 0x00007f078d105000,0x00007f078d206000] [id=15716]

VM state:at safepoint (normal execution)

VM Mutex/Monitor currently owned by a thread:  ([mutex/lock_event])
[0x00007f07a4006140] Threads_lock - owner thread: 0x00007f07a4077000
[0x00007f07a4006640] Heap_lock - owner thread: 0x00007f07a42c8000

Heap:
 PSYoungGen      total 133632K, used 1344K [0x00000000ebf80000, 0x00000000f4880000, 0x0000000100000000)
  eden space 126976K, 0% used [0x00000000ebf80000,0x00000000ebf80000,0x00000000f3b80000)
  from space 6656K, 20% used [0x00000000f3b80000,0x00000000f3cd0000,0x00000000f4200000)
  to   space 6144K, 0% used [0x00000000f4280000,0x00000000f4280000,0x00000000f4880000)
 ParOldGen       total 42496K, used 8904K [0x00000000c3e00000, 0x00000000c6780000, 0x00000000ebf80000)
  object space 42496K, 20% used [0x00000000c3e00000,0x00000000c46b23e8,0x00000000c6780000)
 Metaspace       used 9841K, capacity 10044K, committed 10112K, reserved 1058816K
  class space    used 1061K, capacity 1133K, committed 1152K, reserved 1048576K

Card table byte_map: [0x00007f07a8db3000,0x00007f07a8f95000] byte_map_base: 0x00007f07a8794000

Marking Bits: (ParMarkBitMap*) 0x00007f07abba82c0
 Begin Bits: [0x00007f078e1f0000, 0x00007f078f0f8000)
 End Bits:   [0x00007f078f0f8000, 0x00007f0790000000)

Polling page: 0x00007f07ac9fc000

CodeCache: size=245760Kb used=3626Kb max_used=3633Kb free=242133Kb
 bounds [0x00007f0795000000, 0x00007f07953a0000, 0x00007f07a4000000]
 total_blobs=1481 nmethods=997 adapters=399
 compilation: enabled

Compilation events (10 events):
Event: 17,703 Thread 0x00007f07a40ad800 nmethod 993 0x00007f079538c4d0 code [0x00007f079538c620, 0x00007f079538c698]
Event: 17,706 Thread 0x00007f07a40b0800 nmethod 992 0x00007f079538c190 code [0x00007f079538c2e0, 0x00007f079538c3b8]
Event: 17,871 Thread 0x00007f07a40ad800  994       4       sun.java2d.SunGraphics2D::setColor (108 bytes)
Event: 17,879 Thread 0x00007f07a40ad800 nmethod 994 0x00007f079538a950 code [0x00007f079538aae0, 0x00007f079538adb8]
Event: 18,575 Thread 0x00007f07a40b2000  995       3       java.util.regex.Matcher::search (109 bytes)
Event: 18,577 Thread 0x00007f07a40b2000 nmethod 995 0x00007f0795389090 code [0x00007f0795389220, 0x00007f0795389628]
Event: 18,577 Thread 0x00007f07a40b2000  996       3       java.util.regex.Matcher::reset (83 bytes)
Event: 18,578 Thread 0x00007f07a40b2000 nmethod 996 0x00007f0795390390 code [0x00007f0795390520, 0x00007f07953909c8]
Event: 18,578 Thread 0x00007f07a40b2000  997       3       java.util.regex.Pattern$Ctype::isSatisfiedBy (24 bytes)
Event: 18,579 Thread 0x00007f07a40b2000 nmethod 997 0x00007f079538fcd0 code [0x00007f079538fe60, 0x00007f07953901f0]

GC Heap History (10 events):
Event: 0,302 GC heap after
Heap after GC invocations=2 (full 0):
 PSYoungGen      total 34304K, used 2531K [0x00000000ebf80000, 0x00000000ee380000, 0x0000000100000000)
  eden space 31744K, 0% used [0x00000000ebf80000,0x00000000ebf80000,0x00000000ede80000)
  from space 2560K, 98% used [0x00000000ee100000,0x00000000ee378e40,0x00000000ee380000)
  to   space 2560K, 0% used [0x00000000ede80000,0x00000000ede80000,0x00000000ee100000)
 ParOldGen       total 42496K, used 4968K [0x00000000c3e00000, 0x00000000c6780000, 0x00000000ebf80000)
  object space 42496K, 11% used [0x00000000c3e00000,0x00000000c42da000,0x00000000c6780000)
 Metaspace       used 3698K, capacity 4600K, committed 4864K, reserved 1056768K
  class space    used 391K, capacity 424K, committed 512K, reserved 1048576K
}
Event: 1,512 GC heap before
{Heap before GC invocations=3 (full 0):
 PSYoungGen      total 34304K, used 34275K [0x00000000ebf80000, 0x00000000ee380000, 0x0000000100000000)
  eden space 31744K, 100% used [0x00000000ebf80000,0x00000000ede80000,0x00000000ede80000)
  from space 2560K, 98% used [0x00000000ee100000,0x00000000ee378e40,0x00000000ee380000)
  to   space 2560K, 0% used [0x00000000ede80000,0x00000000ede80000,0x00000000ee100000)
 ParOldGen       total 42496K, used 4968K [0x00000000c3e00000, 0x00000000c6780000, 0x00000000ebf80000)
  object space 42496K, 11% used [0x00000000c3e00000,0x00000000c42da000,0x00000000c6780000)
 Metaspace       used 9631K, capacity 9852K, committed 10112K, reserved 1058816K
  class space    used 1061K, capacity 1133K, committed 1152K, reserved 1048576K
Event: 1,517 GC heap after
Heap after GC invocations=3 (full 0):
 PSYoungGen      total 34304K, used 2551K [0x00000000ebf80000, 0x00000000f0280000, 0x0000000100000000)
  eden space 31744K, 0% used [0x00000000ebf80000,0x00000000ebf80000,0x00000000ede80000)
  from space 2560K, 99% used [0x00000000ede80000,0x00000000ee0fdc70,0x00000000ee100000)
  to   space 2560K, 0% used [0x00000000f0000000,0x00000000f0000000,0x00000000f0280000)
 ParOldGen       total 42496K, used 7585K [0x00000000c3e00000, 0x00000000c6780000, 0x00000000ebf80000)
  object space 42496K, 17% used [0x00000000c3e00000,0x00000000c4568570,0x00000000c6780000)
 Metaspace       used 9631K, capacity 9852K, committed 10112K, reserved 1058816K
  class space    used 1061K, capacity 1133K, committed 1152K, reserved 1048576K
}
Event: 2,947 GC heap before
{Heap before GC invocations=4 (full 0):
 PSYoungGen      total 34304K, used 34295K [0x00000000ebf80000, 0x00000000f0280000, 0x0000000100000000)
  eden space 31744K, 100% used [0x00000000ebf80000,0x00000000ede80000,0x00000000ede80000)
  from space 2560K, 99% used [0x00000000ede80000,0x00000000ee0fdc70,0x00000000ee100000)
  to   space 2560K, 0% used [0x00000000f0000000,0x00000000f0000000,0x00000000f0280000)
 ParOldGen       total 42496K, used 7585K [0x00000000c3e00000, 0x00000000c6780000, 0x00000000ebf80000)
  object space 42496K, 17% used [0x00000000c3e00000,0x00000000c4568570,0x00000000c6780000)
 Metaspace       used 9772K, capacity 9980K, committed 10112K, reserved 1058816K
  class space    used 1061K, capacity 1133K, committed 1152K, reserved 1048576K
Event: 2,957 GC heap after
Heap after GC invocations=4 (full 0):
 PSYoungGen      total 66048K, used 2553K [0x00000000ebf80000, 0x00000000f0280000, 0x0000000100000000)
  eden space 63488K, 0% used [0x00000000ebf80000,0x00000000ebf80000,0x00000000efd80000)
  from space 2560K, 99% used [0x00000000f0000000,0x00000000f027e480,0x00000000f0280000)
  to   space 2560K, 0% used [0x00000000efd80000,0x00000000efd80000,0x00000000f0000000)
 ParOldGen       total 42496K, used 7625K [0x00000000c3e00000, 0x00000000c6780000, 0x00000000ebf80000)
  object space 42496K, 17% used [0x00000000c3e00000,0x00000000c4572570,0x00000000c6780000)
 Metaspace       used 9772K, capacity 9980K, committed 10112K, reserved 1058816K
  class space    used 1061K, capacity 1133K, committed 1152K, reserved 1048576K
}
Event: 5,907 GC heap before
{Heap before GC invocations=5 (full 0):
 PSYoungGen      total 66048K, used 66041K [0x00000000ebf80000, 0x00000000f0280000, 0x0000000100000000)
  eden space 63488K, 100% used [0x00000000ebf80000,0x00000000efd80000,0x00000000efd80000)
  from space 2560K, 99% used [0x00000000f0000000,0x00000000f027e480,0x00000000f0280000)
  to   space 2560K, 0% used [0x00000000efd80000,0x00000000efd80000,0x00000000f0000000)
 ParOldGen       total 42496K, used 7625K [0x00000000c3e00000, 0x00000000c6780000, 0x00000000ebf80000)
  object space 42496K, 17% used [0x00000000c3e00000,0x00000000c4572570,0x00000000c6780000)
 Metaspace       used 9829K, capacity 10044K, committed 10112K, reserved 1058816K
  class space    used 1061K, capacity 1133K, committed 1152K, reserved 1048576K
Event: 5,918 GC heap after
Heap after GC invocations=5 (full 0):
 PSYoungGen      total 66048K, used 2537K [0x00000000ebf80000, 0x00000000f4980000, 0x0000000100000000)
  eden space 63488K, 0% used [0x00000000ebf80000,0x00000000ebf80000,0x00000000efd80000)
  from space 2560K, 99% used [0x00000000efd80000,0x00000000efffa490,0x00000000f0000000)
  to   space 7168K, 0% used [0x00000000f4280000,0x00000000f4280000,0x00000000f4980000)
 ParOldGen       total 42496K, used 7665K [0x00000000c3e00000, 0x00000000c6780000, 0x00000000ebf80000)
  object space 42496K, 18% used [0x00000000c3e00000,0x00000000c457c570,0x00000000c6780000)
 Metaspace       used 9829K, capacity 10044K, committed 10112K, reserved 1058816K
  class space    used 1061K, capacity 1133K, committed 1152K, reserved 1048576K
}
Event: 9,395 GC heap before
{Heap before GC invocations=6 (full 0):
 PSYoungGen      total 66048K, used 66025K [0x00000000ebf80000, 0x00000000f4980000, 0x0000000100000000)
  eden space 63488K, 100% used [0x00000000ebf80000,0x00000000efd80000,0x00000000efd80000)
  from space 2560K, 99% used [0x00000000efd80000,0x00000000efffa490,0x00000000f0000000)
  to   space 7168K, 0% used [0x00000000f4280000,0x00000000f4280000,0x00000000f4980000)
 ParOldGen       total 42496K, used 7665K [0x00000000c3e00000, 0x00000000c6780000, 0x00000000ebf80000)
  object space 42496K, 18% used [0x00000000c3e00000,0x00000000c457c570,0x00000000c6780000)
 Metaspace       used 9831K, capacity 10044K, committed 10112K, reserved 1058816K
  class space    used 1061K, capacity 1133K, committed 1152K, reserved 1048576K
Event: 9,399 GC heap after
Heap after GC invocations=6 (full 0):
 PSYoungGen      total 133120K, used 2586K [0x00000000ebf80000, 0x00000000f4880000, 0x0000000100000000)
  eden space 126976K, 0% used [0x00000000ebf80000,0x00000000ebf80000,0x00000000f3b80000)
  from space 6144K, 42% used [0x00000000f4280000,0x00000000f4506a90,0x00000000f4880000)
  to   space 6656K, 0% used [0x00000000f3b80000,0x00000000f3b80000,0x00000000f4200000)
 ParOldGen       total 42496K, used 7673K [0x00000000c3e00000, 0x00000000c6780000, 0x00000000ebf80000)
  object space 42496K, 18% used [0x00000000c3e00000,0x00000000c457e570,0x00000000c6780000)
 Metaspace       used 9831K, capacity 10044K, committed 10112K, reserved 1058816K
  class space    used 1061K, capacity 1133K, committed 1152K, reserved 1048576K
}
Event: 20,544 GC heap before
{Heap before GC invocations=7 (full 0):
 PSYoungGen      total 133120K, used 129562K [0x00000000ebf80000, 0x00000000f4880000, 0x0000000100000000)
  eden space 126976K, 100% used [0x00000000ebf80000,0x00000000f3b80000,0x00000000f3b80000)
  from space 6144K, 42% used [0x00000000f4280000,0x00000000f4506a90,0x00000000f4880000)
  to   space 6656K, 0% used [0x00000000f3b80000,0x00000000f3b80000,0x00000000f4200000)
 ParOldGen       total 42496K, used 7673K [0x00000000c3e00000, 0x00000000c6780000, 0x00000000ebf80000)
  object space 42496K, 18% used [0x00000000c3e00000,0x00000000c457e570,0x00000000c6780000)
 Metaspace       used 9841K, capacity 10044K, committed 10112K, reserved 1058816K
  class space    used 1061K, capacity 1133K, committed 1152K, reserved 1048576K

Deoptimization events (1 events):
Event: 0,270 Thread 0x00007f07a4136000 Uncommon trap: reason=predicate action=maybe_recompile pc=0x00007f0795143520 method=etc.Body.setForces([Letc/Body;Letc/Force;[[ZZ)V @ 6

Internal exceptions (10 events):
Event: 0,268 Thread 0x00007f07a400a000 Exception <a 'java/security/PrivilegedActionException'> (0x00000000ec843c68) thrown at [/build/openjdk-8-W2Qe27/openjdk-8-8u151-b12/src/hotspot/src/share/vm/prims/jvm.cpp, line 1390]
Event: 0,268 Thread 0x00007f07a400a000 Exception <a 'java/security/PrivilegedActionException'> (0x00000000ec843e78) thrown at [/build/openjdk-8-W2Qe27/openjdk-8-8u151-b12/src/hotspot/src/share/vm/prims/jvm.cpp, line 1390]
Event: 0,268 Thread 0x00007f07a400a000 Exception <a 'java/security/PrivilegedActionException'> (0x00000000ec844950) thrown at [/build/openjdk-8-W2Qe27/openjdk-8-8u151-b12/src/hotspot/src/share/vm/prims/jvm.cpp, line 1390]
Event: 0,268 Thread 0x00007f07a400a000 Exception <a 'java/security/PrivilegedActionException'> (0x00000000ec844b60) thrown at [/build/openjdk-8-W2Qe27/openjdk-8-8u151-b12/src/hotspot/src/share/vm/prims/jvm.cpp, line 1390]
Event: 0,341 Thread 0x00007f07a400a000 Exception <a 'java/lang/NoSuchFieldError': method resolution failed> (0x00000000ec7b0668) thrown at [/build/openjdk-8-W2Qe27/openjdk-8-8u151-b12/src/hotspot/src/share/vm/prims/methodHandles.cpp, line 1146]
Event: 0,342 Thread 0x00007f07a400a000 Exception <a 'java/lang/NoSuchFieldError': method resolution failed> (0x00000000ec7bde08) thrown at [/build/openjdk-8-W2Qe27/openjdk-8-8u151-b12/src/hotspot/src/share/vm/prims/methodHandles.cpp, line 1146]
Event: 0,374 Thread 0x00007f07a400a000 Exception <a 'java/io/FileNotFoundException'> (0x00000000ec83c8c8) thrown at [/build/openjdk-8-W2Qe27/openjdk-8-8u151-b12/src/hotspot/src/share/vm/prims/jni.cpp, line 709]
Event: 0,374 Thread 0x00007f07a400a000 Exception <a 'java/io/FileNotFoundException'> (0x00000000ec83d3c8) thrown at [/build/openjdk-8-W2Qe27/openjdk-8-8u151-b12/src/hotspot/src/share/vm/prims/jni.cpp, line 709]
Event: 0,404 Thread 0x00007f07a400a000 Exception <a 'java/lang/ClassNotFoundException': sun/dc/DuctusRenderingEngine> (0x00000000ec8551e0) thrown at [/build/openjdk-8-W2Qe27/openjdk-8-8u151-b12/src/hotspot/src/share/vm/classfile/systemDictionary.cpp, line 210]
Event: 0,671 Thread 0x00007f07a42c8000 Exception <a 'java/lang/UnsupportedOperationException': > (0x00000000eca503d0) thrown at [/build/openjdk-8-W2Qe27/openjdk-8-8u151-b12/src/hotspot/src/share/vm/prims/jni.cpp, line 735]

Events (10 events):
Event: 2,957 Executing VM operation: ParallelGCFailedAllocation done
Event: 4,112 Executing VM operation: EnableBiasedLocking
Event: 4,112 Executing VM operation: EnableBiasedLocking done
Event: 5,907 Executing VM operation: ParallelGCFailedAllocation
Event: 5,918 Executing VM operation: ParallelGCFailedAllocation done
Event: 9,395 Executing VM operation: ParallelGCFailedAllocation
Event: 9,399 Executing VM operation: ParallelGCFailedAllocation done
Event: 14,273 loading class java/security/DomainCombiner
Event: 14,273 loading class java/security/DomainCombiner done
Event: 20,542 Executing VM operation: ParallelGCFailedAllocation


Dynamic libraries:
00400000-00401000 r-xp 00000000 08:15 3097                               /usr/lib/jvm/java-8-openjdk-amd64/jre/bin/java
00600000-00601000 r--p 00000000 08:15 3097                               /usr/lib/jvm/java-8-openjdk-amd64/jre/bin/java
00601000-00602000 rw-p 00001000 08:15 3097                               /usr/lib/jvm/java-8-openjdk-amd64/jre/bin/java
00fc6000-00fe7000 rw-p 00000000 00:00 0                                  [heap]
c3e00000-c6780000 rw-p 00000000 00:00 0 
c6780000-ebf80000 ---p 00000000 00:00 0 
ebf80000-f4880000 rw-p 00000000 00:00 0 
fc580000-100000000 ---p 00000000 00:00 0 
100000000-100120000 rw-p 00000000 00:00 0 
100120000-140000000 ---p 00000000 00:00 0 
7f0740000000-7f0740021000 rw-p 00000000 00:00 0 
7f0740021000-7f0744000000 ---p 00000000 00:00 0 
7f0748000000-7f0748021000 rw-p 00000000 00:00 0 
7f0748021000-7f074c000000 ---p 00000000 00:00 0 
7f074c000000-7f074c021000 rw-p 00000000 00:00 0 
7f074c021000-7f0750000000 ---p 00000000 00:00 0 
7f0750000000-7f0750021000 rw-p 00000000 00:00 0 
7f0750021000-7f0754000000 ---p 00000000 00:00 0 
7f0754000000-7f0754021000 rw-p 00000000 00:00 0 
7f0754021000-7f0758000000 ---p 00000000 00:00 0 
7f0758000000-7f0758021000 rw-p 00000000 00:00 0 
7f0758021000-7f075c000000 ---p 00000000 00:00 0 
7f075c000000-7f075c021000 rw-p 00000000 00:00 0 
7f075c021000-7f0760000000 ---p 00000000 00:00 0 
7f0760000000-7f0760314000 rw-p 00000000 00:00 0 
7f0760314000-7f0764000000 ---p 00000000 00:00 0 
7f0764000000-7f0764228000 rw-p 00000000 00:00 0 
7f0764228000-7f0768000000 ---p 00000000 00:00 0 
7f0768000000-7f0768021000 rw-p 00000000 00:00 0 
7f0768021000-7f076c000000 ---p 00000000 00:00 0 
7f076c000000-7f076c3b2000 rw-p 00000000 00:00 0 
7f076c3b2000-7f0770000000 ---p 00000000 00:00 0 
7f0770000000-7f0770021000 rw-p 00000000 00:00 0 
7f0770021000-7f0774000000 ---p 00000000 00:00 0 
7f0774000000-7f0774021000 rw-p 00000000 00:00 0 
7f0774021000-7f0778000000 ---p 00000000 00:00 0 
7f0778000000-7f0778021000 rw-p 00000000 00:00 0 
7f0778021000-7f077c000000 ---p 00000000 00:00 0 
7f077c000000-7f077c021000 rw-p 00000000 00:00 0 
7f077c021000-7f0780000000 ---p 00000000 00:00 0 
7f0780000000-7f0780021000 rw-p 00000000 00:00 0 
7f0780021000-7f0784000000 ---p 00000000 00:00 0 
7f0786789000-7f0786849000 rw-p 00000000 00:00 0 
7f0786849000-7f0786989000 ---p 00000000 00:00 0 
7f0786989000-7f078698c000 ---p 00000000 00:00 0 
7f078698c000-7f0786a8a000 rw-p 00000000 00:00 0 
7f0786a8a000-7f0786a8f000 r-xp 00000000 08:15 11688                      /usr/lib/x86_64-linux-gnu/libXfixes.so.3.1.0
7f0786a8f000-7f0786c8e000 ---p 00005000 08:15 11688                      /usr/lib/x86_64-linux-gnu/libXfixes.so.3.1.0
7f0786c8e000-7f0786c8f000 r--p 00004000 08:15 11688                      /usr/lib/x86_64-linux-gnu/libXfixes.so.3.1.0
7f0786c8f000-7f0786c90000 rw-p 00005000 08:15 11688                      /usr/lib/x86_64-linux-gnu/libXfixes.so.3.1.0
7f0786c90000-7f0786c99000 r-xp 00000000 08:15 2499                       /usr/lib/x86_64-linux-gnu/libXcursor.so.1.0.2
7f0786c99000-7f0786e98000 ---p 00009000 08:15 2499                       /usr/lib/x86_64-linux-gnu/libXcursor.so.1.0.2
7f0786e98000-7f0786e99000 r--p 00008000 08:15 2499                       /usr/lib/x86_64-linux-gnu/libXcursor.so.1.0.2
7f0786e99000-7f0786e9a000 rw-p 00009000 08:15 2499                       /usr/lib/x86_64-linux-gnu/libXcursor.so.1.0.2
7f0786e9a000-7f0786ebe000 r-xp 00000000 08:15 660309                     /lib/x86_64-linux-gnu/libpng12.so.0.54.0
7f0786ebe000-7f07870bd000 ---p 00024000 08:15 660309                     /lib/x86_64-linux-gnu/libpng12.so.0.54.0
7f07870bd000-7f07870be000 r--p 00023000 08:15 660309                     /lib/x86_64-linux-gnu/libpng12.so.0.54.0
7f07870be000-7f07870bf000 rw-p 00024000 08:15 660309                     /lib/x86_64-linux-gnu/libpng12.so.0.54.0
7f07870bf000-7f0787163000 r-xp 00000000 08:15 793                        /usr/lib/x86_64-linux-gnu/libfreetype.so.6.12.1
7f0787163000-7f0787362000 ---p 000a4000 08:15 793                        /usr/lib/x86_64-linux-gnu/libfreetype.so.6.12.1
7f0787362000-7f0787368000 r--p 000a3000 08:15 793                        /usr/lib/x86_64-linux-gnu/libfreetype.so.6.12.1
7f0787368000-7f0787369000 rw-p 000a9000 08:15 793                        /usr/lib/x86_64-linux-gnu/libfreetype.so.6.12.1
7f0787369000-7f07873bb000 r-xp 00000000 08:15 3047                       /usr/lib/jvm/java-8-openjdk-amd64/jre/lib/amd64/libfontmanager.so
7f07873bb000-7f07875bb000 ---p 00052000 08:15 3047                       /usr/lib/jvm/java-8-openjdk-amd64/jre/lib/amd64/libfontmanager.so
7f07875bb000-7f07875bd000 r--p 00052000 08:15 3047                       /usr/lib/jvm/java-8-openjdk-amd64/jre/lib/amd64/libfontmanager.so
7f07875bd000-7f07875be000 rw-p 00054000 08:15 3047                       /usr/lib/jvm/java-8-openjdk-amd64/jre/lib/amd64/libfontmanager.so
7f07875be000-7f07875c3000 r-xp 00000000 08:15 11684                      /usr/lib/x86_64-linux-gnu/libXdmcp.so.6.0.0
7f07875c3000-7f07877c2000 ---p 00005000 08:15 11684                      /usr/lib/x86_64-linux-gnu/libXdmcp.so.6.0.0
7f07877c2000-7f07877c3000 r--p 00004000 08:15 11684                      /usr/lib/x86_64-linux-gnu/libXdmcp.so.6.0.0
7f07877c3000-7f07877c4000 rw-p 00005000 08:15 11684                      /usr/lib/x86_64-linux-gnu/libXdmcp.so.6.0.0
7f07877c4000-7f07877c6000 r-xp 00000000 08:15 11673                      /usr/lib/x86_64-linux-gnu/libXau.so.6.0.0
7f07877c6000-7f07879c6000 ---p 00002000 08:15 11673                      /usr/lib/x86_64-linux-gnu/libXau.so.6.0.0
7f07879c6000-7f07879c7000 r--p 00002000 08:15 11673                      /usr/lib/x86_64-linux-gnu/libXau.so.6.0.0
7f07879c7000-7f07879c8000 rw-p 00003000 08:15 11673                      /usr/lib/x86_64-linux-gnu/libXau.so.6.0.0
7f07879c8000-7f07879e9000 r-xp 00000000 08:15 13082                      /usr/lib/x86_64-linux-gnu/libxcb.so.1.1.0
7f07879e9000-7f0787be8000 ---p 00021000 08:15 13082                      /usr/lib/x86_64-linux-gnu/libxcb.so.1.1.0
7f0787be8000-7f0787be9000 r--p 00020000 08:15 13082                      /usr/lib/x86_64-linux-gnu/libxcb.so.1.1.0
7f0787be9000-7f0787bea000 rw-p 00021000 08:15 13082                      /usr/lib/x86_64-linux-gnu/libxcb.so.1.1.0
7f0787bea000-7f0787bf9000 r-xp 00000000 08:15 11694                      /usr/lib/x86_64-linux-gnu/libXi.so.6.1.0
7f0787bf9000-7f0787df8000 ---p 0000f000 08:15 11694                      /usr/lib/x86_64-linux-gnu/libXi.so.6.1.0
7f0787df8000-7f0787df9000 r--p 0000e000 08:15 11694                      /usr/lib/x86_64-linux-gnu/libXi.so.6.1.0
7f0787df9000-7f0787dfa000 rw-p 0000f000 08:15 11694                      /usr/lib/x86_64-linux-gnu/libXi.so.6.1.0
7f0787dfa000-7f0787dff000 r-xp 00000000 08:15 11712                      /usr/lib/x86_64-linux-gnu/libXtst.so.6.1.0
7f0787dff000-7f0787ffe000 ---p 00005000 08:15 11712                      /usr/lib/x86_64-linux-gnu/libXtst.so.6.1.0
7f0787ffe000-7f0787fff000 r--p 00004000 08:15 11712                      /usr/lib/x86_64-linux-gnu/libXtst.so.6.1.0
7f0787fff000-7f0788000000 rw-p 00005000 08:15 11712                      /usr/lib/x86_64-linux-gnu/libXtst.so.6.1.0
7f0788000000-7f0788021000 rw-p 00000000 00:00 0 
7f0788021000-7f078c000000 ---p 00000000 00:00 0 
7f078c081000-7f078c084000 ---p 00000000 00:00 0 
7f078c084000-7f078c182000 rw-p 00000000 00:00 0 
7f078c182000-7f078c18b000 r-xp 00000000 08:15 11706                      /usr/lib/x86_64-linux-gnu/libXrender.so.1.3.0
7f078c18b000-7f078c38a000 ---p 00009000 08:15 11706                      /usr/lib/x86_64-linux-gnu/libXrender.so.1.3.0
7f078c38a000-7f078c38b000 r--p 00008000 08:15 11706                      /usr/lib/x86_64-linux-gnu/libXrender.so.1.3.0
7f078c38b000-7f078c38c000 rw-p 00009000 08:15 11706                      /usr/lib/x86_64-linux-gnu/libXrender.so.1.3.0
7f078c38c000-7f078c4c1000 r-xp 00000000 08:15 11669                      /usr/lib/x86_64-linux-gnu/libX11.so.6.3.0
7f078c4c1000-7f078c6c1000 ---p 00135000 08:15 11669                      /usr/lib/x86_64-linux-gnu/libX11.so.6.3.0
7f078c6c1000-7f078c6c2000 r--p 00135000 08:15 11669                      /usr/lib/x86_64-linux-gnu/libX11.so.6.3.0
7f078c6c2000-7f078c6c6000 rw-p 00136000 08:15 11669                      /usr/lib/x86_64-linux-gnu/libX11.so.6.3.0
7f078c6c6000-7f078c6d7000 r-xp 00000000 08:15 11686                      /usr/lib/x86_64-linux-gnu/libXext.so.6.4.0
7f078c6d7000-7f078c8d6000 ---p 00011000 08:15 11686                      /usr/lib/x86_64-linux-gnu/libXext.so.6.4.0
7f078c8d6000-7f078c8d7000 r--p 00010000 08:15 11686                      /usr/lib/x86_64-linux-gnu/libXext.so.6.4.0
7f078c8d7000-7f078c8d8000 rw-p 00011000 08:15 11686                      /usr/lib/x86_64-linux-gnu/libXext.so.6.4.0
7f078c8d8000-7f078c92c000 r-xp 00000000 08:15 3048                       /usr/lib/jvm/java-8-openjdk-amd64/jre/lib/amd64/libawt_xawt.so
7f078c92c000-7f078cb2c000 ---p 00054000 08:15 3048                       /usr/lib/jvm/java-8-openjdk-amd64/jre/lib/amd64/libawt_xawt.so
7f078cb2c000-7f078cb2d000 r--p 00054000 08:15 3048                       /usr/lib/jvm/java-8-openjdk-amd64/jre/lib/amd64/libawt_xawt.so
7f078cb2d000-7f078cb30000 rw-p 00055000 08:15 3048                       /usr/lib/jvm/java-8-openjdk-amd64/jre/lib/amd64/libawt_xawt.so
7f078cb30000-7f078cb31000 rw-p 00000000 00:00 0 
7f078cb31000-7f078cbd1000 r-xp 00000000 08:15 3064                       /usr/lib/jvm/java-8-openjdk-amd64/jre/lib/amd64/libawt.so
7f078cbd1000-7f078cdd1000 ---p 000a0000 08:15 3064                       /usr/lib/jvm/java-8-openjdk-amd64/jre/lib/amd64/libawt.so
7f078cdd1000-7f078cdd2000 r--p 000a0000 08:15 3064                       /usr/lib/jvm/java-8-openjdk-amd64/jre/lib/amd64/libawt.so
7f078cdd2000-7f078cddd000 rw-p 000a1000 08:15 3064                       /usr/lib/jvm/java-8-openjdk-amd64/jre/lib/amd64/libawt.so
7f078cddd000-7f078ce02000 rw-p 00000000 00:00 0 
7f078ce02000-7f078ce05000 ---p 00000000 00:00 0 
7f078ce05000-7f078cf03000 rw-p 00000000 00:00 0 
7f078cf03000-7f078cf06000 ---p 00000000 00:00 0 
7f078cf06000-7f078d004000 rw-p 00000000 00:00 0 
7f078d004000-7f078d007000 ---p 00000000 00:00 0 
7f078d007000-7f078d105000 rw-p 00000000 00:00 0 
7f078d105000-7f078d106000 ---p 00000000 00:00 0 
7f078d106000-7f078d206000 rw-p 00000000 00:00 0 
7f078d206000-7f078d209000 ---p 00000000 00:00 0 
7f078d209000-7f078d307000 rw-p 00000000 00:00 0 
7f078d307000-7f078d30a000 ---p 00000000 00:00 0 
7f078d30a000-7f078d408000 rw-p 00000000 00:00 0 
7f078d408000-7f078d40b000 ---p 00000000 00:00 0 
7f078d40b000-7f078d509000 rw-p 00000000 00:00 0 
7f078d509000-7f078d50c000 ---p 00000000 00:00 0 
7f078d50c000-7f078d60a000 rw-p 00000000 00:00 0 
7f078d60a000-7f078d60d000 ---p 00000000 00:00 0 
7f078d60d000-7f078d70b000 rw-p 00000000 00:00 0 
7f078d70b000-7f078d9e8000 r--p 00000000 08:15 43552                      /usr/lib/locale/locale-archive
7f078d9e8000-7f078d9eb000 ---p 00000000 00:00 0 
7f078d9eb000-7f078dae9000 rw-p 00000000 00:00 0 
7f078dae9000-7f078daec000 ---p 00000000 00:00 0 
7f078daec000-7f078dbea000 rw-p 00000000 00:00 0 
7f078dbea000-7f078dbeb000 ---p 00000000 00:00 0 
7f078dbeb000-7f0790000000 rw-p 00000000 00:00 0 
7f0790000000-7f0790021000 rw-p 00000000 00:00 0 
7f0790021000-7f0794000000 ---p 00000000 00:00 0 
7f07940f9000-7f0795000000 rw-p 00000000 00:00 0 
7f0795000000-7f07953a0000 rwxp 00000000 00:00 0 
7f07953a0000-7f07a4000000 ---p 00000000 00:00 0 
7f07a4000000-7f07a42f6000 rw-p 00000000 00:00 0 
7f07a42f6000-7f07a8000000 ---p 00000000 00:00 0 
7f07a8018000-7f07a802b000 r--s 00346000 08:15 3078                       /usr/lib/jvm/java-8-openjdk-amd64/jre/lib/resources.jar
7f07a802b000-7f07a8032000 r--s 00000000 08:15 168082                     /usr/lib/x86_64-linux-gnu/gconv/gconv-modules.cache
7f07a8032000-7f07a8058000 r--p 00000000 08:15 303318                     /usr/share/locale-langpack/fr/LC_MESSAGES/libc.mo
7f07a8058000-7f07a805c000 r--s 00037000 08:15 3025                       /usr/lib/jvm/java-8-openjdk-amd64/jre/lib/ext/sunpkcs11.jar
7f07a805c000-7f07a8077000 r--s 001d6000 08:15 3021                       /usr/lib/jvm/java-8-openjdk-amd64/jre/lib/ext/nashorn.jar
7f07a8077000-7f07a8079000 r--s 00001000 08:15 3027                       /usr/lib/jvm/java-8-openjdk-amd64/jre/lib/ext/dnsns.jar
7f07a8079000-7f07a8094000 r--s 00394000 08:15 3019                       /usr/lib/jvm/java-8-openjdk-amd64/jre/lib/ext/cldrdata.jar
7f07a8094000-7f07a8448000 rw-p 00000000 00:00 0 
7f07a8448000-7f07a8617000 r--s 03c21000 08:15 3014                       /usr/lib/jvm/java-8-openjdk-amd64/jre/lib/rt.jar
7f07a8617000-7f07a886e000 rw-p 00000000 00:00 0 
7f07a886e000-7f07a886f000 ---p 00000000 00:00 0 
7f07a886f000-7f07a896f000 rw-p 00000000 00:00 0 
7f07a896f000-7f07a8970000 ---p 00000000 00:00 0 
7f07a8970000-7f07a8a70000 rw-p 00000000 00:00 0 
7f07a8a70000-7f07a8a71000 ---p 00000000 00:00 0 
7f07a8a71000-7f07a8b71000 rw-p 00000000 00:00 0 
7f07a8b71000-7f07a8b72000 ---p 00000000 00:00 0 
7f07a8b72000-7f07a8c87000 rw-p 00000000 00:00 0 
7f07a8c87000-7f07a8db3000 ---p 00000000 00:00 0 
7f07a8db3000-7f07a8dc8000 rw-p 00000000 00:00 0 
7f07a8dc8000-7f07a8ef3000 ---p 00000000 00:00 0 
7f07a8ef3000-7f07a8f39000 rw-p 00000000 00:00 0 
7f07a8f39000-7f07a8f94000 ---p 00000000 00:00 0 
7f07a8f94000-7f07a8fa4000 rw-p 00000000 00:00 0 
7f07a8fa4000-7f07a9355000 ---p 00000000 00:00 0 
7f07a9355000-7f07a935d000 r-xp 00000000 08:15 3065                       /usr/lib/jvm/java-8-openjdk-amd64/jre/lib/amd64/libzip.so
7f07a935d000-7f07a955c000 ---p 00008000 08:15 3065                       /usr/lib/jvm/java-8-openjdk-amd64/jre/lib/amd64/libzip.so
7f07a955c000-7f07a955d000 r--p 00007000 08:15 3065                       /usr/lib/jvm/java-8-openjdk-amd64/jre/lib/amd64/libzip.so
7f07a955d000-7f07a955e000 rw-p 00008000 08:15 3065                       /usr/lib/jvm/java-8-openjdk-amd64/jre/lib/amd64/libzip.so
7f07a955e000-7f07a9569000 r-xp 00000000 08:15 686787                     /lib/x86_64-linux-gnu/libnss_files-2.23.so
7f07a9569000-7f07a9768000 ---p 0000b000 08:15 686787                     /lib/x86_64-linux-gnu/libnss_files-2.23.so
7f07a9768000-7f07a9769000 r--p 0000a000 08:15 686787                     /lib/x86_64-linux-gnu/libnss_files-2.23.so
7f07a9769000-7f07a976a000 rw-p 0000b000 08:15 686787                     /lib/x86_64-linux-gnu/libnss_files-2.23.so
7f07a976a000-7f07a9770000 rw-p 00000000 00:00 0 
7f07a9770000-7f07a977b000 r-xp 00000000 08:15 686791                     /lib/x86_64-linux-gnu/libnss_nis-2.23.so
7f07a977b000-7f07a997a000 ---p 0000b000 08:15 686791                     /lib/x86_64-linux-gnu/libnss_nis-2.23.so
7f07a997a000-7f07a997b000 r--p 0000a000 08:15 686791                     /lib/x86_64-linux-gnu/libnss_nis-2.23.so
7f07a997b000-7f07a997c000 rw-p 0000b000 08:15 686791                     /lib/x86_64-linux-gnu/libnss_nis-2.23.so
7f07a997c000-7f07a9992000 r-xp 00000000 08:15 686771                     /lib/x86_64-linux-gnu/libnsl-2.23.so
7f07a9992000-7f07a9b91000 ---p 00016000 08:15 686771                     /lib/x86_64-linux-gnu/libnsl-2.23.so
7f07a9b91000-7f07a9b92000 r--p 00015000 08:15 686771                     /lib/x86_64-linux-gnu/libnsl-2.23.so
7f07a9b92000-7f07a9b93000 rw-p 00016000 08:15 686771                     /lib/x86_64-linux-gnu/libnsl-2.23.so
7f07a9b93000-7f07a9b95000 rw-p 00000000 00:00 0 
7f07a9b95000-7f07a9b9d000 r-xp 00000000 08:15 686782                     /lib/x86_64-linux-gnu/libnss_compat-2.23.so
7f07a9b9d000-7f07a9d9c000 ---p 00008000 08:15 686782                     /lib/x86_64-linux-gnu/libnss_compat-2.23.so
7f07a9d9c000-7f07a9d9d000 r--p 00007000 08:15 686782                     /lib/x86_64-linux-gnu/libnss_compat-2.23.so
7f07a9d9d000-7f07a9d9e000 rw-p 00008000 08:15 686782                     /lib/x86_64-linux-gnu/libnss_compat-2.23.so
7f07a9d9e000-7f07a9dcb000 r-xp 00000000 08:15 3046                       /usr/lib/jvm/java-8-openjdk-amd64/jre/lib/amd64/libjava.so
7f07a9dcb000-7f07a9fca000 ---p 0002d000 08:15 3046                       /usr/lib/jvm/java-8-openjdk-amd64/jre/lib/amd64/libjava.so
7f07a9fca000-7f07a9fcb000 r--p 0002c000 08:15 3046                       /usr/lib/jvm/java-8-openjdk-amd64/jre/lib/amd64/libjava.so
7f07a9fcb000-7f07a9fcd000 rw-p 0002d000 08:15 3046                       /usr/lib/jvm/java-8-openjdk-amd64/jre/lib/amd64/libjava.so
7f07a9fcd000-7f07a9fdc000 r-xp 00000000 08:15 3063                       /usr/lib/jvm/java-8-openjdk-amd64/jre/lib/amd64/libverify.so
7f07a9fdc000-7f07aa1db000 ---p 0000f000 08:15 3063                       /usr/lib/jvm/java-8-openjdk-amd64/jre/lib/amd64/libverify.so
7f07aa1db000-7f07aa1dd000 r--p 0000e000 08:15 3063                       /usr/lib/jvm/java-8-openjdk-amd64/jre/lib/amd64/libverify.so
7f07aa1dd000-7f07aa1de000 rw-p 00010000 08:15 3063                       /usr/lib/jvm/java-8-openjdk-amd64/jre/lib/amd64/libverify.so
7f07aa1de000-7f07aa1e5000 r-xp 00000000 08:15 686792                     /lib/x86_64-linux-gnu/librt-2.23.so
7f07aa1e5000-7f07aa3e4000 ---p 00007000 08:15 686792                     /lib/x86_64-linux-gnu/librt-2.23.so
7f07aa3e4000-7f07aa3e5000 r--p 00006000 08:15 686792                     /lib/x86_64-linux-gnu/librt-2.23.so
7f07aa3e5000-7f07aa3e6000 rw-p 00007000 08:15 686792                     /lib/x86_64-linux-gnu/librt-2.23.so
7f07aa3e6000-7f07aa3fc000 r-xp 00000000 08:15 660206                     /lib/x86_64-linux-gnu/libgcc_s.so.1
7f07aa3fc000-7f07aa5fb000 ---p 00016000 08:15 660206                     /lib/x86_64-linux-gnu/libgcc_s.so.1
7f07aa5fb000-7f07aa5fc000 rw-p 00015000 08:15 660206                     /lib/x86_64-linux-gnu/libgcc_s.so.1
7f07aa5fc000-7f07aa704000 r-xp 00000000 08:15 686770                     /lib/x86_64-linux-gnu/libm-2.23.so
7f07aa704000-7f07aa903000 ---p 00108000 08:15 686770                     /lib/x86_64-linux-gnu/libm-2.23.so
7f07aa903000-7f07aa904000 r--p 00107000 08:15 686770                     /lib/x86_64-linux-gnu/libm-2.23.so
7f07aa904000-7f07aa905000 rw-p 00108000 08:15 686770                     /lib/x86_64-linux-gnu/libm-2.23.so
7f07aa905000-7f07aaa77000 r-xp 00000000 08:15 2088                       /usr/lib/x86_64-linux-gnu/libstdc++.so.6.0.21
7f07aaa77000-7f07aac77000 ---p 00172000 08:15 2088                       /usr/lib/x86_64-linux-gnu/libstdc++.so.6.0.21
7f07aac77000-7f07aac81000 r--p 00172000 08:15 2088                       /usr/lib/x86_64-linux-gnu/libstdc++.so.6.0.21
7f07aac81000-7f07aac83000 rw-p 0017c000 08:15 2088                       /usr/lib/x86_64-linux-gnu/libstdc++.so.6.0.21
7f07aac83000-7f07aac87000 rw-p 00000000 00:00 0 
7f07aac87000-7f07ab8d9000 r-xp 00000000 08:15 3057                       /usr/lib/jvm/java-8-openjdk-amd64/jre/lib/amd64/server/libjvm.so
7f07ab8d9000-7f07abad9000 ---p 00c52000 08:15 3057                       /usr/lib/jvm/java-8-openjdk-amd64/jre/lib/amd64/server/libjvm.so
7f07abad9000-7f07abb6c000 r--p 00c52000 08:15 3057                       /usr/lib/jvm/java-8-openjdk-amd64/jre/lib/amd64/server/libjvm.so
7f07abb6c000-7f07abb95000 rw-p 00ce5000 08:15 3057                       /usr/lib/jvm/java-8-openjdk-amd64/jre/lib/amd64/server/libjvm.so
7f07abb95000-7f07abbc5000 rw-p 00000000 00:00 0 
7f07abbc5000-7f07abbdd000 r-xp 00000000 08:15 686773                     /lib/x86_64-linux-gnu/libpthread-2.23.so
7f07abbdd000-7f07abddc000 ---p 00018000 08:15 686773                     /lib/x86_64-linux-gnu/libpthread-2.23.so
7f07abddc000-7f07abddd000 r--p 00017000 08:15 686773                     /lib/x86_64-linux-gnu/libpthread-2.23.so
7f07abddd000-7f07abdde000 rw-p 00018000 08:15 686773                     /lib/x86_64-linux-gnu/libpthread-2.23.so
7f07abdde000-7f07abde2000 rw-p 00000000 00:00 0 
7f07abde2000-7f07abde5000 r-xp 00000000 08:15 686776                     /lib/x86_64-linux-gnu/libdl-2.23.so
7f07abde5000-7f07abfe4000 ---p 00003000 08:15 686776                     /lib/x86_64-linux-gnu/libdl-2.23.so
7f07abfe4000-7f07abfe5000 r--p 00002000 08:15 686776                     /lib/x86_64-linux-gnu/libdl-2.23.so
7f07abfe5000-7f07abfe6000 rw-p 00003000 08:15 686776                     /lib/x86_64-linux-gnu/libdl-2.23.so
7f07abfe6000-7f07abfff000 r-xp 00000000 08:15 660143                     /lib/x86_64-linux-gnu/libz.so.1.2.8
7f07abfff000-7f07ac1fe000 ---p 00019000 08:15 660143                     /lib/x86_64-linux-gnu/libz.so.1.2.8
7f07ac1fe000-7f07ac1ff000 r--p 00018000 08:15 660143                     /lib/x86_64-linux-gnu/libz.so.1.2.8
7f07ac1ff000-7f07ac200000 rw-p 00019000 08:15 660143                     /lib/x86_64-linux-gnu/libz.so.1.2.8
7f07ac200000-7f07ac3c0000 r-xp 00000000 08:15 686774                     /lib/x86_64-linux-gnu/libc-2.23.so
7f07ac3c0000-7f07ac5c0000 ---p 001c0000 08:15 686774                     /lib/x86_64-linux-gnu/libc-2.23.so
7f07ac5c0000-7f07ac5c4000 r--p 001c0000 08:15 686774                     /lib/x86_64-linux-gnu/libc-2.23.so
7f07ac5c4000-7f07ac5c6000 rw-p 001c4000 08:15 686774                     /lib/x86_64-linux-gnu/libc-2.23.so
7f07ac5c6000-7f07ac5ca000 rw-p 00000000 00:00 0 
7f07ac5ca000-7f07ac5d7000 r-xp 00000000 08:15 3061                       /usr/lib/jvm/java-8-openjdk-amd64/jre/lib/amd64/jli/libjli.so
7f07ac5d7000-7f07ac7d7000 ---p 0000d000 08:15 3061                       /usr/lib/jvm/java-8-openjdk-amd64/jre/lib/amd64/jli/libjli.so
7f07ac7d7000-7f07ac7d8000 r--p 0000d000 08:15 3061                       /usr/lib/jvm/java-8-openjdk-amd64/jre/lib/amd64/jli/libjli.so
7f07ac7d8000-7f07ac7d9000 rw-p 0000e000 08:15 3061                       /usr/lib/jvm/java-8-openjdk-amd64/jre/lib/amd64/jli/libjli.so
7f07ac7d9000-7f07ac7ff000 r-xp 00000000 08:15 686772                     /lib/x86_64-linux-gnu/ld-2.23.so
7f07ac7ff000-7f07ac805000 r--s 0003a000 08:15 3022                       /usr/lib/jvm/java-8-openjdk-amd64/jre/lib/ext/sunjce_provider.jar
7f07ac805000-7f07ac8dd000 rw-p 00000000 00:00 0 
7f07ac8dd000-7f07ac8e0000 ---p 00000000 00:00 0 
7f07ac8e0000-7f07ac9e2000 rw-p 00000000 00:00 0 
7f07ac9e2000-7f07ac9e4000 r--s 00008000 08:15 3023                       /usr/lib/jvm/java-8-openjdk-amd64/jre/lib/ext/sunec.jar
7f07ac9e4000-7f07ac9e7000 r--s 0000f000 08:15 3018                       /usr/lib/jvm/java-8-openjdk-amd64/jre/lib/ext/icedtea-sound.jar
7f07ac9e7000-7f07ac9e8000 r--s 0000a000 08:15 3026                       /usr/lib/jvm/java-8-openjdk-amd64/jre/lib/ext/jaccess.jar
7f07ac9e8000-7f07ac9f2000 r--s 00116000 08:15 3024                       /usr/lib/jvm/java-8-openjdk-amd64/jre/lib/ext/localedata.jar
7f07ac9f2000-7f07ac9f3000 r--s 00010000 08:15 3020                       /usr/lib/jvm/java-8-openjdk-amd64/jre/lib/ext/zipfs.jar
7f07ac9f3000-7f07ac9fb000 rw-s 00000000 08:15 399285                     /tmp/hsperfdata_abel/15698
7f07ac9fb000-7f07ac9fc000 rw-p 00000000 00:00 0 
7f07ac9fc000-7f07ac9fd000 ---p 00000000 00:00 0 
7f07ac9fd000-7f07ac9fe000 rw-p 00000000 00:00 0 
7f07ac9fe000-7f07ac9ff000 r--p 00025000 08:15 686772                     /lib/x86_64-linux-gnu/ld-2.23.so
7f07ac9ff000-7f07aca00000 rw-p 00026000 08:15 686772                     /lib/x86_64-linux-gnu/ld-2.23.so
7f07aca00000-7f07aca01000 rw-p 00000000 00:00 0 
7fff6e5ba000-7fff6e5db000 rw-p 00000000 00:00 0                          [stack]
7fff6e5f3000-7fff6e5f6000 r--p 00000000 00:00 0                          [vvar]
7fff6e5f6000-7fff6e5f8000 r-xp 00000000 00:00 0                          [vdso]
ffffffffff600000-ffffffffff601000 r-xp 00000000 00:00 0                  [vsyscall]

VM Arguments:
jvm_args: -Dfile.encoding=UTF-8 
java_command: n_bodies.Tester
java_class_path (initial): /media/abel/DATA/git/n_bodies/bin
Launcher Type: SUN_STANDARD

Environment Variables:
PATH=/home/abel/bin:/home/abel/.local/bin:/usr/local/sbin:/usr/local/bin:/usr/sbin:/usr/bin:/sbin:/bin:/usr/games:/usr/local/games:/snap/bin
SHELL=/bin/bash
DISPLAY=:0

Signal Handlers:
SIGSEGV: [libjvm.so+0xa69040], sa_mask[0]=11111111011111111101111111111110, sa_flags=SA_RESTART|SA_SIGINFO
SIGBUS: [libjvm.so+0xa69040], sa_mask[0]=11111111011111111101111111111110, sa_flags=SA_RESTART|SA_SIGINFO
SIGFPE: [libjvm.so+0x8b2170], sa_mask[0]=11111111011111111101111111111110, sa_flags=SA_RESTART|SA_SIGINFO
SIGPIPE: [libjvm.so+0x8b2170], sa_mask[0]=11111111011111111101111111111110, sa_flags=SA_RESTART|SA_SIGINFO
SIGXFSZ: [libjvm.so+0x8b2170], sa_mask[0]=11111111011111111101111111111110, sa_flags=SA_RESTART|SA_SIGINFO
SIGILL: [libjvm.so+0x8b2170], sa_mask[0]=11111111011111111101111111111110, sa_flags=SA_RESTART|SA_SIGINFO
SIGUSR1: SIG_DFL, sa_mask[0]=00000000000000000000000000000000, sa_flags=none
SIGUSR2: [libjvm.so+0x8b2020], sa_mask[0]=00100000000000000000000000000000, sa_flags=SA_RESTART|SA_SIGINFO
SIGHUP: [libjvm.so+0x8b24f0], sa_mask[0]=11111111011111111101111111111110, sa_flags=SA_RESTART|SA_SIGINFO
SIGINT: [libjvm.so+0x8b24f0], sa_mask[0]=11111111011111111101111111111110, sa_flags=SA_RESTART|SA_SIGINFO
SIGTERM: [libjvm.so+0x8b24f0], sa_mask[0]=11111111011111111101111111111110, sa_flags=SA_RESTART|SA_SIGINFO
SIGQUIT: [libjvm.so+0x8b24f0], sa_mask[0]=11111111011111111101111111111110, sa_flags=SA_RESTART|SA_SIGINFO


---------------  S Y S T E M  ---------------

OS:DISTRIB_ID=Ubuntu
DISTRIB_RELEASE=16.04
DISTRIB_CODENAME=xenial
DISTRIB_DESCRIPTION="Ubuntu 16.04.4 LTS"

uname:Linux 4.13.0-37-generic #42~16.04.1-Ubuntu SMP Wed Mar 7 16:03:28 UTC 2018 x86_64
libc:glibc 2.23 NPTL 2.23 
rlimit: STACK 8192k, CORE 0k, NPROC 14950, NOFILE 1048576, AS infinity
load average:1,89 3,81 7,95

/proc/meminfo:
MemTotal:        3933672 kB
MemFree:          125744 kB
MemAvailable:      45876 kB
Buffers:            1208 kB
Cached:           175168 kB
SwapCached:        21916 kB
Active:          2964332 kB
Inactive:         616180 kB
Active(anon):    2936844 kB
Inactive(anon):   588812 kB
Active(file):      27488 kB
Inactive(file):    27368 kB
Unevictable:          48 kB
Mlocked:              48 kB
SwapTotal:       4088828 kB
SwapFree:              0 kB
Dirty:               456 kB
Writeback:             0 kB
AnonPages:       3382612 kB
Mapped:            93844 kB
Shmem:            121384 kB
Slab:              81856 kB
SReclaimable:      34480 kB
SUnreclaim:        47376 kB
KernelStack:       18272 kB
PageTables:        55348 kB
NFS_Unstable:          0 kB
Bounce:                0 kB
WritebackTmp:          0 kB
CommitLimit:     6055664 kB
Committed_AS:   15369676 kB
VmallocTotal:   34359738367 kB
VmallocUsed:           0 kB
VmallocChunk:          0 kB
HardwareCorrupted:     0 kB
AnonHugePages:         0 kB
ShmemHugePages:        0 kB
ShmemPmdMapped:        0 kB
CmaTotal:              0 kB
CmaFree:               0 kB
HugePages_Total:       0
HugePages_Free:        0
HugePages_Rsvd:        0
HugePages_Surp:        0
Hugepagesize:       2048 kB
DirectMap4k:      203252 kB
DirectMap2M:     3885056 kB
DirectMap1G:     1048576 kB


CPU:total 4 (initial active 4) (4 cores per cpu, 1 threads per core) family 6 model 94 stepping 3, cmov, cx8, fxsr, mmx, sse, sse2, sse3, ssse3, sse4.1, sse4.2, popcnt, avx, avx2, aes, clmul, erms, rtm, 3dnowpref, lzcnt, tsc, tscinvbit, bmi1, bmi2, adx

/proc/cpuinfo:
processor	: 0
vendor_id	: GenuineIntel
cpu family	: 6
model		: 94
model name	: Intel(R) Core(TM) i5-6300HQ CPU @ 2.30GHz
stepping	: 3
microcode	: 0x74
cpu MHz		: 2300.000
cache size	: 6144 KB
physical id	: 0
siblings	: 4
core id		: 0
cpu cores	: 4
apicid		: 0
initial apicid	: 0
fpu		: yes
fpu_exception	: yes
cpuid level	: 22
wp		: yes
flags		: fpu vme de pse tsc msr pae mce cx8 apic sep mtrr pge mca cmov pat pse36 clflush dts acpi mmx fxsr sse sse2 ss ht tm pbe syscall nx pdpe1gb rdtscp lm constant_tsc art arch_perfmon pebs bts rep_good nopl xtopology nonstop_tsc cpuid aperfmperf tsc_known_freq pni pclmulqdq dtes64 monitor ds_cpl vmx est tm2 ssse3 sdbg fma cx16 xtpr pdcm pcid sse4_1 sse4_2 x2apic movbe popcnt aes xsave avx f16c rdrand lahf_lm abm 3dnowprefetch cpuid_fault epb invpcid_single pti retpoline intel_pt rsb_ctxsw tpr_shadow vnmi flexpriority ept vpid fsgsbase tsc_adjust bmi1 hle avx2 smep bmi2 erms invpcid rtm mpx rdseed adx smap clflushopt xsaveopt xsavec xgetbv1 xsaves dtherm ida arat pln pts hwp hwp_notify hwp_act_window hwp_epp
bugs		: cpu_meltdown spectre_v1 spectre_v2
bogomips	: 4608.00
clflush size	: 64
cache_alignment	: 64
address sizes	: 39 bits physical, 48 bits virtual
power management:

processor	: 1
vendor_id	: GenuineIntel
cpu family	: 6
model		: 94
model name	: Intel(R) Core(TM) i5-6300HQ CPU @ 2.30GHz
stepping	: 3
microcode	: 0x74
cpu MHz		: 2300.000
cache size	: 6144 KB
physical id	: 0
siblings	: 4
core id		: 1
cpu cores	: 4
apicid		: 2
initial apicid	: 2
fpu		: yes
fpu_exception	: yes
cpuid level	: 22
wp		: yes
flags		: fpu vme de pse tsc msr pae mce cx8 apic sep mtrr pge mca cmov pat pse36 clflush dts acpi mmx fxsr sse sse2 ss ht tm pbe syscall nx pdpe1gb rdtscp lm constant_tsc art arch_perfmon pebs bts rep_good nopl xtopology nonstop_tsc cpuid aperfmperf tsc_known_freq pni pclmulqdq dtes64 monitor ds_cpl vmx est tm2 ssse3 sdbg fma cx16 xtpr pdcm pcid sse4_1 sse4_2 x2apic movbe popcnt aes xsave avx f16c rdrand lahf_lm abm 3dnowprefetch cpuid_fault epb invpcid_single pti retpoline intel_pt rsb_ctxsw tpr_shadow vnmi flexpriority ept vpid fsgsbase tsc_adjust bmi1 hle avx2 smep bmi2 erms invpcid rtm mpx rdseed adx smap clflushopt xsaveopt xsavec xgetbv1 xsaves dtherm ida arat pln pts hwp hwp_notify hwp_act_window hwp_epp
bugs		: cpu_meltdown spectre_v1 spectre_v2
bogomips	: 4608.00
clflush size	: 64
cache_alignment	: 64
address sizes	: 39 bits physical, 48 bits virtual
power management:

processor	: 2
vendor_id	: GenuineIntel
cpu family	: 6
model		: 94
model name	: Intel(R) Core(TM) i5-6300HQ CPU @ 2.30GHz
stepping	: 3
microcode	: 0x74
cpu MHz		: 2300.000
cache size	: 6144 KB
physical id	: 0
siblings	: 4
core id		: 2
cpu cores	: 4
apicid		: 4
initial apicid	: 4
fpu		: yes
fpu_exception	: yes
cpuid level	: 22
wp		: yes
flags		: fpu vme de pse tsc msr pae mce cx8 apic sep mtrr pge mca cmov pat pse36 clflush dts acpi mmx fxsr sse sse2 ss ht tm pbe syscall nx pdpe1gb rdtscp lm constant_tsc art arch_perfmon pebs bts rep_good nopl xtopology nonstop_tsc cpuid aperfmperf tsc_known_freq pni pclmulqdq dtes64 monitor ds_cpl vmx est tm2 ssse3 sdbg fma cx16 xtpr pdcm pcid sse4_1 sse4_2 x2apic movbe popcnt aes xsave avx f16c rdrand lahf_lm abm 3dnowprefetch cpuid_fault epb invpcid_single pti retpoline intel_pt rsb_ctxsw tpr_shadow vnmi flexpriority ept vpid fsgsbase tsc_adjust bmi1 hle avx2 smep bmi2 erms invpcid rtm mpx rdseed adx smap clflushopt xsaveopt xsavec xgetbv1 xsaves dtherm ida arat pln pts hwp hwp_notify hwp_act_window hwp_epp
bugs		: cpu_meltdown spectre_v1 spectre_v2
bogomips	: 4608.00
clflush size	: 64
cache_alignment	: 64
address sizes	: 39 bits physical, 48 bits virtual
power management:

processor	: 3
vendor_id	: GenuineIntel
cpu family	: 6
model		: 94
model name	: Intel(R) Core(TM) i5-6300HQ CPU @ 2.30GHz
stepping	: 3
microcode	: 0x74
cpu MHz		: 2300.000
cache size	: 6144 KB
physical id	: 0
siblings	: 4
core id		: 3
cpu cores	: 4
apicid		: 6
initial apicid	: 6
fpu		: yes
fpu_exception	: yes
cpuid level	: 22
wp		: yes
flags		: fpu vme de pse tsc msr pae mce cx8 apic sep mtrr pge mca cmov pat pse36 clflush dts acpi mmx fxsr sse sse2 ss ht tm pbe syscall nx pdpe1gb rdtscp lm constant_tsc art arch_perfmon pebs bts rep_good nopl xtopology nonstop_tsc cpuid aperfmperf tsc_known_freq pni pclmulqdq dtes64 monitor ds_cpl vmx est tm2 ssse3 sdbg fma cx16 xtpr pdcm pcid sse4_1 sse4_2 x2apic movbe popcnt aes xsave avx f16c rdrand lahf_lm abm 3dnowprefetch cpuid_fault epb invpcid_single pti retpoline intel_pt rsb_ctxsw tpr_shadow vnmi flexpriority ept vpid fsgsbase tsc_adjust bmi1 hle avx2 smep bmi2 erms invpcid rtm mpx rdseed adx smap clflushopt xsaveopt xsavec xgetbv1 xsaves dtherm ida arat pln pts hwp hwp_notify hwp_act_window hwp_epp
bugs		: cpu_meltdown spectre_v1 spectre_v2
bogomips	: 4608.00
clflush size	: 64
cache_alignment	: 64
address sizes	: 39 bits physical, 48 bits virtual
power management:



Memory: 4k page, physical 3933672k(125372k free), swap 4088828k(0k free)

vm_info: OpenJDK 64-Bit Server VM (25.151-b12) for linux-amd64 JRE (1.8.0_151-8u151-b12-0ubuntu0.16.04.2-b12), built on Oct 27 2017 21:59:02 by "buildd" with gcc 5.4.0 20160609

time: Fri Mar 30 10:54:04 2018
elapsed time: 20 seconds (0d 0h 0m 20s)

