#
# There is insufficient memory for the Java Runtime Environment to continue.
# Native memory allocation (mmap) failed to map 16252928 bytes for committing reserved memory.
# Possible reasons:
#   The system is out of physical RAM or swap space
#   In 32 bit mode, the process size limit was hit
# Possible solutions:
#   Reduce memory load on the system
#   Increase physical memory or swap space
#   Check if swap backing store is full
#   Use 64 bit Java on a 64 bit OS
#   Decrease Java heap size (-Xmx/-Xms)
#   Decrease number of Java threads
#   Decrease Java thread stack sizes (-Xss)
#   Set larger code cache with -XX:ReservedCodeCacheSize=
# This output file may be truncated or incomplete.
#
#  Out of Memory Error (os_linux.cpp:2643), pid=15859, tid=0x00007f2df9212700
#
# JRE version: OpenJDK Runtime Environment (8.0_151-b12) (build 1.8.0_151-8u151-b12-0ubuntu0.16.04.2-b12)
# Java VM: OpenJDK 64-Bit Server VM (25.151-b12 mixed mode linux-amd64 compressed oops)
# Failed to write core dump. Core dumps have been disabled. To enable core dumping, try "ulimit -c unlimited" before starting Java again
#

---------------  T H R E A D  ---------------

Current thread (0x00007f2e10077000):  VMThread [stack: 0x00007f2df9112000,0x00007f2df9213000] [id=15869]

Stack: [0x00007f2df9112000,0x00007f2df9213000],  sp=0x00007f2df92114c0,  free space=1021k
Native frames: (J=compiled Java code, j=interpreted, Vv=VM code, C=native code)
V  [libjvm.so+0xa684eb]
V  [libjvm.so+0x4c579c]
V  [libjvm.so+0x8b6b50]
V  [libjvm.so+0x8b0fce]
V  [libjvm.so+0x92b806]
V  [libjvm.so+0x92cb33]
V  [libjvm.so+0x9291fb]
V  [libjvm.so+0x9294ac]
V  [libjvm.so+0x8db3c3]
V  [libjvm.so+0xa6a192]
V  [libjvm.so+0xa6f277]
V  [libjvm.so+0xa6ca47]
V  [libjvm.so+0xa6decf]
V  [libjvm.so+0xa6e3c1]
V  [libjvm.so+0x8b4032]

VM_Operation (0x00007f2df852a4a0): ParallelGCFailedAllocation, mode: safepoint, requested by thread 0x00007f2e10164800


---------------  P R O C E S S  ---------------

Java Threads: ( => current thread )
  0x00007f2e10164800 JavaThread "Thread-0" [_thread_blocked, id=15879, stack(0x00007f2df842b000,0x00007f2df852c000)]
  0x00007f2e10161800 JavaThread "Thread-1" [_thread_blocked, id=15878, stack(0x00007f2df852c000,0x00007f2df862d000)]
  0x00007f2e100d9800 JavaThread "Service Thread" daemon [_thread_blocked, id=15876, stack(0x00007f2df872e000,0x00007f2df882f000)]
  0x00007f2e100b2000 JavaThread "C1 CompilerThread2" daemon [_thread_blocked, id=15875, stack(0x00007f2df882f000,0x00007f2df8930000)]
  0x00007f2e100b0800 JavaThread "C2 CompilerThread1" daemon [_thread_blocked, id=15874, stack(0x00007f2df8930000,0x00007f2df8a31000)]
  0x00007f2e100ad800 JavaThread "C2 CompilerThread0" daemon [_thread_blocked, id=15873, stack(0x00007f2df8a31000,0x00007f2df8b32000)]
  0x00007f2e100ab800 JavaThread "Signal Dispatcher" daemon [_thread_blocked, id=15872, stack(0x00007f2df8b32000,0x00007f2df8c33000)]
  0x00007f2e10083800 JavaThread "Finalizer" daemon [_thread_blocked, id=15871, stack(0x00007f2df8f10000,0x00007f2df9011000)]
  0x00007f2e1007f000 JavaThread "Reference Handler" daemon [_thread_blocked, id=15870, stack(0x00007f2df9011000,0x00007f2df9112000)]
  0x00007f2e1000a000 JavaThread "main" [_thread_blocked, id=15864, stack(0x00007f2e17cc1000,0x00007f2e17dc2000)]

Other Threads:
=>0x00007f2e10077000 VMThread [stack: 0x00007f2df9112000,0x00007f2df9213000] [id=15869]
  0x00007f2e100ec000 WatcherThread [stack: 0x00007f2df862d000,0x00007f2df872e000] [id=15877]

VM state:at safepoint (normal execution)

VM Mutex/Monitor currently owned by a thread:  ([mutex/lock_event])
[0x00007f2e10006140] Threads_lock - owner thread: 0x00007f2e10077000
[0x00007f2e10006640] Heap_lock - owner thread: 0x00007f2e10164800

Heap:
 PSYoungGen      total 18432K, used 2528K [0x00000000ebf80000, 0x00000000ed400000, 0x0000000100000000)
  eden space 15872K, 0% used [0x00000000ebf80000,0x00000000ebf80000,0x00000000ecf00000)
  from space 2560K, 98% used [0x00000000ecf00000,0x00000000ed178020,0x00000000ed180000)
  to   space 2560K, 0% used [0x00000000ed180000,0x00000000ed180000,0x00000000ed400000)
 ParOldGen       total 42496K, used 336K [0x00000000c3e00000, 0x00000000c6780000, 0x00000000ebf80000)
  object space 42496K, 0% used [0x00000000c3e00000,0x00000000c3e54000,0x00000000c6780000)
 Metaspace       used 2701K, capacity 4600K, committed 4864K, reserved 1056768K
  class space    used 288K, capacity 424K, committed 512K, reserved 1048576K

Card table byte_map: [0x00007f2e14197000,0x00007f2e14379000] byte_map_base: 0x00007f2e13b78000

Marking Bits: (ParMarkBitMap*) 0x00007f2e16f8c2c0
 Begin Bits: [0x00007f2dfa1f0000, 0x00007f2dfb0f8000)
 End Bits:   [0x00007f2dfb0f8000, 0x00007f2dfc000000)

Polling page: 0x00007f2e17de0000

CodeCache: size=245760Kb used=1297Kb max_used=1318Kb free=244462Kb
 bounds [0x00007f2e01000000, 0x00007f2e01270000, 0x00007f2e10000000]
 total_blobs=306 nmethods=68 adapters=154
 compilation: enabled

Compilation events (10 events):
Event: 0,699 Thread 0x00007f2e100b2000   70 % !   3       lockfree.ProcessingNode::detectCollisions @ 82 (788 bytes)
Event: 0,703 Thread 0x00007f2e100b2000 nmethod 70% 0x00007f2e0112bfd0 code [0x00007f2e0112c5a0, 0x00007f2e01130068]
Event: 0,703 Thread 0x00007f2e100b2000   72 % !   3       lockfree.ProcessingNode::detectCollisions @ 420 (788 bytes)
Event: 0,707 Thread 0x00007f2e100b2000 nmethod 72% 0x00007f2e01133fd0 code [0x00007f2e011345c0, 0x00007f2e01138168]
Event: 0,707 Thread 0x00007f2e100b2000   74   !   3       lockfree.ProcessingNode::detectCollisions (788 bytes)
Event: 0,710 Thread 0x00007f2e100b2000 nmethod 74 0x00007f2e0113f490 code [0x00007f2e0113fa20, 0x00007f2e011431c8]
Event: 0,713 Thread 0x00007f2e100b0800 nmethod 44 0x00007f2e011499d0 code [0x00007f2e01149b20, 0x00007f2e01149b78]
Event: 0,713 Thread 0x00007f2e100ad800 nmethod 48 0x00007f2e0113dc50 code [0x00007f2e0113dda0, 0x00007f2e0113de98]
Event: 0,713 Thread 0x00007f2e100b0800   69       4       etc.Body::<init> (125 bytes)
Event: 0,713 Thread 0x00007f2e100ad800   77 % !   4       lockfree.ProcessingNode::detectCollisions @ 82 (788 bytes)

GC Heap History (1 events):
Event: 0,719 GC heap before
{Heap before GC invocations=1 (full 0):
 PSYoungGen      total 18432K, used 15872K [0x00000000ebf80000, 0x00000000ed400000, 0x0000000100000000)
  eden space 15872K, 100% used [0x00000000ebf80000,0x00000000ecf00000,0x00000000ecf00000)
  from space 2560K, 0% used [0x00000000ed180000,0x00000000ed180000,0x00000000ed400000)
  to   space 2560K, 0% used [0x00000000ecf00000,0x00000000ecf00000,0x00000000ed180000)
 ParOldGen       total 42496K, used 0K [0x00000000c3e00000, 0x00000000c6780000, 0x00000000ebf80000)
  object space 42496K, 0% used [0x00000000c3e00000,0x00000000c3e00000,0x00000000c6780000)
 Metaspace       used 2701K, capacity 4600K, committed 4864K, reserved 1056768K
  class space    used 288K, capacity 424K, committed 512K, reserved 1048576K

Deoptimization events (0 events):
No events

Internal exceptions (2 events):
Event: 0,212 Thread 0x00007f2e1000a000 Exception <a 'java/lang/NoSuchMethodError': Method sun.misc.Unsafe.defineClass(Ljava/lang/String;[BII)Ljava/lang/Class; name or signature does not match> (0x00000000ebf87ca8) thrown at [/build/openjdk-8-W2Qe27/openjdk-8-8u151-b12/src/hotspot/src/share/vm/
Event: 0,212 Thread 0x00007f2e1000a000 Exception <a 'java/lang/NoSuchMethodError': Method sun.misc.Unsafe.prefetchRead(Ljava/lang/Object;J)V name or signature does not match> (0x00000000ebf87f90) thrown at [/build/openjdk-8-W2Qe27/openjdk-8-8u151-b12/src/hotspot/src/share/vm/prims/jni.cpp, lin

Events (10 events):
Event: 0,653 loading class java/lang/AssertionError done
Event: 0,654 loading class lockfree/NegligibleNode
Event: 0,654 loading class lockfree/NegligibleNode done
Event: 0,663 Thread 0x00007f2e10161800 Thread added: 0x00007f2e10161800
Event: 0,663 Thread 0x00007f2e10164800 Thread added: 0x00007f2e10164800
Event: 0,703 loading class java/lang/Math$RandomNumberGeneratorHolder
Event: 0,704 loading class java/lang/Math$RandomNumberGeneratorHolder done
Event: 0,704 loading class java/util/Random
Event: 0,708 loading class java/util/Random done
Event: 0,713 Executing VM operation: ParallelGCFailedAllocation


Dynamic libraries:
00400000-00401000 r-xp 00000000 08:15 3097                               /usr/lib/jvm/java-8-openjdk-amd64/jre/bin/java
00600000-00601000 r--p 00000000 08:15 3097                               /usr/lib/jvm/java-8-openjdk-amd64/jre/bin/java
00601000-00602000 rw-p 00001000 08:15 3097                               /usr/lib/jvm/java-8-openjdk-amd64/jre/bin/java
0223d000-0225e000 rw-p 00000000 00:00 0                                  [heap]
c3e00000-c6780000 rw-p 00000000 00:00 0 
c6780000-ebf80000 ---p 00000000 00:00 0 
ebf80000-ed400000 rw-p 00000000 00:00 0 
ee380000-100000000 ---p 00000000 00:00 0 
100000000-100080000 rw-p 00000000 00:00 0 
100080000-140000000 ---p 00000000 00:00 0 
7f2dbc000000-7f2dbc021000 rw-p 00000000 00:00 0 
7f2dbc021000-7f2dc0000000 ---p 00000000 00:00 0 
7f2dc0000000-7f2dc0021000 rw-p 00000000 00:00 0 
7f2dc0021000-7f2dc4000000 ---p 00000000 00:00 0 
7f2dc4000000-7f2dc4021000 rw-p 00000000 00:00 0 
7f2dc4021000-7f2dc8000000 ---p 00000000 00:00 0 
7f2dc8000000-7f2dc8021000 rw-p 00000000 00:00 0 
7f2dc8021000-7f2dcc000000 ---p 00000000 00:00 0 
7f2dcc000000-7f2dcc021000 rw-p 00000000 00:00 0 
7f2dcc021000-7f2dd0000000 ---p 00000000 00:00 0 
7f2dd0000000-7f2dd01ac000 rw-p 00000000 00:00 0 
7f2dd01ac000-7f2dd4000000 ---p 00000000 00:00 0 
7f2dd4000000-7f2dd4021000 rw-p 00000000 00:00 0 
7f2dd4021000-7f2dd8000000 ---p 00000000 00:00 0 
7f2dd8000000-7f2dd8031000 rw-p 00000000 00:00 0 
7f2dd8031000-7f2ddc000000 ---p 00000000 00:00 0 
7f2ddc000000-7f2ddc021000 rw-p 00000000 00:00 0 
7f2ddc021000-7f2de0000000 ---p 00000000 00:00 0 
7f2de0000000-7f2de0021000 rw-p 00000000 00:00 0 
7f2de0021000-7f2de4000000 ---p 00000000 00:00 0 
7f2de4000000-7f2de4021000 rw-p 00000000 00:00 0 
7f2de4021000-7f2de8000000 ---p 00000000 00:00 0 
7f2de8000000-7f2de8021000 rw-p 00000000 00:00 0 
7f2de8021000-7f2dec000000 ---p 00000000 00:00 0 
7f2dec000000-7f2dec021000 rw-p 00000000 00:00 0 
7f2dec021000-7f2df0000000 ---p 00000000 00:00 0 
7f2df4000000-7f2df4021000 rw-p 00000000 00:00 0 
7f2df4021000-7f2df8000000 ---p 00000000 00:00 0 
7f2df8405000-7f2df842b000 r--p 00000000 08:15 303318                     /usr/share/locale-langpack/fr/LC_MESSAGES/libc.mo
7f2df842b000-7f2df842e000 ---p 00000000 00:00 0 
7f2df842e000-7f2df852c000 rw-p 00000000 00:00 0 
7f2df852c000-7f2df852f000 ---p 00000000 00:00 0 
7f2df852f000-7f2df862d000 rw-p 00000000 00:00 0 
7f2df862d000-7f2df862e000 ---p 00000000 00:00 0 
7f2df862e000-7f2df872e000 rw-p 00000000 00:00 0 
7f2df872e000-7f2df8731000 ---p 00000000 00:00 0 
7f2df8731000-7f2df882f000 rw-p 00000000 00:00 0 
7f2df882f000-7f2df8832000 ---p 00000000 00:00 0 
7f2df8832000-7f2df8930000 rw-p 00000000 00:00 0 
7f2df8930000-7f2df8933000 ---p 00000000 00:00 0 
7f2df8933000-7f2df8a31000 rw-p 00000000 00:00 0 
7f2df8a31000-7f2df8a34000 ---p 00000000 00:00 0 
7f2df8a34000-7f2df8b32000 rw-p 00000000 00:00 0 
7f2df8b32000-7f2df8b35000 ---p 00000000 00:00 0 
7f2df8b35000-7f2df8c33000 rw-p 00000000 00:00 0 
7f2df8c33000-7f2df8f10000 r--p 00000000 08:15 43552                      /usr/lib/locale/locale-archive
7f2df8f10000-7f2df8f13000 ---p 00000000 00:00 0 
7f2df8f13000-7f2df9011000 rw-p 00000000 00:00 0 
7f2df9011000-7f2df9014000 ---p 00000000 00:00 0 
7f2df9014000-7f2df9112000 rw-p 00000000 00:00 0 
7f2df9112000-7f2df9113000 ---p 00000000 00:00 0 
7f2df9113000-7f2dfa021000 rw-p 00000000 00:00 0 
7f2dfa021000-7f2dfa1f0000 r--s 03c21000 08:15 3014                       /usr/lib/jvm/java-8-openjdk-amd64/jre/lib/rt.jar
7f2dfa1f0000-7f2dfc000000 rw-p 00000000 00:00 0 
7f2dfc000000-7f2dfc021000 rw-p 00000000 00:00 0 
7f2dfc021000-7f2e00000000 ---p 00000000 00:00 0 
7f2e00004000-7f2e0000b000 r--s 00000000 08:15 168082                     /usr/lib/x86_64-linux-gnu/gconv/gconv-modules.cache
7f2e0000b000-7f2e00026000 r--s 001d6000 08:15 3021                       /usr/lib/jvm/java-8-openjdk-amd64/jre/lib/ext/nashorn.jar
7f2e00026000-7f2e00041000 r--s 00394000 08:15 3019                       /usr/lib/jvm/java-8-openjdk-amd64/jre/lib/ext/cldrdata.jar
7f2e00041000-7f2e0065b000 rw-p 00000000 00:00 0 
7f2e0065b000-7f2e00a1b000 ---p 00000000 00:00 0 
7f2e00a1b000-7f2e00bfc000 rw-p 00000000 00:00 0 
7f2e00bfc000-7f2e00bfd000 ---p 00000000 00:00 0 
7f2e00bfd000-7f2e00cfd000 rw-p 00000000 00:00 0 
7f2e00cfd000-7f2e00cfe000 ---p 00000000 00:00 0 
7f2e00cfe000-7f2e00dfe000 rw-p 00000000 00:00 0 
7f2e00dfe000-7f2e00dff000 ---p 00000000 00:00 0 
7f2e00dff000-7f2e00eff000 rw-p 00000000 00:00 0 
7f2e00eff000-7f2e00f00000 ---p 00000000 00:00 0 
7f2e00f00000-7f2e01000000 rw-p 00000000 00:00 0 
7f2e01000000-7f2e01270000 rwxp 00000000 00:00 0 
7f2e01270000-7f2e10000000 ---p 00000000 00:00 0 
7f2e10000000-7f2e10167000 rw-p 00000000 00:00 0 
7f2e10167000-7f2e14000000 ---p 00000000 00:00 0 
7f2e14002000-7f2e14006000 r--s 00037000 08:15 3025                       /usr/lib/jvm/java-8-openjdk-amd64/jre/lib/ext/sunpkcs11.jar
7f2e14006000-7f2e14008000 r--s 00001000 08:15 3027                       /usr/lib/jvm/java-8-openjdk-amd64/jre/lib/ext/dnsns.jar
7f2e14008000-7f2e1406b000 rw-p 00000000 00:00 0 
7f2e1406b000-7f2e14197000 ---p 00000000 00:00 0 
7f2e14197000-7f2e141ac000 rw-p 00000000 00:00 0 
7f2e141ac000-7f2e142d7000 ---p 00000000 00:00 0 
7f2e142d7000-7f2e142e2000 rw-p 00000000 00:00 0 
7f2e142e2000-7f2e14378000 ---p 00000000 00:00 0 
7f2e14378000-7f2e14383000 rw-p 00000000 00:00 0 
7f2e14383000-7f2e14739000 ---p 00000000 00:00 0 
7f2e14739000-7f2e14741000 r-xp 00000000 08:15 3065                       /usr/lib/jvm/java-8-openjdk-amd64/jre/lib/amd64/libzip.so
7f2e14741000-7f2e14940000 ---p 00008000 08:15 3065                       /usr/lib/jvm/java-8-openjdk-amd64/jre/lib/amd64/libzip.so
7f2e14940000-7f2e14941000 r--p 00007000 08:15 3065                       /usr/lib/jvm/java-8-openjdk-amd64/jre/lib/amd64/libzip.so
7f2e14941000-7f2e14942000 rw-p 00008000 08:15 3065                       /usr/lib/jvm/java-8-openjdk-amd64/jre/lib/amd64/libzip.so
7f2e14942000-7f2e1494d000 r-xp 00000000 08:15 686787                     /lib/x86_64-linux-gnu/libnss_files-2.23.so
7f2e1494d000-7f2e14b4c000 ---p 0000b000 08:15 686787                     /lib/x86_64-linux-gnu/libnss_files-2.23.so
7f2e14b4c000-7f2e14b4d000 r--p 0000a000 08:15 686787                     /lib/x86_64-linux-gnu/libnss_files-2.23.so
7f2e14b4d000-7f2e14b4e000 rw-p 0000b000 08:15 686787                     /lib/x86_64-linux-gnu/libnss_files-2.23.so
7f2e14b4e000-7f2e14b54000 rw-p 00000000 00:00 0 
7f2e14b54000-7f2e14b5f000 r-xp 00000000 08:15 686791                     /lib/x86_64-linux-gnu/libnss_nis-2.23.so
7f2e14b5f000-7f2e14d5e000 ---p 0000b000 08:15 686791                     /lib/x86_64-linux-gnu/libnss_nis-2.23.so
7f2e14d5e000-7f2e14d5f000 r--p 0000a000 08:15 686791                     /lib/x86_64-linux-gnu/libnss_nis-2.23.so
7f2e14d5f000-7f2e14d60000 rw-p 0000b000 08:15 686791                     /lib/x86_64-linux-gnu/libnss_nis-2.23.so
7f2e14d60000-7f2e14d76000 r-xp 00000000 08:15 686771                     /lib/x86_64-linux-gnu/libnsl-2.23.so
7f2e14d76000-7f2e14f75000 ---p 00016000 08:15 686771                     /lib/x86_64-linux-gnu/libnsl-2.23.so
7f2e14f75000-7f2e14f76000 r--p 00015000 08:15 686771                     /lib/x86_64-linux-gnu/libnsl-2.23.so
7f2e14f76000-7f2e14f77000 rw-p 00016000 08:15 686771                     /lib/x86_64-linux-gnu/libnsl-2.23.so
7f2e14f77000-7f2e14f79000 rw-p 00000000 00:00 0 
7f2e14f79000-7f2e14f81000 r-xp 00000000 08:15 686782                     /lib/x86_64-linux-gnu/libnss_compat-2.23.so
7f2e14f81000-7f2e15180000 ---p 00008000 08:15 686782                     /lib/x86_64-linux-gnu/libnss_compat-2.23.so
7f2e15180000-7f2e15181000 r--p 00007000 08:15 686782                     /lib/x86_64-linux-gnu/libnss_compat-2.23.so
7f2e15181000-7f2e15182000 rw-p 00008000 08:15 686782                     /lib/x86_64-linux-gnu/libnss_compat-2.23.so
7f2e15182000-7f2e151af000 r-xp 00000000 08:15 3046                       /usr/lib/jvm/java-8-openjdk-amd64/jre/lib/amd64/libjava.so
7f2e151af000-7f2e153ae000 ---p 0002d000 08:15 3046                       /usr/lib/jvm/java-8-openjdk-amd64/jre/lib/amd64/libjava.so
7f2e153ae000-7f2e153af000 r--p 0002c000 08:15 3046                       /usr/lib/jvm/java-8-openjdk-amd64/jre/lib/amd64/libjava.so
7f2e153af000-7f2e153b1000 rw-p 0002d000 08:15 3046                       /usr/lib/jvm/java-8-openjdk-amd64/jre/lib/amd64/libjava.so
7f2e153b1000-7f2e153c0000 r-xp 00000000 08:15 3063                       /usr/lib/jvm/java-8-openjdk-amd64/jre/lib/amd64/libverify.so
7f2e153c0000-7f2e155bf000 ---p 0000f000 08:15 3063                       /usr/lib/jvm/java-8-openjdk-amd64/jre/lib/amd64/libverify.so
7f2e155bf000-7f2e155c1000 r--p 0000e000 08:15 3063                       /usr/lib/jvm/java-8-openjdk-amd64/jre/lib/amd64/libverify.so
7f2e155c1000-7f2e155c2000 rw-p 00010000 08:15 3063                       /usr/lib/jvm/java-8-openjdk-amd64/jre/lib/amd64/libverify.so
7f2e155c2000-7f2e155c9000 r-xp 00000000 08:15 686792                     /lib/x86_64-linux-gnu/librt-2.23.so
7f2e155c9000-7f2e157c8000 ---p 00007000 08:15 686792                     /lib/x86_64-linux-gnu/librt-2.23.so
7f2e157c8000-7f2e157c9000 r--p 00006000 08:15 686792                     /lib/x86_64-linux-gnu/librt-2.23.so
7f2e157c9000-7f2e157ca000 rw-p 00007000 08:15 686792                     /lib/x86_64-linux-gnu/librt-2.23.so
7f2e157ca000-7f2e157e0000 r-xp 00000000 08:15 660206                     /lib/x86_64-linux-gnu/libgcc_s.so.1
7f2e157e0000-7f2e159df000 ---p 00016000 08:15 660206                     /lib/x86_64-linux-gnu/libgcc_s.so.1
7f2e159df000-7f2e159e0000 rw-p 00015000 08:15 660206                     /lib/x86_64-linux-gnu/libgcc_s.so.1
7f2e159e0000-7f2e15ae8000 r-xp 00000000 08:15 686770                     /lib/x86_64-linux-gnu/libm-2.23.so
7f2e15ae8000-7f2e15ce7000 ---p 00108000 08:15 686770                     /lib/x86_64-linux-gnu/libm-2.23.so
7f2e15ce7000-7f2e15ce8000 r--p 00107000 08:15 686770                     /lib/x86_64-linux-gnu/libm-2.23.so
7f2e15ce8000-7f2e15ce9000 rw-p 00108000 08:15 686770                     /lib/x86_64-linux-gnu/libm-2.23.so
7f2e15ce9000-7f2e15e5b000 r-xp 00000000 08:15 2088                       /usr/lib/x86_64-linux-gnu/libstdc++.so.6.0.21
7f2e15e5b000-7f2e1605b000 ---p 00172000 08:15 2088                       /usr/lib/x86_64-linux-gnu/libstdc++.so.6.0.21
7f2e1605b000-7f2e16065000 r--p 00172000 08:15 2088                       /usr/lib/x86_64-linux-gnu/libstdc++.so.6.0.21
7f2e16065000-7f2e16067000 rw-p 0017c000 08:15 2088                       /usr/lib/x86_64-linux-gnu/libstdc++.so.6.0.21
7f2e16067000-7f2e1606b000 rw-p 00000000 00:00 0 
7f2e1606b000-7f2e16cbd000 r-xp 00000000 08:15 3057                       /usr/lib/jvm/java-8-openjdk-amd64/jre/lib/amd64/server/libjvm.so
7f2e16cbd000-7f2e16ebd000 ---p 00c52000 08:15 3057                       /usr/lib/jvm/java-8-openjdk-amd64/jre/lib/amd64/server/libjvm.so
7f2e16ebd000-7f2e16f50000 r--p 00c52000 08:15 3057                       /usr/lib/jvm/java-8-openjdk-amd64/jre/lib/amd64/server/libjvm.so
7f2e16f50000-7f2e16f79000 rw-p 00ce5000 08:15 3057                       /usr/lib/jvm/java-8-openjdk-amd64/jre/lib/amd64/server/libjvm.so
7f2e16f79000-7f2e16fa9000 rw-p 00000000 00:00 0 
7f2e16fa9000-7f2e16fc1000 r-xp 00000000 08:15 686773                     /lib/x86_64-linux-gnu/libpthread-2.23.so
7f2e16fc1000-7f2e171c0000 ---p 00018000 08:15 686773                     /lib/x86_64-linux-gnu/libpthread-2.23.so
7f2e171c0000-7f2e171c1000 r--p 00017000 08:15 686773                     /lib/x86_64-linux-gnu/libpthread-2.23.so
7f2e171c1000-7f2e171c2000 rw-p 00018000 08:15 686773                     /lib/x86_64-linux-gnu/libpthread-2.23.so
7f2e171c2000-7f2e171c6000 rw-p 00000000 00:00 0 
7f2e171c6000-7f2e171c9000 r-xp 00000000 08:15 686776                     /lib/x86_64-linux-gnu/libdl-2.23.so
7f2e171c9000-7f2e173c8000 ---p 00003000 08:15 686776                     /lib/x86_64-linux-gnu/libdl-2.23.so
7f2e173c8000-7f2e173c9000 r--p 00002000 08:15 686776                     /lib/x86_64-linux-gnu/libdl-2.23.so
7f2e173c9000-7f2e173ca000 rw-p 00003000 08:15 686776                     /lib/x86_64-linux-gnu/libdl-2.23.so
7f2e173ca000-7f2e173e3000 r-xp 00000000 08:15 660143                     /lib/x86_64-linux-gnu/libz.so.1.2.8
7f2e173e3000-7f2e175e2000 ---p 00019000 08:15 660143                     /lib/x86_64-linux-gnu/libz.so.1.2.8
7f2e175e2000-7f2e175e3000 r--p 00018000 08:15 660143                     /lib/x86_64-linux-gnu/libz.so.1.2.8
7f2e175e3000-7f2e175e4000 rw-p 00019000 08:15 660143                     /lib/x86_64-linux-gnu/libz.so.1.2.8
7f2e175e4000-7f2e177a4000 r-xp 00000000 08:15 686774                     /lib/x86_64-linux-gnu/libc-2.23.so
7f2e177a4000-7f2e179a4000 ---p 001c0000 08:15 686774                     /lib/x86_64-linux-gnu/libc-2.23.so
7f2e179a4000-7f2e179a8000 r--p 001c0000 08:15 686774                     /lib/x86_64-linux-gnu/libc-2.23.so
7f2e179a8000-7f2e179aa000 rw-p 001c4000 08:15 686774                     /lib/x86_64-linux-gnu/libc-2.23.so
7f2e179aa000-7f2e179ae000 rw-p 00000000 00:00 0 
7f2e179ae000-7f2e179bb000 r-xp 00000000 08:15 3061                       /usr/lib/jvm/java-8-openjdk-amd64/jre/lib/amd64/jli/libjli.so
7f2e179bb000-7f2e17bbb000 ---p 0000d000 08:15 3061                       /usr/lib/jvm/java-8-openjdk-amd64/jre/lib/amd64/jli/libjli.so
7f2e17bbb000-7f2e17bbc000 r--p 0000d000 08:15 3061                       /usr/lib/jvm/java-8-openjdk-amd64/jre/lib/amd64/jli/libjli.so
7f2e17bbc000-7f2e17bbd000 rw-p 0000e000 08:15 3061                       /usr/lib/jvm/java-8-openjdk-amd64/jre/lib/amd64/jli/libjli.so
7f2e17bbd000-7f2e17be3000 r-xp 00000000 08:15 686772                     /lib/x86_64-linux-gnu/ld-2.23.so
7f2e17be3000-7f2e17be9000 r--s 0003a000 08:15 3022                       /usr/lib/jvm/java-8-openjdk-amd64/jre/lib/ext/sunjce_provider.jar
7f2e17be9000-7f2e17cc1000 rw-p 00000000 00:00 0 
7f2e17cc1000-7f2e17cc4000 ---p 00000000 00:00 0 
7f2e17cc4000-7f2e17dc6000 rw-p 00000000 00:00 0 
7f2e17dc6000-7f2e17dc8000 r--s 00008000 08:15 3023                       /usr/lib/jvm/java-8-openjdk-amd64/jre/lib/ext/sunec.jar
7f2e17dc8000-7f2e17dcb000 r--s 0000f000 08:15 3018                       /usr/lib/jvm/java-8-openjdk-amd64/jre/lib/ext/icedtea-sound.jar
7f2e17dcb000-7f2e17dcc000 r--s 0000a000 08:15 3026                       /usr/lib/jvm/java-8-openjdk-amd64/jre/lib/ext/jaccess.jar
7f2e17dcc000-7f2e17dd6000 r--s 00116000 08:15 3024                       /usr/lib/jvm/java-8-openjdk-amd64/jre/lib/ext/localedata.jar
7f2e17dd6000-7f2e17dd7000 r--s 00010000 08:15 3020                       /usr/lib/jvm/java-8-openjdk-amd64/jre/lib/ext/zipfs.jar
7f2e17dd7000-7f2e17ddf000 rw-s 00000000 08:15 399287                     /tmp/hsperfdata_abel/15859
7f2e17ddf000-7f2e17de0000 rw-p 00000000 00:00 0 
7f2e17de0000-7f2e17de1000 ---p 00000000 00:00 0 
7f2e17de1000-7f2e17de2000 rw-p 00000000 00:00 0 
7f2e17de2000-7f2e17de3000 r--p 00025000 08:15 686772                     /lib/x86_64-linux-gnu/ld-2.23.so
7f2e17de3000-7f2e17de4000 rw-p 00026000 08:15 686772                     /lib/x86_64-linux-gnu/ld-2.23.so
7f2e17de4000-7f2e17de5000 rw-p 00000000 00:00 0 
7fff815f9000-7fff8161a000 rw-p 00000000 00:00 0                          [stack]
7fff81787000-7fff8178a000 r--p 00000000 00:00 0                          [vvar]
7fff8178a000-7fff8178c000 r-xp 00000000 00:00 0                          [vdso]
ffffffffff600000-ffffffffff601000 r-xp 00000000 00:00 0                  [vsyscall]

VM Arguments:
jvm_args: -Dfile.encoding=UTF-8 
java_command: n_bodies.Tester
java_class_path (initial): /media/abel/DATA/git/n_bodies/bin
Launcher Type: SUN_STANDARD

Environment Variables:
PATH=/home/abel/bin:/home/abel/.local/bin:/usr/local/sbin:/usr/local/bin:/usr/sbin:/usr/bin:/sbin:/bin:/usr/games:/usr/local/games:/snap/bin
SHELL=/bin/bash
DISPLAY=:0

Signal Handlers:
SIGSEGV: [libjvm.so+0xa69040], sa_mask[0]=11111111011111111101111111111110, sa_flags=SA_RESTART|SA_SIGINFO
SIGBUS: [libjvm.so+0xa69040], sa_mask[0]=11111111011111111101111111111110, sa_flags=SA_RESTART|SA_SIGINFO
SIGFPE: [libjvm.so+0x8b2170], sa_mask[0]=11111111011111111101111111111110, sa_flags=SA_RESTART|SA_SIGINFO
SIGPIPE: [libjvm.so+0x8b2170], sa_mask[0]=11111111011111111101111111111110, sa_flags=SA_RESTART|SA_SIGINFO
SIGXFSZ: [libjvm.so+0x8b2170], sa_mask[0]=11111111011111111101111111111110, sa_flags=SA_RESTART|SA_SIGINFO
SIGILL: [libjvm.so+0x8b2170], sa_mask[0]=11111111011111111101111111111110, sa_flags=SA_RESTART|SA_SIGINFO
SIGUSR1: SIG_DFL, sa_mask[0]=00000000000000000000000000000000, sa_flags=none
SIGUSR2: [libjvm.so+0x8b2020], sa_mask[0]=00100000000000000000000000000000, sa_flags=SA_RESTART|SA_SIGINFO
SIGHUP: [libjvm.so+0x8b24f0], sa_mask[0]=11111111011111111101111111111110, sa_flags=SA_RESTART|SA_SIGINFO
SIGINT: [libjvm.so+0x8b24f0], sa_mask[0]=11111111011111111101111111111110, sa_flags=SA_RESTART|SA_SIGINFO
SIGTERM: [libjvm.so+0x8b24f0], sa_mask[0]=11111111011111111101111111111110, sa_flags=SA_RESTART|SA_SIGINFO
SIGQUIT: [libjvm.so+0x8b24f0], sa_mask[0]=11111111011111111101111111111110, sa_flags=SA_RESTART|SA_SIGINFO


---------------  S Y S T E M  ---------------

OS:DISTRIB_ID=Ubuntu
DISTRIB_RELEASE=16.04
DISTRIB_CODENAME=xenial
DISTRIB_DESCRIPTION="Ubuntu 16.04.4 LTS"

uname:Linux 4.13.0-37-generic #42~16.04.1-Ubuntu SMP Wed Mar 7 16:03:28 UTC 2018 x86_64
libc:glibc 2.23 NPTL 2.23 
rlimit: STACK 8192k, CORE 0k, NPROC 14950, NOFILE 1048576, AS infinity
load average:2,74 3,43 7,36

/proc/meminfo:
MemTotal:        3933672 kB
MemFree:           91332 kB
MemAvailable:          0 kB
Buffers:             328 kB
Cached:           134740 kB
SwapCached:         1220 kB
Active:          3001180 kB
Inactive:         612492 kB
Active(anon):    2994616 kB
Inactive(anon):   602256 kB
Active(file):       6564 kB
Inactive(file):    10236 kB
Unevictable:          48 kB
Mlocked:              48 kB
SwapTotal:       4088828 kB
SwapFree:              0 kB
Dirty:                36 kB
Writeback:           136 kB
AnonPages:       3477696 kB
Mapped:            50136 kB
Shmem:            118164 kB
Slab:              82412 kB
SReclaimable:      34720 kB
SUnreclaim:        47692 kB
KernelStack:       19088 kB
PageTables:        56164 kB
NFS_Unstable:          0 kB
Bounce:                0 kB
WritebackTmp:          0 kB
CommitLimit:     6055664 kB
Committed_AS:   15747452 kB
VmallocTotal:   34359738367 kB
VmallocUsed:           0 kB
VmallocChunk:          0 kB
HardwareCorrupted:     0 kB
AnonHugePages:         0 kB
ShmemHugePages:        0 kB
ShmemPmdMapped:        0 kB
CmaTotal:              0 kB
CmaFree:               0 kB
HugePages_Total:       0
HugePages_Free:        0
HugePages_Rsvd:        0
HugePages_Surp:        0
Hugepagesize:       2048 kB
DirectMap4k:      203252 kB
DirectMap2M:     3885056 kB
DirectMap1G:     1048576 kB


CPU:total 4 (initial active 4) (4 cores per cpu, 1 threads per core) family 6 model 94 stepping 3, cmov, cx8, fxsr, mmx, sse, sse2, sse3, ssse3, sse4.1, sse4.2, popcnt, avx, avx2, aes, clmul, erms, rtm, 3dnowpref, lzcnt, tsc, tscinvbit, bmi1, bmi2, adx

/proc/cpuinfo:
processor	: 0
vendor_id	: GenuineIntel
cpu family	: 6
model		: 94
model name	: Intel(R) Core(TM) i5-6300HQ CPU @ 2.30GHz
stepping	: 3
microcode	: 0x74
cpu MHz		: 2300.000
cache size	: 6144 KB
physical id	: 0
siblings	: 4
core id		: 0
cpu cores	: 4
apicid		: 0
initial apicid	: 0
fpu		: yes
fpu_exception	: yes
cpuid level	: 22
wp		: yes
flags		: fpu vme de pse tsc msr pae mce cx8 apic sep mtrr pge mca cmov pat pse36 clflush dts acpi mmx fxsr sse sse2 ss ht tm pbe syscall nx pdpe1gb rdtscp lm constant_tsc art arch_perfmon pebs bts rep_good nopl xtopology nonstop_tsc cpuid aperfmperf tsc_known_freq pni pclmulqdq dtes64 monitor ds_cpl vmx est tm2 ssse3 sdbg fma cx16 xtpr pdcm pcid sse4_1 sse4_2 x2apic movbe popcnt aes xsave avx f16c rdrand lahf_lm abm 3dnowprefetch cpuid_fault epb invpcid_single pti retpoline intel_pt rsb_ctxsw tpr_shadow vnmi flexpriority ept vpid fsgsbase tsc_adjust bmi1 hle avx2 smep bmi2 erms invpcid rtm mpx rdseed adx smap clflushopt xsaveopt xsavec xgetbv1 xsaves dtherm ida arat pln pts hwp hwp_notify hwp_act_window hwp_epp
bugs		: cpu_meltdown spectre_v1 spectre_v2
bogomips	: 4608.00
clflush size	: 64
cache_alignment	: 64
address sizes	: 39 bits physical, 48 bits virtual
power management:

processor	: 1
vendor_id	: GenuineIntel
cpu family	: 6
model		: 94
model name	: Intel(R) Core(TM) i5-6300HQ CPU @ 2.30GHz
stepping	: 3
microcode	: 0x74
cpu MHz		: 2300.000
cache size	: 6144 KB
physical id	: 0
siblings	: 4
core id		: 1
cpu cores	: 4
apicid		: 2
initial apicid	: 2
fpu		: yes
fpu_exception	: yes
cpuid level	: 22
wp		: yes
flags		: fpu vme de pse tsc msr pae mce cx8 apic sep mtrr pge mca cmov pat pse36 clflush dts acpi mmx fxsr sse sse2 ss ht tm pbe syscall nx pdpe1gb rdtscp lm constant_tsc art arch_perfmon pebs bts rep_good nopl xtopology nonstop_tsc cpuid aperfmperf tsc_known_freq pni pclmulqdq dtes64 monitor ds_cpl vmx est tm2 ssse3 sdbg fma cx16 xtpr pdcm pcid sse4_1 sse4_2 x2apic movbe popcnt aes xsave avx f16c rdrand lahf_lm abm 3dnowprefetch cpuid_fault epb invpcid_single pti retpoline intel_pt rsb_ctxsw tpr_shadow vnmi flexpriority ept vpid fsgsbase tsc_adjust bmi1 hle avx2 smep bmi2 erms invpcid rtm mpx rdseed adx smap clflushopt xsaveopt xsavec xgetbv1 xsaves dtherm ida arat pln pts hwp hwp_notify hwp_act_window hwp_epp
bugs		: cpu_meltdown spectre_v1 spectre_v2
bogomips	: 4608.00
clflush size	: 64
cache_alignment	: 64
address sizes	: 39 bits physical, 48 bits virtual
power management:

processor	: 2
vendor_id	: GenuineIntel
cpu family	: 6
model		: 94
model name	: Intel(R) Core(TM) i5-6300HQ CPU @ 2.30GHz
stepping	: 3
microcode	: 0x74
cpu MHz		: 2300.000
cache size	: 6144 KB
physical id	: 0
siblings	: 4
core id		: 2
cpu cores	: 4
apicid		: 4
initial apicid	: 4
fpu		: yes
fpu_exception	: yes
cpuid level	: 22
wp		: yes
flags		: fpu vme de pse tsc msr pae mce cx8 apic sep mtrr pge mca cmov pat pse36 clflush dts acpi mmx fxsr sse sse2 ss ht tm pbe syscall nx pdpe1gb rdtscp lm constant_tsc art arch_perfmon pebs bts rep_good nopl xtopology nonstop_tsc cpuid aperfmperf tsc_known_freq pni pclmulqdq dtes64 monitor ds_cpl vmx est tm2 ssse3 sdbg fma cx16 xtpr pdcm pcid sse4_1 sse4_2 x2apic movbe popcnt aes xsave avx f16c rdrand lahf_lm abm 3dnowprefetch cpuid_fault epb invpcid_single pti retpoline intel_pt rsb_ctxsw tpr_shadow vnmi flexpriority ept vpid fsgsbase tsc_adjust bmi1 hle avx2 smep bmi2 erms invpcid rtm mpx rdseed adx smap clflushopt xsaveopt xsavec xgetbv1 xsaves dtherm ida arat pln pts hwp hwp_notify hwp_act_window hwp_epp
bugs		: cpu_meltdown spectre_v1 spectre_v2
bogomips	: 4608.00
clflush size	: 64
cache_alignment	: 64
address sizes	: 39 bits physical, 48 bits virtual
power management:

processor	: 3
vendor_id	: GenuineIntel
cpu family	: 6
model		: 94
model name	: Intel(R) Core(TM) i5-6300HQ CPU @ 2.30GHz
stepping	: 3
microcode	: 0x74
cpu MHz		: 2300.000
cache size	: 6144 KB
physical id	: 0
siblings	: 4
core id		: 3
cpu cores	: 4
apicid		: 6
initial apicid	: 6
fpu		: yes
fpu_exception	: yes
cpuid level	: 22
wp		: yes
flags		: fpu vme de pse tsc msr pae mce cx8 apic sep mtrr pge mca cmov pat pse36 clflush dts acpi mmx fxsr sse sse2 ss ht tm pbe syscall nx pdpe1gb rdtscp lm constant_tsc art arch_perfmon pebs bts rep_good nopl xtopology nonstop_tsc cpuid aperfmperf tsc_known_freq pni pclmulqdq dtes64 monitor ds_cpl vmx est tm2 ssse3 sdbg fma cx16 xtpr pdcm pcid sse4_1 sse4_2 x2apic movbe popcnt aes xsave avx f16c rdrand lahf_lm abm 3dnowprefetch cpuid_fault epb invpcid_single pti retpoline intel_pt rsb_ctxsw tpr_shadow vnmi flexpriority ept vpid fsgsbase tsc_adjust bmi1 hle avx2 smep bmi2 erms invpcid rtm mpx rdseed adx smap clflushopt xsaveopt xsavec xgetbv1 xsaves dtherm ida arat pln pts hwp hwp_notify hwp_act_window hwp_epp
bugs		: cpu_meltdown spectre_v1 spectre_v2
bogomips	: 4608.00
clflush size	: 64
cache_alignment	: 64
address sizes	: 39 bits physical, 48 bits virtual
power management:



Memory: 4k page, physical 3933672k(90740k free), swap 4088828k(0k free)

vm_info: OpenJDK 64-Bit Server VM (25.151-b12) for linux-amd64 JRE (1.8.0_151-8u151-b12-0ubuntu0.16.04.2-b12), built on Oct 27 2017 21:59:02 by "buildd" with gcc 5.4.0 20160609

time: Fri Mar 30 10:55:47 2018
elapsed time: 2 seconds (0d 0h 0m 2s)

