#
# There is insufficient memory for the Java Runtime Environment to continue.
# Native memory allocation (mmap) failed to map 40894464 bytes for committing reserved memory.
# Possible reasons:
#   The system is out of physical RAM or swap space
#   In 32 bit mode, the process size limit was hit
# Possible solutions:
#   Reduce memory load on the system
#   Increase physical memory or swap space
#   Check if swap backing store is full
#   Use 64 bit Java on a 64 bit OS
#   Decrease Java heap size (-Xmx/-Xms)
#   Decrease number of Java threads
#   Decrease Java thread stack sizes (-Xss)
#   Set larger code cache with -XX:ReservedCodeCacheSize=
# This output file may be truncated or incomplete.
#
#  Out of Memory Error (os_linux.cpp:2643), pid=14983, tid=0x00007f261dbe9700
#
# JRE version: OpenJDK Runtime Environment (8.0_151-b12) (build 1.8.0_151-8u151-b12-0ubuntu0.16.04.2-b12)
# Java VM: OpenJDK 64-Bit Server VM (25.151-b12 mixed mode linux-amd64 compressed oops)
# Failed to write core dump. Core dumps have been disabled. To enable core dumping, try "ulimit -c unlimited" before starting Java again
#

---------------  T H R E A D  ---------------

Current thread (0x00007f2640077000):  VMThread [stack: 0x00007f261dae9000,0x00007f261dbea000] [id=14995]

Stack: [0x00007f261dae9000,0x00007f261dbea000],  sp=0x00007f261dbe84c0,  free space=1021k
Native frames: (J=compiled Java code, j=interpreted, Vv=VM code, C=native code)
V  [libjvm.so+0xa684eb]
V  [libjvm.so+0x4c579c]
V  [libjvm.so+0x8b6b50]
V  [libjvm.so+0x8b0fce]
V  [libjvm.so+0x92b806]
V  [libjvm.so+0x92cb33]
V  [libjvm.so+0x9291fb]
V  [libjvm.so+0x9294ac]
V  [libjvm.so+0x8db3c3]
V  [libjvm.so+0xa6a192]
V  [libjvm.so+0xa6f277]
V  [libjvm.so+0xa6ca47]
V  [libjvm.so+0xa6decf]
V  [libjvm.so+0xa6e3c1]
V  [libjvm.so+0x8b4032]

VM_Operation (0x00007f261c9fc720): ParallelGCFailedAllocation, mode: safepoint, requested by thread 0x00007f2640162000


---------------  P R O C E S S  ---------------

Java Threads: ( => current thread )
  0x00007f264016a000 JavaThread "Thread-12" [_thread_blocked, id=15017, stack(0x00007f261c7fc000,0x00007f261c8fd000)]
  0x00007f2640165000 JavaThread "Thread-11" [_thread_blocked, id=15016, stack(0x00007f261caff000,0x00007f261cc00000)]
  0x00007f2640166800 JavaThread "Thread-10" [_thread_blocked, id=15015, stack(0x00007f261cd01000,0x00007f261ce02000)]
  0x00007f2640162000 JavaThread "Thread-9" [_thread_blocked, id=15014, stack(0x00007f261c8fd000,0x00007f261c9fe000)]
  0x00007f2640168800 JavaThread "Thread-13" [_thread_blocked, id=15013, stack(0x00007f261c9fe000,0x00007f261caff000)]
  0x00007f2640163800 JavaThread "Thread-8" [_thread_blocked, id=15009, stack(0x00007f261cc00000,0x00007f261cd01000)]
  0x00007f2640161000 JavaThread "Thread-4" [_thread_blocked, id=15006, stack(0x00007f261ce02000,0x00007f261cf03000)]
  0x00007f2640131800 JavaThread "Thread-1" [_thread_blocked, id=15004, stack(0x00007f261cf03000,0x00007f261d004000)]
  0x00007f26400c1800 JavaThread "Service Thread" daemon [_thread_blocked, id=15002, stack(0x00007f261d105000,0x00007f261d206000)]
  0x00007f26400b2000 JavaThread "C1 CompilerThread2" daemon [_thread_blocked, id=15001, stack(0x00007f261d206000,0x00007f261d307000)]
  0x00007f26400b0800 JavaThread "C2 CompilerThread1" daemon [_thread_blocked, id=15000, stack(0x00007f261d307000,0x00007f261d408000)]
  0x00007f26400ad800 JavaThread "C2 CompilerThread0" daemon [_thread_blocked, id=14999, stack(0x00007f261d408000,0x00007f261d509000)]
  0x00007f26400ab800 JavaThread "Signal Dispatcher" daemon [_thread_blocked, id=14998, stack(0x00007f261d509000,0x00007f261d60a000)]
  0x00007f2640083800 JavaThread "Finalizer" daemon [_thread_blocked, id=14997, stack(0x00007f261d8e7000,0x00007f261d9e8000)]
  0x00007f264007f000 JavaThread "Reference Handler" daemon [_thread_blocked, id=14996, stack(0x00007f261d9e8000,0x00007f261dae9000)]
  0x00007f264000a000 JavaThread "main" [_thread_blocked, id=14990, stack(0x00007f2648795000,0x00007f2648896000)]

Other Threads:
=>0x00007f2640077000 VMThread [stack: 0x00007f261dae9000,0x00007f261dbea000] [id=14995]
  0x00007f26400c4000 WatcherThread [stack: 0x00007f261d004000,0x00007f261d105000] [id=15003]

VM state:at safepoint (normal execution)

VM Mutex/Monitor currently owned by a thread:  ([mutex/lock_event])
[0x00007f2640006140] Threads_lock - owner thread: 0x00007f2640077000
[0x00007f2640006640] Heap_lock - owner thread: 0x00007f2640162000

Heap:
 PSYoungGen      total 113152K, used 26112K [0x00000000ebf80000, 0x00000000f6180000, 0x0000000100000000)
  eden space 87040K, 0% used [0x00000000ebf80000,0x00000000ebf80000,0x00000000f1480000)
  from space 26112K, 100% used [0x00000000f2e80000,0x00000000f4800000,0x00000000f4800000)
  to   space 19456K, 0% used [0x00000000f4e80000,0x00000000f4e80000,0x00000000f6180000)
 ParOldGen       total 79360K, used 57224K [0x00000000c3e00000, 0x00000000c8b80000, 0x00000000ebf80000)
  object space 79360K, 72% used [0x00000000c3e00000,0x00000000c75e2140,0x00000000c8b80000)
 Metaspace       used 3583K, capacity 4676K, committed 4864K, reserved 1056768K
  class space    used 392K, capacity 428K, committed 512K, reserved 1048576K

Card table byte_map: [0x00007f2644c6b000,0x00007f2644e4d000] byte_map_base: 0x00007f264464c000

Marking Bits: (ParMarkBitMap*) 0x00007f2647a602c0
 Begin Bits: [0x00007f261e1f0000, 0x00007f261f0f8000)
 End Bits:   [0x00007f261f0f8000, 0x00007f2620000000)

Polling page: 0x00007f26488b4000

CodeCache: size=245760Kb used=1543Kb max_used=1543Kb free=244217Kb
 bounds [0x00007f2631000000, 0x00007f2631270000, 0x00007f2640000000]
 total_blobs=436 nmethods=177 adapters=174
 compilation: enabled

Compilation events (10 events):
Event: 0,776 Thread 0x00007f26400b2000 nmethod 173 0x00007f26311819d0 code [0x00007f2631181c00, 0x00007f2631182858]
Event: 0,776 Thread 0x00007f26400b2000  174   !   3       java.util.concurrent.locks.AbstractQueuedSynchronizer::fullyRelease (54 bytes)
Event: 0,777 Thread 0x00007f26400b2000 nmethod 174 0x00007f2631180f50 code [0x00007f2631181100, 0x00007f26311816e8]
Event: 0,777 Thread 0x00007f26400b2000  175       3       java.util.concurrent.locks.AbstractQueuedSynchronizer::transferForSignal (45 bytes)
Event: 0,777 Thread 0x00007f26400b2000 nmethod 175 0x00007f2631180710 code [0x00007f26311808c0, 0x00007f2631180d98]
Event: 0,800 Thread 0x00007f26400ad800  176 % !   4       lockfree.ProcessingNode::run @ 19 (906 bytes)
Event: 0,801 Thread 0x00007f26400b2000  177       3       java.lang.StringBuilder::toString (17 bytes)
Event: 0,802 Thread 0x00007f26400b2000 nmethod 177 0x00007f2631180310 code [0x00007f2631180480, 0x00007f2631180668]
Event: 0,802 Thread 0x00007f26400b2000  178       3       java.lang.StringBuilder::<init> (7 bytes)
Event: 0,802 Thread 0x00007f26400b2000 nmethod 178 0x00007f2631182dd0 code [0x00007f2631182f40, 0x00007f26311831f0]

GC Heap History (10 events):
Event: 0,188 GC heap after
Heap after GC invocations=3 (full 0):
 PSYoungGen      total 34304K, used 2544K [0x00000000ebf80000, 0x00000000f0280000, 0x0000000100000000)
  eden space 31744K, 0% used [0x00000000ebf80000,0x00000000ebf80000,0x00000000ede80000)
  from space 2560K, 99% used [0x00000000ede80000,0x00000000ee0fc010,0x00000000ee100000)
  to   space 2560K, 0% used [0x00000000f0000000,0x00000000f0000000,0x00000000f0280000)
 ParOldGen       total 42496K, used 12040K [0x00000000c3e00000, 0x00000000c6780000, 0x00000000ebf80000)
  object space 42496K, 28% used [0x00000000c3e00000,0x00000000c49c2000,0x00000000c6780000)
 Metaspace       used 2706K, capacity 4600K, committed 4864K, reserved 1056768K
  class space    used 288K, capacity 424K, committed 512K, reserved 1048576K
}
Event: 0,208 GC heap before
{Heap before GC invocations=4 (full 0):
 PSYoungGen      total 34304K, used 34288K [0x00000000ebf80000, 0x00000000f0280000, 0x0000000100000000)
  eden space 31744K, 100% used [0x00000000ebf80000,0x00000000ede80000,0x00000000ede80000)
  from space 2560K, 99% used [0x00000000ede80000,0x00000000ee0fc010,0x00000000ee100000)
  to   space 2560K, 0% used [0x00000000f0000000,0x00000000f0000000,0x00000000f0280000)
 ParOldGen       total 42496K, used 12040K [0x00000000c3e00000, 0x00000000c6780000, 0x00000000ebf80000)
  object space 42496K, 28% used [0x00000000c3e00000,0x00000000c49c2000,0x00000000c6780000)
 Metaspace       used 2706K, capacity 4600K, committed 4864K, reserved 1056768K
  class space    used 288K, capacity 424K, committed 512K, reserved 1048576K
Event: 0,221 GC heap after
Heap after GC invocations=4 (full 0):
 PSYoungGen      total 66048K, used 2528K [0x00000000ebf80000, 0x00000000f0280000, 0x0000000100000000)
  eden space 63488K, 0% used [0x00000000ebf80000,0x00000000ebf80000,0x00000000efd80000)
  from space 2560K, 98% used [0x00000000f0000000,0x00000000f0278020,0x00000000f0280000)
  to   space 2560K, 0% used [0x00000000efd80000,0x00000000efd80000,0x00000000f0000000)
 ParOldGen       total 42496K, used 19832K [0x00000000c3e00000, 0x00000000c6780000, 0x00000000ebf80000)
  object space 42496K, 46% used [0x00000000c3e00000,0x00000000c515e000,0x00000000c6780000)
 Metaspace       used 2706K, capacity 4600K, committed 4864K, reserved 1056768K
  class space    used 288K, capacity 424K, committed 512K, reserved 1048576K
}
Event: 0,422 GC heap before
{Heap before GC invocations=5 (full 0):
 PSYoungGen      total 66048K, used 66016K [0x00000000ebf80000, 0x00000000f0280000, 0x0000000100000000)
  eden space 63488K, 100% used [0x00000000ebf80000,0x00000000efd80000,0x00000000efd80000)
  from space 2560K, 98% used [0x00000000f0000000,0x00000000f0278020,0x00000000f0280000)
  to   space 2560K, 0% used [0x00000000efd80000,0x00000000efd80000,0x00000000f0000000)
 ParOldGen       total 42496K, used 19832K [0x00000000c3e00000, 0x00000000c6780000, 0x00000000ebf80000)
  object space 42496K, 46% used [0x00000000c3e00000,0x00000000c515e000,0x00000000c6780000)
 Metaspace       used 3573K, capacity 4676K, committed 4864K, reserved 1056768K
  class space    used 392K, capacity 428K, committed 512K, reserved 1048576K
Event: 0,457 GC heap after
Heap after GC invocations=5 (full 0):
 PSYoungGen      total 66048K, used 2528K [0x00000000ebf80000, 0x00000000f6180000, 0x0000000100000000)
  eden space 63488K, 0% used [0x00000000ebf80000,0x00000000ebf80000,0x00000000efd80000)
  from space 2560K, 98% used [0x00000000efd80000,0x00000000efff8020,0x00000000f0000000)
  to   space 19456K, 0% used [0x00000000f4e80000,0x00000000f4e80000,0x00000000f6180000)
 ParOldGen       total 42496K, used 35322K [0x00000000c3e00000, 0x00000000c6780000, 0x00000000ebf80000)
  object space 42496K, 83% used [0x00000000c3e00000,0x00000000c607ea70,0x00000000c6780000)
 Metaspace       used 3573K, capacity 4676K, committed 4864K, reserved 1056768K
  class space    used 392K, capacity 428K, committed 512K, reserved 1048576K
}
Event: 0,457 GC heap before
{Heap before GC invocations=6 (full 1):
 PSYoungGen      total 66048K, used 2528K [0x00000000ebf80000, 0x00000000f6180000, 0x0000000100000000)
  eden space 63488K, 0% used [0x00000000ebf80000,0x00000000ebf80000,0x00000000efd80000)
  from space 2560K, 98% used [0x00000000efd80000,0x00000000efff8020,0x00000000f0000000)
  to   space 19456K, 0% used [0x00000000f4e80000,0x00000000f4e80000,0x00000000f6180000)
 ParOldGen       total 42496K, used 35322K [0x00000000c3e00000, 0x00000000c6780000, 0x00000000ebf80000)
  object space 42496K, 83% used [0x00000000c3e00000,0x00000000c607ea70,0x00000000c6780000)
 Metaspace       used 3573K, capacity 4676K, committed 4864K, reserved 1056768K
  class space    used 392K, capacity 428K, committed 512K, reserved 1048576K
Event: 0,715 GC heap after
Heap after GC invocations=6 (full 1):
 PSYoungGen      total 66048K, used 0K [0x00000000ebf80000, 0x00000000f6180000, 0x0000000100000000)
  eden space 63488K, 0% used [0x00000000ebf80000,0x00000000ebf80000,0x00000000efd80000)
  from space 2560K, 0% used [0x00000000efd80000,0x00000000efd80000,0x00000000f0000000)
  to   space 19456K, 0% used [0x00000000f4e80000,0x00000000f4e80000,0x00000000f6180000)
 ParOldGen       total 79360K, used 37584K [0x00000000c3e00000, 0x00000000c8b80000, 0x00000000ebf80000)
  object space 79360K, 47% used [0x00000000c3e00000,0x00000000c62b42a0,0x00000000c8b80000)
 Metaspace       used 3573K, capacity 4676K, committed 4864K, reserved 1056768K
  class space    used 392K, capacity 428K, committed 512K, reserved 1048576K
}
Event: 0,757 GC heap before
{Heap before GC invocations=7 (full 1):
 PSYoungGen      total 66048K, used 63488K [0x00000000ebf80000, 0x00000000f6180000, 0x0000000100000000)
  eden space 63488K, 100% used [0x00000000ebf80000,0x00000000efd80000,0x00000000efd80000)
  from space 2560K, 0% used [0x00000000efd80000,0x00000000efd80000,0x00000000f0000000)
  to   space 19456K, 0% used [0x00000000f4e80000,0x00000000f4e80000,0x00000000f6180000)
 ParOldGen       total 79360K, used 37584K [0x00000000c3e00000, 0x00000000c8b80000, 0x00000000ebf80000)
  object space 79360K, 47% used [0x00000000c3e00000,0x00000000c62b42a0,0x00000000c8b80000)
 Metaspace       used 3583K, capacity 4676K, committed 4864K, reserved 1056768K
  class space    used 392K, capacity 428K, committed 512K, reserved 1048576K
Event: 0,774 GC heap after
Heap after GC invocations=7 (full 1):
 PSYoungGen      total 106496K, used 19456K [0x00000000ebf80000, 0x00000000f6180000, 0x0000000100000000)
  eden space 87040K, 0% used [0x00000000ebf80000,0x00000000ebf80000,0x00000000f1480000)
  from space 19456K, 100% used [0x00000000f4e80000,0x00000000f6180000,0x00000000f6180000)
  to   space 26112K, 0% used [0x00000000f2e80000,0x00000000f2e80000,0x00000000f4800000)
 ParOldGen       total 79360K, used 42696K [0x00000000c3e00000, 0x00000000c8b80000, 0x00000000ebf80000)
  object space 79360K, 53% used [0x00000000c3e00000,0x00000000c67b2140,0x00000000c8b80000)
 Metaspace       used 3583K, capacity 4676K, committed 4864K, reserved 1056768K
  class space    used 392K, capacity 428K, committed 512K, reserved 1048576K
}
Event: 0,828 GC heap before
{Heap before GC invocations=8 (full 1):
 PSYoungGen      total 106496K, used 106496K [0x00000000ebf80000, 0x00000000f6180000, 0x0000000100000000)
  eden space 87040K, 100% used [0x00000000ebf80000,0x00000000f1480000,0x00000000f1480000)
  from space 19456K, 100% used [0x00000000f4e80000,0x00000000f6180000,0x00000000f6180000)
  to   space 26112K, 0% used [0x00000000f2e80000,0x00000000f2e80000,0x00000000f4800000)
 ParOldGen       total 79360K, used 42696K [0x00000000c3e00000, 0x00000000c8b80000, 0x00000000ebf80000)
  object space 79360K, 53% used [0x00000000c3e00000,0x00000000c67b2140,0x00000000c8b80000)
 Metaspace       used 3583K, capacity 4676K, committed 4864K, reserved 1056768K
  class space    used 392K, capacity 428K, committed 512K, reserved 1048576K

Deoptimization events (8 events):
Event: 0,101 Thread 0x00007f2640134800 Uncommon trap: reason=predicate action=maybe_recompile pc=0x00007f263113a53c method=etc.Body.setForces([Letc/Body;Letc/Force;[[ZZ)V @ 6
Event: 0,249 Thread 0x00007f2640162000 Uncommon trap: reason=unstable_if action=reinterpret pc=0x00007f263114cf28 method=lockfree.SafeCounter.decrement()V @ 23
Event: 0,249 Thread 0x00007f2640163800 Uncommon trap: reason=unstable_if action=reinterpret pc=0x00007f2631148c78 method=java.util.concurrent.locks.ReentrantLock$Sync.nonfairTryAcquire(I)Z @ 34
Event: 0,249 Thread 0x00007f2640163800 Uncommon trap: reason=unstable_if action=reinterpret pc=0x00007f2631128af0 method=java.util.concurrent.locks.ReentrantLock$Sync.nonfairTryAcquire(I)Z @ 34
Event: 0,249 Thread 0x00007f2640163800 Uncommon trap: reason=uninitialized action=reinterpret pc=0x00007f2631127a38 method=java.util.concurrent.locks.AbstractQueuedSynchronizer.acquire(I)V @ 10
Event: 0,249 Thread 0x00007f2640163800 Uncommon trap: reason=unstable_if action=reinterpret pc=0x00007f26311263c4 method=java.util.concurrent.locks.AbstractQueuedSynchronizer.release(I)Z @ 14
Event: 0,249 Thread 0x00007f2640163800 Uncommon trap: reason=unstable_if action=reinterpret pc=0x00007f26311269d0 method=java.util.concurrent.locks.AbstractQueuedSynchronizer.release(I)Z @ 14
Event: 0,249 Thread 0x00007f2640163800 Uncommon trap: reason=unstable_if action=reinterpret pc=0x00007f263114911c method=java.util.concurrent.locks.AbstractQueuedSynchronizer.release(I)Z @ 14

Internal exceptions (8 events):
Event: 0,018 Thread 0x00007f264000a000 Exception <a 'java/lang/NoSuchMethodError': Method sun.misc.Unsafe.defineClass(Ljava/lang/String;[BII)Ljava/lang/Class; name or signature does not match> (0x00000000ebf87ca8) thrown at [/build/openjdk-8-W2Qe27/openjdk-8-8u151-b12/src/hotspot/src/share/vm/
Event: 0,018 Thread 0x00007f264000a000 Exception <a 'java/lang/NoSuchMethodError': Method sun.misc.Unsafe.prefetchRead(Ljava/lang/Object;J)V name or signature does not match> (0x00000000ebf87f90) thrown at [/build/openjdk-8-W2Qe27/openjdk-8-8u151-b12/src/hotspot/src/share/vm/prims/jni.cpp, lin
Event: 0,232 Thread 0x00007f264000a000 Exception <a 'java/security/PrivilegedActionException'> (0x00000000ec47d2e0) thrown at [/build/openjdk-8-W2Qe27/openjdk-8-8u151-b12/src/hotspot/src/share/vm/prims/jvm.cpp, line 1390]
Event: 0,232 Thread 0x00007f264000a000 Exception <a 'java/security/PrivilegedActionException'> (0x00000000ec47d6d8) thrown at [/build/openjdk-8-W2Qe27/openjdk-8-8u151-b12/src/hotspot/src/share/vm/prims/jvm.cpp, line 1390]
Event: 0,232 Thread 0x00007f264000a000 Exception <a 'java/security/PrivilegedActionException'> (0x00000000ec47f948) thrown at [/build/openjdk-8-W2Qe27/openjdk-8-8u151-b12/src/hotspot/src/share/vm/prims/jvm.cpp, line 1390]
Event: 0,232 Thread 0x00007f264000a000 Exception <a 'java/security/PrivilegedActionException'> (0x00000000ec47fd40) thrown at [/build/openjdk-8-W2Qe27/openjdk-8-8u151-b12/src/hotspot/src/share/vm/prims/jvm.cpp, line 1390]
Event: 0,232 Thread 0x00007f264000a000 Exception <a 'java/security/PrivilegedActionException'> (0x00000000ec480a00) thrown at [/build/openjdk-8-W2Qe27/openjdk-8-8u151-b12/src/hotspot/src/share/vm/prims/jvm.cpp, line 1390]
Event: 0,232 Thread 0x00007f264000a000 Exception <a 'java/security/PrivilegedActionException'> (0x00000000ec480df8) thrown at [/build/openjdk-8-W2Qe27/openjdk-8-8u151-b12/src/hotspot/src/share/vm/prims/jvm.cpp, line 1390]

Events (10 events):
Event: 0,774 Executing VM operation: ParallelGCFailedAllocation done
Event: 0,801 Thread 0x00007f2640168800 Thread exited: 0x00007f2640168800
Event: 0,801 Thread 0x00007f2640166800 Thread exited: 0x00007f2640166800
Event: 0,802 Thread 0x00007f2640168800 Thread added: 0x00007f2640168800
Event: 0,810 Thread 0x00007f2640162000 Thread added: 0x00007f2640162000
Event: 0,810 Thread 0x00007f2640165000 Thread exited: 0x00007f2640165000
Event: 0,814 Thread 0x00007f2640166800 Thread added: 0x00007f2640166800
Event: 0,818 Thread 0x00007f2640165000 Thread added: 0x00007f2640165000
Event: 0,818 Thread 0x00007f264016a000 Thread added: 0x00007f264016a000
Event: 0,828 Executing VM operation: ParallelGCFailedAllocation


Dynamic libraries:
00400000-00401000 r-xp 00000000 08:15 3097                               /usr/lib/jvm/java-8-openjdk-amd64/jre/bin/java
00600000-00601000 r--p 00000000 08:15 3097                               /usr/lib/jvm/java-8-openjdk-amd64/jre/bin/java
00601000-00602000 rw-p 00001000 08:15 3097                               /usr/lib/jvm/java-8-openjdk-amd64/jre/bin/java
0070c000-0072d000 rw-p 00000000 00:00 0                                  [heap]
c3e00000-c8b80000 rw-p 00000000 00:00 0 
c8b80000-ebf80000 ---p 00000000 00:00 0 
ebf80000-f6180000 rw-p 00000000 00:00 0 
f8880000-100000000 ---p 00000000 00:00 0 
100000000-100080000 rw-p 00000000 00:00 0 
100080000-140000000 ---p 00000000 00:00 0 
7f25d8000000-7f25d8021000 rw-p 00000000 00:00 0 
7f25d8021000-7f25dc000000 ---p 00000000 00:00 0 
7f25dc000000-7f25dc021000 rw-p 00000000 00:00 0 
7f25dc021000-7f25e0000000 ---p 00000000 00:00 0 
7f25e0000000-7f25e0021000 rw-p 00000000 00:00 0 
7f25e0021000-7f25e4000000 ---p 00000000 00:00 0 
7f25e4000000-7f25e4021000 rw-p 00000000 00:00 0 
7f25e4021000-7f25e8000000 ---p 00000000 00:00 0 
7f25e8000000-7f25e8021000 rw-p 00000000 00:00 0 
7f25e8021000-7f25ec000000 ---p 00000000 00:00 0 
7f25ec000000-7f25ec021000 rw-p 00000000 00:00 0 
7f25ec021000-7f25f0000000 ---p 00000000 00:00 0 
7f25f0000000-7f25f0021000 rw-p 00000000 00:00 0 
7f25f0021000-7f25f4000000 ---p 00000000 00:00 0 
7f25f4000000-7f25f4021000 rw-p 00000000 00:00 0 
7f25f4021000-7f25f8000000 ---p 00000000 00:00 0 
7f25f8000000-7f25f8021000 rw-p 00000000 00:00 0 
7f25f8021000-7f25fc000000 ---p 00000000 00:00 0 
7f25fc000000-7f25fc021000 rw-p 00000000 00:00 0 
7f25fc021000-7f2600000000 ---p 00000000 00:00 0 
7f2600000000-7f2600407000 rw-p 00000000 00:00 0 
7f2600407000-7f2604000000 ---p 00000000 00:00 0 
7f2604000000-7f26040fd000 rw-p 00000000 00:00 0 
7f26040fd000-7f2608000000 ---p 00000000 00:00 0 
7f2608000000-7f2608021000 rw-p 00000000 00:00 0 
7f2608021000-7f260c000000 ---p 00000000 00:00 0 
7f260c000000-7f260c501000 rw-p 00000000 00:00 0 
7f260c501000-7f2610000000 ---p 00000000 00:00 0 
7f2610000000-7f2610021000 rw-p 00000000 00:00 0 
7f2610021000-7f2614000000 ---p 00000000 00:00 0 
7f2614000000-7f2614021000 rw-p 00000000 00:00 0 
7f2614021000-7f2618000000 ---p 00000000 00:00 0 
7f2618000000-7f2618021000 rw-p 00000000 00:00 0 
7f2618021000-7f261c000000 ---p 00000000 00:00 0 
7f261c7fc000-7f261c7ff000 ---p 00000000 00:00 0 
7f261c7ff000-7f261c8fd000 rw-p 00000000 00:00 0 
7f261c8fd000-7f261c900000 ---p 00000000 00:00 0 
7f261c900000-7f261c9fe000 rw-p 00000000 00:00 0 
7f261c9fe000-7f261ca01000 ---p 00000000 00:00 0 
7f261ca01000-7f261caff000 rw-p 00000000 00:00 0 
7f261caff000-7f261cb02000 ---p 00000000 00:00 0 
7f261cb02000-7f261cc00000 rw-p 00000000 00:00 0 
7f261cc00000-7f261cc03000 ---p 00000000 00:00 0 
7f261cc03000-7f261cd01000 rw-p 00000000 00:00 0 
7f261cd01000-7f261cd04000 ---p 00000000 00:00 0 
7f261cd04000-7f261ce02000 rw-p 00000000 00:00 0 
7f261ce02000-7f261ce05000 ---p 00000000 00:00 0 
7f261ce05000-7f261cf03000 rw-p 00000000 00:00 0 
7f261cf03000-7f261cf06000 ---p 00000000 00:00 0 
7f261cf06000-7f261d004000 rw-p 00000000 00:00 0 
7f261d004000-7f261d005000 ---p 00000000 00:00 0 
7f261d005000-7f261d105000 rw-p 00000000 00:00 0 
7f261d105000-7f261d108000 ---p 00000000 00:00 0 
7f261d108000-7f261d206000 rw-p 00000000 00:00 0 
7f261d206000-7f261d209000 ---p 00000000 00:00 0 
7f261d209000-7f261d307000 rw-p 00000000 00:00 0 
7f261d307000-7f261d30a000 ---p 00000000 00:00 0 
7f261d30a000-7f261d408000 rw-p 00000000 00:00 0 
7f261d408000-7f261d40b000 ---p 00000000 00:00 0 
7f261d40b000-7f261d509000 rw-p 00000000 00:00 0 
7f261d509000-7f261d50c000 ---p 00000000 00:00 0 
7f261d50c000-7f261d60a000 rw-p 00000000 00:00 0 
7f261d60a000-7f261d8e7000 r--p 00000000 08:15 43552                      /usr/lib/locale/locale-archive
7f261d8e7000-7f261d8ea000 ---p 00000000 00:00 0 
7f261d8ea000-7f261d9e8000 rw-p 00000000 00:00 0 
7f261d9e8000-7f261d9eb000 ---p 00000000 00:00 0 
7f261d9eb000-7f261dae9000 rw-p 00000000 00:00 0 
7f261dae9000-7f261daea000 ---p 00000000 00:00 0 
7f261daea000-7f2620000000 rw-p 00000000 00:00 0 
7f2620000000-7f2620021000 rw-p 00000000 00:00 0 
7f2620021000-7f2624000000 ---p 00000000 00:00 0 
7f2624000000-7f2624021000 rw-p 00000000 00:00 0 
7f2624021000-7f2628000000 ---p 00000000 00:00 0 
7f2628000000-7f2628021000 rw-p 00000000 00:00 0 
7f2628021000-7f262c000000 ---p 00000000 00:00 0 
7f262c000000-7f262c021000 rw-p 00000000 00:00 0 
7f262c021000-7f2630000000 ---p 00000000 00:00 0 
7f26300d3000-7f26300f9000 r--p 00000000 08:15 303318                     /usr/share/locale-langpack/fr/LC_MESSAGES/libc.mo
7f26300f9000-7f2630c40000 rw-p 00000000 00:00 0 
7f2630c40000-7f2631000000 ---p 00000000 00:00 0 
7f2631000000-7f2631270000 rwxp 00000000 00:00 0 
7f2631270000-7f2640000000 ---p 00000000 00:00 0 
7f2640000000-7f264016c000 rw-p 00000000 00:00 0 
7f264016c000-7f2644000000 ---p 00000000 00:00 0 
7f264400a000-7f2644011000 r--s 00000000 08:15 168082                     /usr/lib/x86_64-linux-gnu/gconv/gconv-modules.cache
7f2644011000-7f2644015000 r--s 00037000 08:15 3025                       /usr/lib/jvm/java-8-openjdk-amd64/jre/lib/ext/sunpkcs11.jar
7f2644015000-7f2644030000 r--s 001d6000 08:15 3021                       /usr/lib/jvm/java-8-openjdk-amd64/jre/lib/ext/nashorn.jar
7f2644030000-7f2644032000 r--s 00001000 08:15 3027                       /usr/lib/jvm/java-8-openjdk-amd64/jre/lib/ext/dnsns.jar
7f2644032000-7f264404d000 r--s 00394000 08:15 3019                       /usr/lib/jvm/java-8-openjdk-amd64/jre/lib/ext/cldrdata.jar
7f264404d000-7f2644300000 rw-p 00000000 00:00 0 
7f2644300000-7f26444cf000 r--s 03c21000 08:15 3014                       /usr/lib/jvm/java-8-openjdk-amd64/jre/lib/rt.jar
7f26444cf000-7f2644726000 rw-p 00000000 00:00 0 
7f2644726000-7f2644727000 ---p 00000000 00:00 0 
7f2644727000-7f2644827000 rw-p 00000000 00:00 0 
7f2644827000-7f2644828000 ---p 00000000 00:00 0 
7f2644828000-7f2644928000 rw-p 00000000 00:00 0 
7f2644928000-7f2644929000 ---p 00000000 00:00 0 
7f2644929000-7f2644a29000 rw-p 00000000 00:00 0 
7f2644a29000-7f2644a2a000 ---p 00000000 00:00 0 
7f2644a2a000-7f2644b51000 rw-p 00000000 00:00 0 
7f2644b51000-7f2644c6b000 ---p 00000000 00:00 0 
7f2644c6b000-7f2644c92000 rw-p 00000000 00:00 0 
7f2644c92000-7f2644dab000 ---p 00000000 00:00 0 
7f2644dab000-7f2644dfd000 rw-p 00000000 00:00 0 
7f2644dfd000-7f2644e4c000 ---p 00000000 00:00 0 
7f2644e4c000-7f2644e57000 rw-p 00000000 00:00 0 
7f2644e57000-7f264520d000 ---p 00000000 00:00 0 
7f264520d000-7f2645215000 r-xp 00000000 08:15 3065                       /usr/lib/jvm/java-8-openjdk-amd64/jre/lib/amd64/libzip.so
7f2645215000-7f2645414000 ---p 00008000 08:15 3065                       /usr/lib/jvm/java-8-openjdk-amd64/jre/lib/amd64/libzip.so
7f2645414000-7f2645415000 r--p 00007000 08:15 3065                       /usr/lib/jvm/java-8-openjdk-amd64/jre/lib/amd64/libzip.so
7f2645415000-7f2645416000 rw-p 00008000 08:15 3065                       /usr/lib/jvm/java-8-openjdk-amd64/jre/lib/amd64/libzip.so
7f2645416000-7f2645421000 r-xp 00000000 08:15 686787                     /lib/x86_64-linux-gnu/libnss_files-2.23.so
7f2645421000-7f2645620000 ---p 0000b000 08:15 686787                     /lib/x86_64-linux-gnu/libnss_files-2.23.so
7f2645620000-7f2645621000 r--p 0000a000 08:15 686787                     /lib/x86_64-linux-gnu/libnss_files-2.23.so
7f2645621000-7f2645622000 rw-p 0000b000 08:15 686787                     /lib/x86_64-linux-gnu/libnss_files-2.23.so
7f2645622000-7f2645628000 rw-p 00000000 00:00 0 
7f2645628000-7f2645633000 r-xp 00000000 08:15 686791                     /lib/x86_64-linux-gnu/libnss_nis-2.23.so
7f2645633000-7f2645832000 ---p 0000b000 08:15 686791                     /lib/x86_64-linux-gnu/libnss_nis-2.23.so
7f2645832000-7f2645833000 r--p 0000a000 08:15 686791                     /lib/x86_64-linux-gnu/libnss_nis-2.23.so
7f2645833000-7f2645834000 rw-p 0000b000 08:15 686791                     /lib/x86_64-linux-gnu/libnss_nis-2.23.so
7f2645834000-7f264584a000 r-xp 00000000 08:15 686771                     /lib/x86_64-linux-gnu/libnsl-2.23.so
7f264584a000-7f2645a49000 ---p 00016000 08:15 686771                     /lib/x86_64-linux-gnu/libnsl-2.23.so
7f2645a49000-7f2645a4a000 r--p 00015000 08:15 686771                     /lib/x86_64-linux-gnu/libnsl-2.23.so
7f2645a4a000-7f2645a4b000 rw-p 00016000 08:15 686771                     /lib/x86_64-linux-gnu/libnsl-2.23.so
7f2645a4b000-7f2645a4d000 rw-p 00000000 00:00 0 
7f2645a4d000-7f2645a55000 r-xp 00000000 08:15 686782                     /lib/x86_64-linux-gnu/libnss_compat-2.23.so
7f2645a55000-7f2645c54000 ---p 00008000 08:15 686782                     /lib/x86_64-linux-gnu/libnss_compat-2.23.so
7f2645c54000-7f2645c55000 r--p 00007000 08:15 686782                     /lib/x86_64-linux-gnu/libnss_compat-2.23.so
7f2645c55000-7f2645c56000 rw-p 00008000 08:15 686782                     /lib/x86_64-linux-gnu/libnss_compat-2.23.so
7f2645c56000-7f2645c83000 r-xp 00000000 08:15 3046                       /usr/lib/jvm/java-8-openjdk-amd64/jre/lib/amd64/libjava.so
7f2645c83000-7f2645e82000 ---p 0002d000 08:15 3046                       /usr/lib/jvm/java-8-openjdk-amd64/jre/lib/amd64/libjava.so
7f2645e82000-7f2645e83000 r--p 0002c000 08:15 3046                       /usr/lib/jvm/java-8-openjdk-amd64/jre/lib/amd64/libjava.so
7f2645e83000-7f2645e85000 rw-p 0002d000 08:15 3046                       /usr/lib/jvm/java-8-openjdk-amd64/jre/lib/amd64/libjava.so
7f2645e85000-7f2645e94000 r-xp 00000000 08:15 3063                       /usr/lib/jvm/java-8-openjdk-amd64/jre/lib/amd64/libverify.so
7f2645e94000-7f2646093000 ---p 0000f000 08:15 3063                       /usr/lib/jvm/java-8-openjdk-amd64/jre/lib/amd64/libverify.so
7f2646093000-7f2646095000 r--p 0000e000 08:15 3063                       /usr/lib/jvm/java-8-openjdk-amd64/jre/lib/amd64/libverify.so
7f2646095000-7f2646096000 rw-p 00010000 08:15 3063                       /usr/lib/jvm/java-8-openjdk-amd64/jre/lib/amd64/libverify.so
7f2646096000-7f264609d000 r-xp 00000000 08:15 686792                     /lib/x86_64-linux-gnu/librt-2.23.so
7f264609d000-7f264629c000 ---p 00007000 08:15 686792                     /lib/x86_64-linux-gnu/librt-2.23.so
7f264629c000-7f264629d000 r--p 00006000 08:15 686792                     /lib/x86_64-linux-gnu/librt-2.23.so
7f264629d000-7f264629e000 rw-p 00007000 08:15 686792                     /lib/x86_64-linux-gnu/librt-2.23.so
7f264629e000-7f26462b4000 r-xp 00000000 08:15 660206                     /lib/x86_64-linux-gnu/libgcc_s.so.1
7f26462b4000-7f26464b3000 ---p 00016000 08:15 660206                     /lib/x86_64-linux-gnu/libgcc_s.so.1
7f26464b3000-7f26464b4000 rw-p 00015000 08:15 660206                     /lib/x86_64-linux-gnu/libgcc_s.so.1
7f26464b4000-7f26465bc000 r-xp 00000000 08:15 686770                     /lib/x86_64-linux-gnu/libm-2.23.so
7f26465bc000-7f26467bb000 ---p 00108000 08:15 686770                     /lib/x86_64-linux-gnu/libm-2.23.so
7f26467bb000-7f26467bc000 r--p 00107000 08:15 686770                     /lib/x86_64-linux-gnu/libm-2.23.so
7f26467bc000-7f26467bd000 rw-p 00108000 08:15 686770                     /lib/x86_64-linux-gnu/libm-2.23.so
7f26467bd000-7f264692f000 r-xp 00000000 08:15 2088                       /usr/lib/x86_64-linux-gnu/libstdc++.so.6.0.21
7f264692f000-7f2646b2f000 ---p 00172000 08:15 2088                       /usr/lib/x86_64-linux-gnu/libstdc++.so.6.0.21
7f2646b2f000-7f2646b39000 r--p 00172000 08:15 2088                       /usr/lib/x86_64-linux-gnu/libstdc++.so.6.0.21
7f2646b39000-7f2646b3b000 rw-p 0017c000 08:15 2088                       /usr/lib/x86_64-linux-gnu/libstdc++.so.6.0.21
7f2646b3b000-7f2646b3f000 rw-p 00000000 00:00 0 
7f2646b3f000-7f2647791000 r-xp 00000000 08:15 3057                       /usr/lib/jvm/java-8-openjdk-amd64/jre/lib/amd64/server/libjvm.so
7f2647791000-7f2647991000 ---p 00c52000 08:15 3057                       /usr/lib/jvm/java-8-openjdk-amd64/jre/lib/amd64/server/libjvm.so
7f2647991000-7f2647a24000 r--p 00c52000 08:15 3057                       /usr/lib/jvm/java-8-openjdk-amd64/jre/lib/amd64/server/libjvm.so
7f2647a24000-7f2647a4d000 rw-p 00ce5000 08:15 3057                       /usr/lib/jvm/java-8-openjdk-amd64/jre/lib/amd64/server/libjvm.so
7f2647a4d000-7f2647a7d000 rw-p 00000000 00:00 0 
7f2647a7d000-7f2647a95000 r-xp 00000000 08:15 686773                     /lib/x86_64-linux-gnu/libpthread-2.23.so
7f2647a95000-7f2647c94000 ---p 00018000 08:15 686773                     /lib/x86_64-linux-gnu/libpthread-2.23.so
7f2647c94000-7f2647c95000 r--p 00017000 08:15 686773                     /lib/x86_64-linux-gnu/libpthread-2.23.so
7f2647c95000-7f2647c96000 rw-p 00018000 08:15 686773                     /lib/x86_64-linux-gnu/libpthread-2.23.so
7f2647c96000-7f2647c9a000 rw-p 00000000 00:00 0 
7f2647c9a000-7f2647c9d000 r-xp 00000000 08:15 686776                     /lib/x86_64-linux-gnu/libdl-2.23.so
7f2647c9d000-7f2647e9c000 ---p 00003000 08:15 686776                     /lib/x86_64-linux-gnu/libdl-2.23.so
7f2647e9c000-7f2647e9d000 r--p 00002000 08:15 686776                     /lib/x86_64-linux-gnu/libdl-2.23.so
7f2647e9d000-7f2647e9e000 rw-p 00003000 08:15 686776                     /lib/x86_64-linux-gnu/libdl-2.23.so
7f2647e9e000-7f2647eb7000 r-xp 00000000 08:15 660143                     /lib/x86_64-linux-gnu/libz.so.1.2.8
7f2647eb7000-7f26480b6000 ---p 00019000 08:15 660143                     /lib/x86_64-linux-gnu/libz.so.1.2.8
7f26480b6000-7f26480b7000 r--p 00018000 08:15 660143                     /lib/x86_64-linux-gnu/libz.so.1.2.8
7f26480b7000-7f26480b8000 rw-p 00019000 08:15 660143                     /lib/x86_64-linux-gnu/libz.so.1.2.8
7f26480b8000-7f2648278000 r-xp 00000000 08:15 686774                     /lib/x86_64-linux-gnu/libc-2.23.so
7f2648278000-7f2648478000 ---p 001c0000 08:15 686774                     /lib/x86_64-linux-gnu/libc-2.23.so
7f2648478000-7f264847c000 r--p 001c0000 08:15 686774                     /lib/x86_64-linux-gnu/libc-2.23.so
7f264847c000-7f264847e000 rw-p 001c4000 08:15 686774                     /lib/x86_64-linux-gnu/libc-2.23.so
7f264847e000-7f2648482000 rw-p 00000000 00:00 0 
7f2648482000-7f264848f000 r-xp 00000000 08:15 3061                       /usr/lib/jvm/java-8-openjdk-amd64/jre/lib/amd64/jli/libjli.so
7f264848f000-7f264868f000 ---p 0000d000 08:15 3061                       /usr/lib/jvm/java-8-openjdk-amd64/jre/lib/amd64/jli/libjli.so
7f264868f000-7f2648690000 r--p 0000d000 08:15 3061                       /usr/lib/jvm/java-8-openjdk-amd64/jre/lib/amd64/jli/libjli.so
7f2648690000-7f2648691000 rw-p 0000e000 08:15 3061                       /usr/lib/jvm/java-8-openjdk-amd64/jre/lib/amd64/jli/libjli.so
7f2648691000-7f26486b7000 r-xp 00000000 08:15 686772                     /lib/x86_64-linux-gnu/ld-2.23.so
7f26486b7000-7f26486bd000 r--s 0003a000 08:15 3022                       /usr/lib/jvm/java-8-openjdk-amd64/jre/lib/ext/sunjce_provider.jar
7f26486bd000-7f2648795000 rw-p 00000000 00:00 0 
7f2648795000-7f2648798000 ---p 00000000 00:00 0 
7f2648798000-7f264889a000 rw-p 00000000 00:00 0 
7f264889a000-7f264889c000 r--s 00008000 08:15 3023                       /usr/lib/jvm/java-8-openjdk-amd64/jre/lib/ext/sunec.jar
7f264889c000-7f264889f000 r--s 0000f000 08:15 3018                       /usr/lib/jvm/java-8-openjdk-amd64/jre/lib/ext/icedtea-sound.jar
7f264889f000-7f26488a0000 r--s 0000a000 08:15 3026                       /usr/lib/jvm/java-8-openjdk-amd64/jre/lib/ext/jaccess.jar
7f26488a0000-7f26488aa000 r--s 00116000 08:15 3024                       /usr/lib/jvm/java-8-openjdk-amd64/jre/lib/ext/localedata.jar
7f26488aa000-7f26488ab000 r--s 00010000 08:15 3020                       /usr/lib/jvm/java-8-openjdk-amd64/jre/lib/ext/zipfs.jar
7f26488ab000-7f26488b3000 rw-s 00000000 08:15 396490                     /tmp/hsperfdata_abel/14983
7f26488b3000-7f26488b4000 rw-p 00000000 00:00 0 
7f26488b4000-7f26488b5000 ---p 00000000 00:00 0 
7f26488b5000-7f26488b6000 rw-p 00000000 00:00 0 
7f26488b6000-7f26488b7000 r--p 00025000 08:15 686772                     /lib/x86_64-linux-gnu/ld-2.23.so
7f26488b7000-7f26488b8000 rw-p 00026000 08:15 686772                     /lib/x86_64-linux-gnu/ld-2.23.so
7f26488b8000-7f26488b9000 rw-p 00000000 00:00 0 
7fff5b23c000-7fff5b25d000 rw-p 00000000 00:00 0                          [stack]
7fff5b2d0000-7fff5b2d3000 r--p 00000000 00:00 0                          [vvar]
7fff5b2d3000-7fff5b2d5000 r-xp 00000000 00:00 0                          [vdso]
ffffffffff600000-ffffffffff601000 r-xp 00000000 00:00 0                  [vsyscall]

VM Arguments:
jvm_args: -Dfile.encoding=UTF-8 
java_command: n_bodies.Tester
java_class_path (initial): /media/abel/DATA/git/n_bodies/bin
Launcher Type: SUN_STANDARD

Environment Variables:
PATH=/home/abel/bin:/home/abel/.local/bin:/usr/local/sbin:/usr/local/bin:/usr/sbin:/usr/bin:/sbin:/bin:/usr/games:/usr/local/games:/snap/bin
SHELL=/bin/bash
DISPLAY=:0

Signal Handlers:
SIGSEGV: [libjvm.so+0xa69040], sa_mask[0]=11111111011111111101111111111110, sa_flags=SA_RESTART|SA_SIGINFO
SIGBUS: [libjvm.so+0xa69040], sa_mask[0]=11111111011111111101111111111110, sa_flags=SA_RESTART|SA_SIGINFO
SIGFPE: [libjvm.so+0x8b2170], sa_mask[0]=11111111011111111101111111111110, sa_flags=SA_RESTART|SA_SIGINFO
SIGPIPE: [libjvm.so+0x8b2170], sa_mask[0]=11111111011111111101111111111110, sa_flags=SA_RESTART|SA_SIGINFO
SIGXFSZ: [libjvm.so+0x8b2170], sa_mask[0]=11111111011111111101111111111110, sa_flags=SA_RESTART|SA_SIGINFO
SIGILL: [libjvm.so+0x8b2170], sa_mask[0]=11111111011111111101111111111110, sa_flags=SA_RESTART|SA_SIGINFO
SIGUSR1: SIG_DFL, sa_mask[0]=00000000000000000000000000000000, sa_flags=none
SIGUSR2: [libjvm.so+0x8b2020], sa_mask[0]=00100000000000000000000000000000, sa_flags=SA_RESTART|SA_SIGINFO
SIGHUP: [libjvm.so+0x8b24f0], sa_mask[0]=11111111011111111101111111111110, sa_flags=SA_RESTART|SA_SIGINFO
SIGINT: [libjvm.so+0x8b24f0], sa_mask[0]=11111111011111111101111111111110, sa_flags=SA_RESTART|SA_SIGINFO
SIGTERM: [libjvm.so+0x8b24f0], sa_mask[0]=11111111011111111101111111111110, sa_flags=SA_RESTART|SA_SIGINFO
SIGQUIT: [libjvm.so+0x8b24f0], sa_mask[0]=11111111011111111101111111111110, sa_flags=SA_RESTART|SA_SIGINFO


---------------  S Y S T E M  ---------------

OS:DISTRIB_ID=Ubuntu
DISTRIB_RELEASE=16.04
DISTRIB_CODENAME=xenial
DISTRIB_DESCRIPTION="Ubuntu 16.04.4 LTS"

uname:Linux 4.13.0-37-generic #42~16.04.1-Ubuntu SMP Wed Mar 7 16:03:28 UTC 2018 x86_64
libc:glibc 2.23 NPTL 2.23 
rlimit: STACK 8192k, CORE 0k, NPROC 14950, NOFILE 1048576, AS infinity
load average:23,56 11,10 5,06

/proc/meminfo:
MemTotal:        3933672 kB
MemFree:           91044 kB
MemAvailable:          0 kB
Buffers:             372 kB
Cached:           141224 kB
SwapCached:         5372 kB
Active:          3010076 kB
Inactive:         608224 kB
Active(anon):    3002624 kB
Inactive(anon):   600636 kB
Active(file):       7452 kB
Inactive(file):     7588 kB
Unevictable:          48 kB
Mlocked:              48 kB
SwapTotal:       4088828 kB
SwapFree:              0 kB
Dirty:               108 kB
Writeback:            76 kB
AnonPages:       3471576 kB
Mapped:            76152 kB
Shmem:            126472 kB
Slab:              81892 kB
SReclaimable:      35244 kB
SUnreclaim:        46648 kB
KernelStack:       17264 kB
PageTables:        54668 kB
NFS_Unstable:          0 kB
Bounce:                0 kB
WritebackTmp:          0 kB
CommitLimit:     6055664 kB
Committed_AS:   15099012 kB
VmallocTotal:   34359738367 kB
VmallocUsed:           0 kB
VmallocChunk:          0 kB
HardwareCorrupted:     0 kB
AnonHugePages:         0 kB
ShmemHugePages:        0 kB
ShmemPmdMapped:        0 kB
CmaTotal:              0 kB
CmaFree:               0 kB
HugePages_Total:       0
HugePages_Free:        0
HugePages_Rsvd:        0
HugePages_Surp:        0
Hugepagesize:       2048 kB
DirectMap4k:      203252 kB
DirectMap2M:     3885056 kB
DirectMap1G:     1048576 kB


CPU:total 4 (initial active 4) (4 cores per cpu, 1 threads per core) family 6 model 94 stepping 3, cmov, cx8, fxsr, mmx, sse, sse2, sse3, ssse3, sse4.1, sse4.2, popcnt, avx, avx2, aes, clmul, erms, rtm, 3dnowpref, lzcnt, tsc, tscinvbit, bmi1, bmi2, adx

/proc/cpuinfo:
processor	: 0
vendor_id	: GenuineIntel
cpu family	: 6
model		: 94
model name	: Intel(R) Core(TM) i5-6300HQ CPU @ 2.30GHz
stepping	: 3
microcode	: 0x74
cpu MHz		: 2300.000
cache size	: 6144 KB
physical id	: 0
siblings	: 4
core id		: 0
cpu cores	: 4
apicid		: 0
initial apicid	: 0
fpu		: yes
fpu_exception	: yes
cpuid level	: 22
wp		: yes
flags		: fpu vme de pse tsc msr pae mce cx8 apic sep mtrr pge mca cmov pat pse36 clflush dts acpi mmx fxsr sse sse2 ss ht tm pbe syscall nx pdpe1gb rdtscp lm constant_tsc art arch_perfmon pebs bts rep_good nopl xtopology nonstop_tsc cpuid aperfmperf tsc_known_freq pni pclmulqdq dtes64 monitor ds_cpl vmx est tm2 ssse3 sdbg fma cx16 xtpr pdcm pcid sse4_1 sse4_2 x2apic movbe popcnt aes xsave avx f16c rdrand lahf_lm abm 3dnowprefetch cpuid_fault epb invpcid_single pti retpoline intel_pt rsb_ctxsw tpr_shadow vnmi flexpriority ept vpid fsgsbase tsc_adjust bmi1 hle avx2 smep bmi2 erms invpcid rtm mpx rdseed adx smap clflushopt xsaveopt xsavec xgetbv1 xsaves dtherm ida arat pln pts hwp hwp_notify hwp_act_window hwp_epp
bugs		: cpu_meltdown spectre_v1 spectre_v2
bogomips	: 4608.00
clflush size	: 64
cache_alignment	: 64
address sizes	: 39 bits physical, 48 bits virtual
power management:

processor	: 1
vendor_id	: GenuineIntel
cpu family	: 6
model		: 94
model name	: Intel(R) Core(TM) i5-6300HQ CPU @ 2.30GHz
stepping	: 3
microcode	: 0x74
cpu MHz		: 2300.000
cache size	: 6144 KB
physical id	: 0
siblings	: 4
core id		: 1
cpu cores	: 4
apicid		: 2
initial apicid	: 2
fpu		: yes
fpu_exception	: yes
cpuid level	: 22
wp		: yes
flags		: fpu vme de pse tsc msr pae mce cx8 apic sep mtrr pge mca cmov pat pse36 clflush dts acpi mmx fxsr sse sse2 ss ht tm pbe syscall nx pdpe1gb rdtscp lm constant_tsc art arch_perfmon pebs bts rep_good nopl xtopology nonstop_tsc cpuid aperfmperf tsc_known_freq pni pclmulqdq dtes64 monitor ds_cpl vmx est tm2 ssse3 sdbg fma cx16 xtpr pdcm pcid sse4_1 sse4_2 x2apic movbe popcnt aes xsave avx f16c rdrand lahf_lm abm 3dnowprefetch cpuid_fault epb invpcid_single pti retpoline intel_pt rsb_ctxsw tpr_shadow vnmi flexpriority ept vpid fsgsbase tsc_adjust bmi1 hle avx2 smep bmi2 erms invpcid rtm mpx rdseed adx smap clflushopt xsaveopt xsavec xgetbv1 xsaves dtherm ida arat pln pts hwp hwp_notify hwp_act_window hwp_epp
bugs		: cpu_meltdown spectre_v1 spectre_v2
bogomips	: 4608.00
clflush size	: 64
cache_alignment	: 64
address sizes	: 39 bits physical, 48 bits virtual
power management:

processor	: 2
vendor_id	: GenuineIntel
cpu family	: 6
model		: 94
model name	: Intel(R) Core(TM) i5-6300HQ CPU @ 2.30GHz
stepping	: 3
microcode	: 0x74
cpu MHz		: 2300.000
cache size	: 6144 KB
physical id	: 0
siblings	: 4
core id		: 2
cpu cores	: 4
apicid		: 4
initial apicid	: 4
fpu		: yes
fpu_exception	: yes
cpuid level	: 22
wp		: yes
flags		: fpu vme de pse tsc msr pae mce cx8 apic sep mtrr pge mca cmov pat pse36 clflush dts acpi mmx fxsr sse sse2 ss ht tm pbe syscall nx pdpe1gb rdtscp lm constant_tsc art arch_perfmon pebs bts rep_good nopl xtopology nonstop_tsc cpuid aperfmperf tsc_known_freq pni pclmulqdq dtes64 monitor ds_cpl vmx est tm2 ssse3 sdbg fma cx16 xtpr pdcm pcid sse4_1 sse4_2 x2apic movbe popcnt aes xsave avx f16c rdrand lahf_lm abm 3dnowprefetch cpuid_fault epb invpcid_single pti retpoline intel_pt rsb_ctxsw tpr_shadow vnmi flexpriority ept vpid fsgsbase tsc_adjust bmi1 hle avx2 smep bmi2 erms invpcid rtm mpx rdseed adx smap clflushopt xsaveopt xsavec xgetbv1 xsaves dtherm ida arat pln pts hwp hwp_notify hwp_act_window hwp_epp
bugs		: cpu_meltdown spectre_v1 spectre_v2
bogomips	: 4608.00
clflush size	: 64
cache_alignment	: 64
address sizes	: 39 bits physical, 48 bits virtual
power management:

processor	: 3
vendor_id	: GenuineIntel
cpu family	: 6
model		: 94
model name	: Intel(R) Core(TM) i5-6300HQ CPU @ 2.30GHz
stepping	: 3
microcode	: 0x74
cpu MHz		: 2300.000
cache size	: 6144 KB
physical id	: 0
siblings	: 4
core id		: 3
cpu cores	: 4
apicid		: 6
initial apicid	: 6
fpu		: yes
fpu_exception	: yes
cpuid level	: 22
wp		: yes
flags		: fpu vme de pse tsc msr pae mce cx8 apic sep mtrr pge mca cmov pat pse36 clflush dts acpi mmx fxsr sse sse2 ss ht tm pbe syscall nx pdpe1gb rdtscp lm constant_tsc art arch_perfmon pebs bts rep_good nopl xtopology nonstop_tsc cpuid aperfmperf tsc_known_freq pni pclmulqdq dtes64 monitor ds_cpl vmx est tm2 ssse3 sdbg fma cx16 xtpr pdcm pcid sse4_1 sse4_2 x2apic movbe popcnt aes xsave avx f16c rdrand lahf_lm abm 3dnowprefetch cpuid_fault epb invpcid_single pti retpoline intel_pt rsb_ctxsw tpr_shadow vnmi flexpriority ept vpid fsgsbase tsc_adjust bmi1 hle avx2 smep bmi2 erms invpcid rtm mpx rdseed adx smap clflushopt xsaveopt xsavec xgetbv1 xsaves dtherm ida arat pln pts hwp hwp_notify hwp_act_window hwp_epp
bugs		: cpu_meltdown spectre_v1 spectre_v2
bogomips	: 4608.00
clflush size	: 64
cache_alignment	: 64
address sizes	: 39 bits physical, 48 bits virtual
power management:



Memory: 4k page, physical 3933672k(90600k free), swap 4088828k(0k free)

vm_info: OpenJDK 64-Bit Server VM (25.151-b12) for linux-amd64 JRE (1.8.0_151-8u151-b12-0ubuntu0.16.04.2-b12), built on Oct 27 2017 21:59:02 by "buildd" with gcc 5.4.0 20160609

time: Fri Mar 30 10:35:53 2018
elapsed time: 8 seconds (0d 0h 0m 8s)

