#
# There is insufficient memory for the Java Runtime Environment to continue.
# Native memory allocation (mmap) failed to map 131072000 bytes for committing reserved memory.
# Possible reasons:
#   The system is out of physical RAM or swap space
#   In 32 bit mode, the process size limit was hit
# Possible solutions:
#   Reduce memory load on the system
#   Increase physical memory or swap space
#   Check if swap backing store is full
#   Use 64 bit Java on a 64 bit OS
#   Decrease Java heap size (-Xmx/-Xms)
#   Decrease number of Java threads
#   Decrease Java thread stack sizes (-Xss)
#   Set larger code cache with -XX:ReservedCodeCacheSize=
# This output file may be truncated or incomplete.
#
#  Out of Memory Error (os_linux.cpp:2643), pid=15597, tid=0x00007f035a0ee700
#
# JRE version: OpenJDK Runtime Environment (8.0_151-b12) (build 1.8.0_151-8u151-b12-0ubuntu0.16.04.2-b12)
# Java VM: OpenJDK 64-Bit Server VM (25.151-b12 mixed mode linux-amd64 compressed oops)
# Failed to write core dump. Core dumps have been disabled. To enable core dumping, try "ulimit -c unlimited" before starting Java again
#

---------------  T H R E A D  ---------------

Current thread (0x00007f0370077000):  VMThread [stack: 0x00007f0359fee000,0x00007f035a0ef000] [id=15607]

Stack: [0x00007f0359fee000,0x00007f035a0ef000],  sp=0x00007f035a0ed4c0,  free space=1021k
Native frames: (J=compiled Java code, j=interpreted, Vv=VM code, C=native code)
V  [libjvm.so+0xa684eb]
V  [libjvm.so+0x4c579c]
V  [libjvm.so+0x8b6b50]
V  [libjvm.so+0x8b0fce]
V  [libjvm.so+0x92b806]
V  [libjvm.so+0x92cb33]
V  [libjvm.so+0x9291fb]
V  [libjvm.so+0x9294ac]
V  [libjvm.so+0x8db3c3]
V  [libjvm.so+0xa6a192]
V  [libjvm.so+0xa6f277]
V  [libjvm.so+0xa6ca47]
V  [libjvm.so+0xa6decf]
V  [libjvm.so+0xa6e3c1]
V  [libjvm.so+0x8b4032]

VM_Operation (0x00007f0352d9b4f0): ParallelGCFailedAllocation, mode: safepoint, requested by thread 0x00007f03702e0800


---------------  P R O C E S S  ---------------

Java Threads: ( => current thread )
  0x00007f03702e0800 JavaThread "AWT-EventQueue-0" [_thread_blocked, id=15622, stack(0x00007f0352c9e000,0x00007f0352d9f000)]
  0x00007f03702dd800 JavaThread "AWT-Shutdown" [_thread_blocked, id=15621, stack(0x00007f0352d9f000,0x00007f0352ea0000)]
  0x00007f037029c800 JavaThread "AWT-XAWT" daemon [_thread_in_native, id=15620, stack(0x00007f0359206000,0x00007f0359307000)]
  0x00007f0370274000 JavaThread "Java2D Disposer" daemon [_thread_blocked, id=15619, stack(0x00007f0359307000,0x00007f0359408000)]
  0x00007f0370130800 JavaThread "Thread-2" [_thread_blocked, id=15616, stack(0x00007f0359408000,0x00007f0359509000)]
  0x00007f03700c1800 JavaThread "Service Thread" daemon [_thread_blocked, id=15614, stack(0x00007f035960a000,0x00007f035970b000)]
  0x00007f03700b2000 JavaThread "C1 CompilerThread2" daemon [_thread_blocked, id=15613, stack(0x00007f035970b000,0x00007f035980c000)]
  0x00007f03700b0800 JavaThread "C2 CompilerThread1" daemon [_thread_blocked, id=15612, stack(0x00007f035980c000,0x00007f035990d000)]
  0x00007f03700ad800 JavaThread "C2 CompilerThread0" daemon [_thread_blocked, id=15611, stack(0x00007f035990d000,0x00007f0359a0e000)]
  0x00007f03700ab800 JavaThread "Signal Dispatcher" daemon [_thread_blocked, id=15610, stack(0x00007f0359a0e000,0x00007f0359b0f000)]
  0x00007f0370083800 JavaThread "Finalizer" daemon [_thread_blocked, id=15609, stack(0x00007f0359dec000,0x00007f0359eed000)]
  0x00007f037007f000 JavaThread "Reference Handler" daemon [_thread_blocked, id=15608, stack(0x00007f0359eed000,0x00007f0359fee000)]
  0x00007f037000a000 JavaThread "main" [_thread_blocked, id=15602, stack(0x00007f0378b96000,0x00007f0378c97000)]

Other Threads:
=>0x00007f0370077000 VMThread [stack: 0x00007f0359fee000,0x00007f035a0ef000] [id=15607]
  0x00007f03700c4000 WatcherThread [stack: 0x00007f0359509000,0x00007f035960a000] [id=15615]

VM state:at safepoint (normal execution)

VM Mutex/Monitor currently owned by a thread:  ([mutex/lock_event])
[0x00007f0370006140] Threads_lock - owner thread: 0x00007f0370077000
[0x00007f0370006640] Heap_lock - owner thread: 0x00007f03702e0800

Heap:
 PSYoungGen      total 133120K, used 882K [0x00000000ebf80000, 0x00000000f4780000, 0x0000000100000000)
  eden space 126976K, 0% used [0x00000000ebf80000,0x00000000ebf80000,0x00000000f3b80000)
  from space 6144K, 14% used [0x00000000f3b80000,0x00000000f3c5c820,0x00000000f4180000)
  to   space 5632K, 0% used [0x00000000f4200000,0x00000000f4200000,0x00000000f4780000)
 ParOldGen       total 42496K, used 7105K [0x00000000c3e00000, 0x00000000c6780000, 0x00000000ebf80000)
  object space 42496K, 16% used [0x00000000c3e00000,0x00000000c44f05c0,0x00000000c6780000)
 Metaspace       used 9769K, capacity 9972K, committed 10112K, reserved 1058816K
  class space    used 1056K, capacity 1133K, committed 1152K, reserved 1048576K

Card table byte_map: [0x00007f037506c000,0x00007f037524e000] byte_map_base: 0x00007f0374a4d000

Marking Bits: (ParMarkBitMap*) 0x00007f0377e612c0
 Begin Bits: [0x00007f035a1f0000, 0x00007f035b0f8000)
 End Bits:   [0x00007f035b0f8000, 0x00007f035c000000)

Polling page: 0x00007f0378cb5000

CodeCache: size=245760Kb used=3619Kb max_used=3630Kb free=242140Kb
 bounds [0x00007f0361000000, 0x00007f0361390000, 0x00007f0370000000]
 total_blobs=1468 nmethods=986 adapters=397
 compilation: enabled

Compilation events (10 events):
Event: 18,504 Thread 0x00007f03700b2000  982       3       java.util.regex.Pattern$Ctype::isSatisfiedBy (24 bytes)
Event: 18,505 Thread 0x00007f03700b2000 nmethod 982 0x00007f036138d290 code [0x00007f036138d420, 0x00007f036138d7b0]
Event: 18,951 Thread 0x00007f03700b0800  983       4       java.util.HashMap::putVal (300 bytes)
Event: 18,974 Thread 0x00007f03700b0800 nmethod 983 0x00007f036138ae90 code [0x00007f036138b060, 0x00007f036138b828]
Event: 20,507 Thread 0x00007f03700ad800  984       4       java.lang.Number::<init> (5 bytes)
Event: 20,508 Thread 0x00007f03700ad800 nmethod 984 0x00007f0361382450 code [0x00007f03613825a0, 0x00007f03613825f8]
Event: 20,508 Thread 0x00007f03700b2000  985       1       java.nio.Buffer::position (5 bytes)
Event: 20,509 Thread 0x00007f03700b2000 nmethod 985 0x00007f0361380f50 code [0x00007f03613810a0, 0x00007f03613811b0]
Event: 20,537 Thread 0x00007f03700b0800  986       4       java.util.concurrent.locks.ReentrantLock$NonfairSync::tryAcquire (6 bytes)
Event: 20,540 Thread 0x00007f03700b0800 nmethod 986 0x00007f0361388d90 code [0x00007f0361388ee0, 0x00007f0361388fb8]

GC Heap History (10 events):
Event: 0,335 GC heap after
Heap after GC invocations=2 (full 0):
 PSYoungGen      total 34304K, used 2528K [0x00000000ebf80000, 0x00000000ee380000, 0x0000000100000000)
  eden space 31744K, 0% used [0x00000000ebf80000,0x00000000ebf80000,0x00000000ede80000)
  from space 2560K, 98% used [0x00000000ee100000,0x00000000ee378020,0x00000000ee380000)
  to   space 2560K, 0% used [0x00000000ede80000,0x00000000ede80000,0x00000000ee100000)
 ParOldGen       total 42496K, used 4256K [0x00000000c3e00000, 0x00000000c6780000, 0x00000000ebf80000)
  object space 42496K, 10% used [0x00000000c3e00000,0x00000000c4228000,0x00000000c6780000)
 Metaspace       used 4016K, capacity 4686K, committed 4864K, reserved 1056768K
  class space    used 432K, capacity 487K, committed 512K, reserved 1048576K
}
Event: 1,680 GC heap before
{Heap before GC invocations=3 (full 0):
 PSYoungGen      total 34304K, used 34272K [0x00000000ebf80000, 0x00000000ee380000, 0x0000000100000000)
  eden space 31744K, 100% used [0x00000000ebf80000,0x00000000ede80000,0x00000000ede80000)
  from space 2560K, 98% used [0x00000000ee100000,0x00000000ee378020,0x00000000ee380000)
  to   space 2560K, 0% used [0x00000000ede80000,0x00000000ede80000,0x00000000ee100000)
 ParOldGen       total 42496K, used 4256K [0x00000000c3e00000, 0x00000000c6780000, 0x00000000ebf80000)
  object space 42496K, 10% used [0x00000000c3e00000,0x00000000c4228000,0x00000000c6780000)
 Metaspace       used 9577K, capacity 9780K, committed 9856K, reserved 1058816K
  class space    used 1055K, capacity 1133K, committed 1152K, reserved 1048576K
Event: 1,689 GC heap after
Heap after GC invocations=3 (full 0):
 PSYoungGen      total 34304K, used 2544K [0x00000000ebf80000, 0x00000000f0280000, 0x0000000100000000)
  eden space 31744K, 0% used [0x00000000ebf80000,0x00000000ebf80000,0x00000000ede80000)
  from space 2560K, 99% used [0x00000000ede80000,0x00000000ee0fc010,0x00000000ee100000)
  to   space 2560K, 0% used [0x00000000f0000000,0x00000000f0000000,0x00000000f0280000)
 ParOldGen       total 42496K, used 5282K [0x00000000c3e00000, 0x00000000c6780000, 0x00000000ebf80000)
  object space 42496K, 12% used [0x00000000c3e00000,0x00000000c4328bd0,0x00000000c6780000)
 Metaspace       used 9577K, capacity 9780K, committed 9856K, reserved 1058816K
  class space    used 1055K, capacity 1133K, committed 1152K, reserved 1048576K
}
Event: 3,060 GC heap before
{Heap before GC invocations=4 (full 0):
 PSYoungGen      total 34304K, used 34288K [0x00000000ebf80000, 0x00000000f0280000, 0x0000000100000000)
  eden space 31744K, 100% used [0x00000000ebf80000,0x00000000ede80000,0x00000000ede80000)
  from space 2560K, 99% used [0x00000000ede80000,0x00000000ee0fc010,0x00000000ee100000)
  to   space 2560K, 0% used [0x00000000f0000000,0x00000000f0000000,0x00000000f0280000)
 ParOldGen       total 42496K, used 5282K [0x00000000c3e00000, 0x00000000c6780000, 0x00000000ebf80000)
  object space 42496K, 12% used [0x00000000c3e00000,0x00000000c4328bd0,0x00000000c6780000)
 Metaspace       used 9714K, capacity 9908K, committed 10112K, reserved 1058816K
  class space    used 1055K, capacity 1133K, committed 1152K, reserved 1048576K
Event: 3,074 GC heap after
Heap after GC invocations=4 (full 0):
 PSYoungGen      total 66048K, used 2528K [0x00000000ebf80000, 0x00000000f0280000, 0x0000000100000000)
  eden space 63488K, 0% used [0x00000000ebf80000,0x00000000ebf80000,0x00000000efd80000)
  from space 2560K, 98% used [0x00000000f0000000,0x00000000f0278020,0x00000000f0280000)
  to   space 2560K, 0% used [0x00000000efd80000,0x00000000efd80000,0x00000000f0000000)
 ParOldGen       total 42496K, used 5369K [0x00000000c3e00000, 0x00000000c6780000, 0x00000000ebf80000)
  object space 42496K, 12% used [0x00000000c3e00000,0x00000000c433e570,0x00000000c6780000)
 Metaspace       used 9714K, capacity 9908K, committed 10112K, reserved 1058816K
  class space    used 1055K, capacity 1133K, committed 1152K, reserved 1048576K
}
Event: 6,140 GC heap before
{Heap before GC invocations=5 (full 0):
 PSYoungGen      total 66048K, used 66016K [0x00000000ebf80000, 0x00000000f0280000, 0x0000000100000000)
  eden space 63488K, 100% used [0x00000000ebf80000,0x00000000efd80000,0x00000000efd80000)
  from space 2560K, 98% used [0x00000000f0000000,0x00000000f0278020,0x00000000f0280000)
  to   space 2560K, 0% used [0x00000000efd80000,0x00000000efd80000,0x00000000f0000000)
 ParOldGen       total 42496K, used 5369K [0x00000000c3e00000, 0x00000000c6780000, 0x00000000ebf80000)
  object space 42496K, 12% used [0x00000000c3e00000,0x00000000c433e570,0x00000000c6780000)
 Metaspace       used 9757K, capacity 9972K, committed 10112K, reserved 1058816K
  class space    used 1055K, capacity 1133K, committed 1152K, reserved 1048576K
Event: 6,151 GC heap after
Heap after GC invocations=5 (full 0):
 PSYoungGen      total 66048K, used 2528K [0x00000000ebf80000, 0x00000000f4880000, 0x0000000100000000)
  eden space 63488K, 0% used [0x00000000ebf80000,0x00000000ebf80000,0x00000000efd80000)
  from space 2560K, 98% used [0x00000000efd80000,0x00000000efff8000,0x00000000f0000000)
  to   space 6656K, 0% used [0x00000000f4200000,0x00000000f4200000,0x00000000f4880000)
 ParOldGen       total 42496K, used 5377K [0x00000000c3e00000, 0x00000000c6780000, 0x00000000ebf80000)
  object space 42496K, 12% used [0x00000000c3e00000,0x00000000c4340570,0x00000000c6780000)
 Metaspace       used 9757K, capacity 9972K, committed 10112K, reserved 1058816K
  class space    used 1055K, capacity 1133K, committed 1152K, reserved 1048576K
}
Event: 10,092 GC heap before
{Heap before GC invocations=6 (full 0):
 PSYoungGen      total 66048K, used 66016K [0x00000000ebf80000, 0x00000000f4880000, 0x0000000100000000)
  eden space 63488K, 100% used [0x00000000ebf80000,0x00000000efd80000,0x00000000efd80000)
  from space 2560K, 98% used [0x00000000efd80000,0x00000000efff8000,0x00000000f0000000)
  to   space 6656K, 0% used [0x00000000f4200000,0x00000000f4200000,0x00000000f4880000)
 ParOldGen       total 42496K, used 5377K [0x00000000c3e00000, 0x00000000c6780000, 0x00000000ebf80000)
  object space 42496K, 12% used [0x00000000c3e00000,0x00000000c4340570,0x00000000c6780000)
 Metaspace       used 9759K, capacity 9972K, committed 10112K, reserved 1058816K
  class space    used 1055K, capacity 1133K, committed 1152K, reserved 1048576K
Event: 10,112 GC heap after
Heap after GC invocations=6 (full 0):
 PSYoungGen      total 132608K, used 2544K [0x00000000ebf80000, 0x00000000f4780000, 0x0000000100000000)
  eden space 126976K, 0% used [0x00000000ebf80000,0x00000000ebf80000,0x00000000f3b80000)
  from space 5632K, 45% used [0x00000000f4200000,0x00000000f447c010,0x00000000f4780000)
  to   space 6144K, 0% used [0x00000000f3b80000,0x00000000f3b80000,0x00000000f4180000)
 ParOldGen       total 42496K, used 5385K [0x00000000c3e00000, 0x00000000c6780000, 0x00000000ebf80000)
  object space 42496K, 12% used [0x00000000c3e00000,0x00000000c4342570,0x00000000c6780000)
 Metaspace       used 9759K, capacity 9972K, committed 10112K, reserved 1058816K
  class space    used 1055K, capacity 1133K, committed 1152K, reserved 1048576K
}
Event: 21,554 GC heap before
{Heap before GC invocations=7 (full 0):
 PSYoungGen      total 132608K, used 129520K [0x00000000ebf80000, 0x00000000f4780000, 0x0000000100000000)
  eden space 126976K, 100% used [0x00000000ebf80000,0x00000000f3b80000,0x00000000f3b80000)
  from space 5632K, 45% used [0x00000000f4200000,0x00000000f447c010,0x00000000f4780000)
  to   space 6144K, 0% used [0x00000000f3b80000,0x00000000f3b80000,0x00000000f4180000)
 ParOldGen       total 42496K, used 5385K [0x00000000c3e00000, 0x00000000c6780000, 0x00000000ebf80000)
  object space 42496K, 12% used [0x00000000c3e00000,0x00000000c4342570,0x00000000c6780000)
 Metaspace       used 9769K, capacity 9972K, committed 10112K, reserved 1058816K
  class space    used 1056K, capacity 1133K, committed 1152K, reserved 1048576K

Deoptimization events (1 events):
Event: 0,296 Thread 0x00007f0370134800 Uncommon trap: reason=predicate action=maybe_recompile pc=0x00007f0361144e60 method=etc.Body.setForces([Letc/Body;Letc/Force;[[ZZ)V @ 6

Internal exceptions (10 events):
Event: 0,281 Thread 0x00007f037000a000 Exception <a 'java/security/PrivilegedActionException'> (0x00000000ec0b15e0) thrown at [/build/openjdk-8-W2Qe27/openjdk-8-8u151-b12/src/hotspot/src/share/vm/prims/jvm.cpp, line 1390]
Event: 0,281 Thread 0x00007f037000a000 Exception <a 'java/security/PrivilegedActionException'> (0x00000000ec0b17f0) thrown at [/build/openjdk-8-W2Qe27/openjdk-8-8u151-b12/src/hotspot/src/share/vm/prims/jvm.cpp, line 1390]
Event: 0,281 Thread 0x00007f037000a000 Exception <a 'java/security/PrivilegedActionException'> (0x00000000ec0b22c8) thrown at [/build/openjdk-8-W2Qe27/openjdk-8-8u151-b12/src/hotspot/src/share/vm/prims/jvm.cpp, line 1390]
Event: 0,281 Thread 0x00007f037000a000 Exception <a 'java/security/PrivilegedActionException'> (0x00000000ec0b24d8) thrown at [/build/openjdk-8-W2Qe27/openjdk-8-8u151-b12/src/hotspot/src/share/vm/prims/jvm.cpp, line 1390]
Event: 0,345 Thread 0x00007f037000a000 Exception <a 'java/lang/NoSuchFieldError': method resolution failed> (0x00000000ec12f4d0) thrown at [/build/openjdk-8-W2Qe27/openjdk-8-8u151-b12/src/hotspot/src/share/vm/prims/methodHandles.cpp, line 1146]
Event: 0,347 Thread 0x00007f037000a000 Exception <a 'java/lang/NoSuchFieldError': method resolution failed> (0x00000000ec13d370) thrown at [/build/openjdk-8-W2Qe27/openjdk-8-8u151-b12/src/hotspot/src/share/vm/prims/methodHandles.cpp, line 1146]
Event: 0,364 Thread 0x00007f037000a000 Exception <a 'java/io/FileNotFoundException'> (0x00000000ec1bbdc0) thrown at [/build/openjdk-8-W2Qe27/openjdk-8-8u151-b12/src/hotspot/src/share/vm/prims/jni.cpp, line 709]
Event: 0,365 Thread 0x00007f037000a000 Exception <a 'java/io/FileNotFoundException'> (0x00000000ec1bc8c0) thrown at [/build/openjdk-8-W2Qe27/openjdk-8-8u151-b12/src/hotspot/src/share/vm/prims/jni.cpp, line 709]
Event: 0,380 Thread 0x00007f037000a000 Exception <a 'java/lang/ClassNotFoundException': sun/dc/DuctusRenderingEngine> (0x00000000ec1d46a0) thrown at [/build/openjdk-8-W2Qe27/openjdk-8-8u151-b12/src/hotspot/src/share/vm/classfile/systemDictionary.cpp, line 210]
Event: 0,576 Thread 0x00007f03702e0800 Exception <a 'java/lang/UnsupportedOperationException': > (0x00000000ec40a3f0) thrown at [/build/openjdk-8-W2Qe27/openjdk-8-8u151-b12/src/hotspot/src/share/vm/prims/jni.cpp, line 735]

Events (10 events):
Event: 3,074 Executing VM operation: ParallelGCFailedAllocation done
Event: 4,059 Executing VM operation: EnableBiasedLocking
Event: 4,059 Executing VM operation: EnableBiasedLocking done
Event: 6,140 Executing VM operation: ParallelGCFailedAllocation
Event: 6,151 Executing VM operation: ParallelGCFailedAllocation done
Event: 10,092 Executing VM operation: ParallelGCFailedAllocation
Event: 10,113 Executing VM operation: ParallelGCFailedAllocation done
Event: 14,285 loading class java/security/DomainCombiner
Event: 14,285 loading class java/security/DomainCombiner done
Event: 21,554 Executing VM operation: ParallelGCFailedAllocation


Dynamic libraries:
00400000-00401000 r-xp 00000000 08:15 3097                               /usr/lib/jvm/java-8-openjdk-amd64/jre/bin/java
00600000-00601000 r--p 00000000 08:15 3097                               /usr/lib/jvm/java-8-openjdk-amd64/jre/bin/java
00601000-00602000 rw-p 00001000 08:15 3097                               /usr/lib/jvm/java-8-openjdk-amd64/jre/bin/java
00a51000-00a72000 rw-p 00000000 00:00 0                                  [heap]
c3e00000-c6780000 rw-p 00000000 00:00 0 
c6780000-ebf80000 ---p 00000000 00:00 0 
ebf80000-f4780000 rw-p 00000000 00:00 0 
fc480000-100000000 ---p 00000000 00:00 0 
100000000-100120000 rw-p 00000000 00:00 0 
100120000-140000000 ---p 00000000 00:00 0 
7f030c000000-7f030c021000 rw-p 00000000 00:00 0 
7f030c021000-7f0310000000 ---p 00000000 00:00 0 
7f0314000000-7f0314021000 rw-p 00000000 00:00 0 
7f0314021000-7f0318000000 ---p 00000000 00:00 0 
7f0318000000-7f0318021000 rw-p 00000000 00:00 0 
7f0318021000-7f031c000000 ---p 00000000 00:00 0 
7f031c000000-7f031c021000 rw-p 00000000 00:00 0 
7f031c021000-7f0320000000 ---p 00000000 00:00 0 
7f0320000000-7f0320021000 rw-p 00000000 00:00 0 
7f0320021000-7f0324000000 ---p 00000000 00:00 0 
7f0324000000-7f0324021000 rw-p 00000000 00:00 0 
7f0324021000-7f0328000000 ---p 00000000 00:00 0 
7f0328000000-7f0328021000 rw-p 00000000 00:00 0 
7f0328021000-7f032c000000 ---p 00000000 00:00 0 
7f032c000000-7f032c478000 rw-p 00000000 00:00 0 
7f032c478000-7f0330000000 ---p 00000000 00:00 0 
7f0330000000-7f0330208000 rw-p 00000000 00:00 0 
7f0330208000-7f0334000000 ---p 00000000 00:00 0 
7f0334000000-7f0334021000 rw-p 00000000 00:00 0 
7f0334021000-7f0338000000 ---p 00000000 00:00 0 
7f0338000000-7f033842b000 rw-p 00000000 00:00 0 
7f033842b000-7f033c000000 ---p 00000000 00:00 0 
7f033c000000-7f033c021000 rw-p 00000000 00:00 0 
7f033c021000-7f0340000000 ---p 00000000 00:00 0 
7f0340000000-7f0340021000 rw-p 00000000 00:00 0 
7f0340021000-7f0344000000 ---p 00000000 00:00 0 
7f0344000000-7f0344021000 rw-p 00000000 00:00 0 
7f0344021000-7f0348000000 ---p 00000000 00:00 0 
7f0348000000-7f0348021000 rw-p 00000000 00:00 0 
7f0348021000-7f034c000000 ---p 00000000 00:00 0 
7f034c000000-7f034c021000 rw-p 00000000 00:00 0 
7f034c021000-7f0350000000 ---p 00000000 00:00 0 
7f0352a9e000-7f0352b5e000 rw-p 00000000 00:00 0 
7f0352b5e000-7f0352c9e000 ---p 00000000 00:00 0 
7f0352c9e000-7f0352ca1000 ---p 00000000 00:00 0 
7f0352ca1000-7f0352d9f000 rw-p 00000000 00:00 0 
7f0352d9f000-7f0352da2000 ---p 00000000 00:00 0 
7f0352da2000-7f0352ea0000 rw-p 00000000 00:00 0 
7f0352ea0000-7f0352ea5000 r-xp 00000000 08:15 11688                      /usr/lib/x86_64-linux-gnu/libXfixes.so.3.1.0
7f0352ea5000-7f03530a4000 ---p 00005000 08:15 11688                      /usr/lib/x86_64-linux-gnu/libXfixes.so.3.1.0
7f03530a4000-7f03530a5000 r--p 00004000 08:15 11688                      /usr/lib/x86_64-linux-gnu/libXfixes.so.3.1.0
7f03530a5000-7f03530a6000 rw-p 00005000 08:15 11688                      /usr/lib/x86_64-linux-gnu/libXfixes.so.3.1.0
7f03530a6000-7f03530af000 r-xp 00000000 08:15 2499                       /usr/lib/x86_64-linux-gnu/libXcursor.so.1.0.2
7f03530af000-7f03532ae000 ---p 00009000 08:15 2499                       /usr/lib/x86_64-linux-gnu/libXcursor.so.1.0.2
7f03532ae000-7f03532af000 r--p 00008000 08:15 2499                       /usr/lib/x86_64-linux-gnu/libXcursor.so.1.0.2
7f03532af000-7f03532b0000 rw-p 00009000 08:15 2499                       /usr/lib/x86_64-linux-gnu/libXcursor.so.1.0.2
7f03532b0000-7f03532d4000 r-xp 00000000 08:15 660309                     /lib/x86_64-linux-gnu/libpng12.so.0.54.0
7f03532d4000-7f03534d3000 ---p 00024000 08:15 660309                     /lib/x86_64-linux-gnu/libpng12.so.0.54.0
7f03534d3000-7f03534d4000 r--p 00023000 08:15 660309                     /lib/x86_64-linux-gnu/libpng12.so.0.54.0
7f03534d4000-7f03534d5000 rw-p 00024000 08:15 660309                     /lib/x86_64-linux-gnu/libpng12.so.0.54.0
7f03534d5000-7f0353579000 r-xp 00000000 08:15 793                        /usr/lib/x86_64-linux-gnu/libfreetype.so.6.12.1
7f0353579000-7f0353778000 ---p 000a4000 08:15 793                        /usr/lib/x86_64-linux-gnu/libfreetype.so.6.12.1
7f0353778000-7f035377e000 r--p 000a3000 08:15 793                        /usr/lib/x86_64-linux-gnu/libfreetype.so.6.12.1
7f035377e000-7f035377f000 rw-p 000a9000 08:15 793                        /usr/lib/x86_64-linux-gnu/libfreetype.so.6.12.1
7f035377f000-7f03537d1000 r-xp 00000000 08:15 3047                       /usr/lib/jvm/java-8-openjdk-amd64/jre/lib/amd64/libfontmanager.so
7f03537d1000-7f03539d1000 ---p 00052000 08:15 3047                       /usr/lib/jvm/java-8-openjdk-amd64/jre/lib/amd64/libfontmanager.so
7f03539d1000-7f03539d3000 r--p 00052000 08:15 3047                       /usr/lib/jvm/java-8-openjdk-amd64/jre/lib/amd64/libfontmanager.so
7f03539d3000-7f03539d4000 rw-p 00054000 08:15 3047                       /usr/lib/jvm/java-8-openjdk-amd64/jre/lib/amd64/libfontmanager.so
7f03539d4000-7f03539d9000 r-xp 00000000 08:15 11684                      /usr/lib/x86_64-linux-gnu/libXdmcp.so.6.0.0
7f03539d9000-7f0353bd8000 ---p 00005000 08:15 11684                      /usr/lib/x86_64-linux-gnu/libXdmcp.so.6.0.0
7f0353bd8000-7f0353bd9000 r--p 00004000 08:15 11684                      /usr/lib/x86_64-linux-gnu/libXdmcp.so.6.0.0
7f0353bd9000-7f0353bda000 rw-p 00005000 08:15 11684                      /usr/lib/x86_64-linux-gnu/libXdmcp.so.6.0.0
7f0353bda000-7f0353bdc000 r-xp 00000000 08:15 11673                      /usr/lib/x86_64-linux-gnu/libXau.so.6.0.0
7f0353bdc000-7f0353ddc000 ---p 00002000 08:15 11673                      /usr/lib/x86_64-linux-gnu/libXau.so.6.0.0
7f0353ddc000-7f0353ddd000 r--p 00002000 08:15 11673                      /usr/lib/x86_64-linux-gnu/libXau.so.6.0.0
7f0353ddd000-7f0353dde000 rw-p 00003000 08:15 11673                      /usr/lib/x86_64-linux-gnu/libXau.so.6.0.0
7f0353dde000-7f0353dff000 r-xp 00000000 08:15 13082                      /usr/lib/x86_64-linux-gnu/libxcb.so.1.1.0
7f0353dff000-7f0353ffe000 ---p 00021000 08:15 13082                      /usr/lib/x86_64-linux-gnu/libxcb.so.1.1.0
7f0353ffe000-7f0353fff000 r--p 00020000 08:15 13082                      /usr/lib/x86_64-linux-gnu/libxcb.so.1.1.0
7f0353fff000-7f0354000000 rw-p 00021000 08:15 13082                      /usr/lib/x86_64-linux-gnu/libxcb.so.1.1.0
7f0354000000-7f0354021000 rw-p 00000000 00:00 0 
7f0354021000-7f0358000000 ---p 00000000 00:00 0 
7f03580ad000-7f03580d3000 r--p 00000000 08:15 303318                     /usr/share/locale-langpack/fr/LC_MESSAGES/libc.mo
7f03580d3000-7f03580e2000 r-xp 00000000 08:15 11694                      /usr/lib/x86_64-linux-gnu/libXi.so.6.1.0
7f03580e2000-7f03582e1000 ---p 0000f000 08:15 11694                      /usr/lib/x86_64-linux-gnu/libXi.so.6.1.0
7f03582e1000-7f03582e2000 r--p 0000e000 08:15 11694                      /usr/lib/x86_64-linux-gnu/libXi.so.6.1.0
7f03582e2000-7f03582e3000 rw-p 0000f000 08:15 11694                      /usr/lib/x86_64-linux-gnu/libXi.so.6.1.0
7f03582e3000-7f03582e8000 r-xp 00000000 08:15 11712                      /usr/lib/x86_64-linux-gnu/libXtst.so.6.1.0
7f03582e8000-7f03584e7000 ---p 00005000 08:15 11712                      /usr/lib/x86_64-linux-gnu/libXtst.so.6.1.0
7f03584e7000-7f03584e8000 r--p 00004000 08:15 11712                      /usr/lib/x86_64-linux-gnu/libXtst.so.6.1.0
7f03584e8000-7f03584e9000 rw-p 00005000 08:15 11712                      /usr/lib/x86_64-linux-gnu/libXtst.so.6.1.0
7f03584e9000-7f03584f2000 r-xp 00000000 08:15 11706                      /usr/lib/x86_64-linux-gnu/libXrender.so.1.3.0
7f03584f2000-7f03586f1000 ---p 00009000 08:15 11706                      /usr/lib/x86_64-linux-gnu/libXrender.so.1.3.0
7f03586f1000-7f03586f2000 r--p 00008000 08:15 11706                      /usr/lib/x86_64-linux-gnu/libXrender.so.1.3.0
7f03586f2000-7f03586f3000 rw-p 00009000 08:15 11706                      /usr/lib/x86_64-linux-gnu/libXrender.so.1.3.0
7f03586f3000-7f0358828000 r-xp 00000000 08:15 11669                      /usr/lib/x86_64-linux-gnu/libX11.so.6.3.0
7f0358828000-7f0358a28000 ---p 00135000 08:15 11669                      /usr/lib/x86_64-linux-gnu/libX11.so.6.3.0
7f0358a28000-7f0358a29000 r--p 00135000 08:15 11669                      /usr/lib/x86_64-linux-gnu/libX11.so.6.3.0
7f0358a29000-7f0358a2d000 rw-p 00136000 08:15 11669                      /usr/lib/x86_64-linux-gnu/libX11.so.6.3.0
7f0358a2d000-7f0358a3e000 r-xp 00000000 08:15 11686                      /usr/lib/x86_64-linux-gnu/libXext.so.6.4.0
7f0358a3e000-7f0358c3d000 ---p 00011000 08:15 11686                      /usr/lib/x86_64-linux-gnu/libXext.so.6.4.0
7f0358c3d000-7f0358c3e000 r--p 00010000 08:15 11686                      /usr/lib/x86_64-linux-gnu/libXext.so.6.4.0
7f0358c3e000-7f0358c3f000 rw-p 00011000 08:15 11686                      /usr/lib/x86_64-linux-gnu/libXext.so.6.4.0
7f0358c53000-7f0358c5a000 r--s 00000000 08:15 168082                     /usr/lib/x86_64-linux-gnu/gconv/gconv-modules.cache
7f0358c5a000-7f0358cae000 r-xp 00000000 08:15 3048                       /usr/lib/jvm/java-8-openjdk-amd64/jre/lib/amd64/libawt_xawt.so
7f0358cae000-7f0358eae000 ---p 00054000 08:15 3048                       /usr/lib/jvm/java-8-openjdk-amd64/jre/lib/amd64/libawt_xawt.so
7f0358eae000-7f0358eaf000 r--p 00054000 08:15 3048                       /usr/lib/jvm/java-8-openjdk-amd64/jre/lib/amd64/libawt_xawt.so
7f0358eaf000-7f0358eb2000 rw-p 00055000 08:15 3048                       /usr/lib/jvm/java-8-openjdk-amd64/jre/lib/amd64/libawt_xawt.so
7f0358eb2000-7f0358eb3000 rw-p 00000000 00:00 0 
7f0358f22000-7f0358f35000 r--s 00346000 08:15 3078                       /usr/lib/jvm/java-8-openjdk-amd64/jre/lib/resources.jar
7f0358f35000-7f0358fd5000 r-xp 00000000 08:15 3064                       /usr/lib/jvm/java-8-openjdk-amd64/jre/lib/amd64/libawt.so
7f0358fd5000-7f03591d5000 ---p 000a0000 08:15 3064                       /usr/lib/jvm/java-8-openjdk-amd64/jre/lib/amd64/libawt.so
7f03591d5000-7f03591d6000 r--p 000a0000 08:15 3064                       /usr/lib/jvm/java-8-openjdk-amd64/jre/lib/amd64/libawt.so
7f03591d6000-7f03591e1000 rw-p 000a1000 08:15 3064                       /usr/lib/jvm/java-8-openjdk-amd64/jre/lib/amd64/libawt.so
7f03591e1000-7f0359206000 rw-p 00000000 00:00 0 
7f0359206000-7f0359209000 ---p 00000000 00:00 0 
7f0359209000-7f0359307000 rw-p 00000000 00:00 0 
7f0359307000-7f035930a000 ---p 00000000 00:00 0 
7f035930a000-7f0359408000 rw-p 00000000 00:00 0 
7f0359408000-7f035940b000 ---p 00000000 00:00 0 
7f035940b000-7f0359509000 rw-p 00000000 00:00 0 
7f0359509000-7f035950a000 ---p 00000000 00:00 0 
7f035950a000-7f035960a000 rw-p 00000000 00:00 0 
7f035960a000-7f035960d000 ---p 00000000 00:00 0 
7f035960d000-7f035970b000 rw-p 00000000 00:00 0 
7f035970b000-7f035970e000 ---p 00000000 00:00 0 
7f035970e000-7f035980c000 rw-p 00000000 00:00 0 
7f035980c000-7f035980f000 ---p 00000000 00:00 0 
7f035980f000-7f035990d000 rw-p 00000000 00:00 0 
7f035990d000-7f0359910000 ---p 00000000 00:00 0 
7f0359910000-7f0359a0e000 rw-p 00000000 00:00 0 
7f0359a0e000-7f0359a11000 ---p 00000000 00:00 0 
7f0359a11000-7f0359b0f000 rw-p 00000000 00:00 0 
7f0359b0f000-7f0359dec000 r--p 00000000 08:15 43552                      /usr/lib/locale/locale-archive
7f0359dec000-7f0359def000 ---p 00000000 00:00 0 
7f0359def000-7f0359eed000 rw-p 00000000 00:00 0 
7f0359eed000-7f0359ef0000 ---p 00000000 00:00 0 
7f0359ef0000-7f0359fee000 rw-p 00000000 00:00 0 
7f0359fee000-7f0359fef000 ---p 00000000 00:00 0 
7f0359fef000-7f035c000000 rw-p 00000000 00:00 0 
7f035c000000-7f035c021000 rw-p 00000000 00:00 0 
7f035c021000-7f0360000000 ---p 00000000 00:00 0 
7f0360004000-7f0360008000 r--s 00037000 08:15 3025                       /usr/lib/jvm/java-8-openjdk-amd64/jre/lib/ext/sunpkcs11.jar
7f0360008000-7f0360023000 r--s 001d6000 08:15 3021                       /usr/lib/jvm/java-8-openjdk-amd64/jre/lib/ext/nashorn.jar
7f0360023000-7f0360e31000 rw-p 00000000 00:00 0 
7f0360e31000-7f0361000000 r--s 03c21000 08:15 3014                       /usr/lib/jvm/java-8-openjdk-amd64/jre/lib/rt.jar
7f0361000000-7f0361390000 rwxp 00000000 00:00 0 
7f0361390000-7f0370000000 ---p 00000000 00:00 0 
7f0370000000-7f0370310000 rw-p 00000000 00:00 0 
7f0370310000-7f0374000000 ---p 00000000 00:00 0 
7f0374002000-7f0374004000 r--s 00001000 08:15 3027                       /usr/lib/jvm/java-8-openjdk-amd64/jre/lib/ext/dnsns.jar
7f0374004000-7f037401f000 r--s 00394000 08:15 3019                       /usr/lib/jvm/java-8-openjdk-amd64/jre/lib/ext/cldrdata.jar
7f037401f000-7f0374b27000 rw-p 00000000 00:00 0 
7f0374b27000-7f0374b28000 ---p 00000000 00:00 0 
7f0374b28000-7f0374c28000 rw-p 00000000 00:00 0 
7f0374c28000-7f0374c29000 ---p 00000000 00:00 0 
7f0374c29000-7f0374d29000 rw-p 00000000 00:00 0 
7f0374d29000-7f0374d2a000 ---p 00000000 00:00 0 
7f0374d2a000-7f0374e2a000 rw-p 00000000 00:00 0 
7f0374e2a000-7f0374e2b000 ---p 00000000 00:00 0 
7f0374e2b000-7f0374f40000 rw-p 00000000 00:00 0 
7f0374f40000-7f037506c000 ---p 00000000 00:00 0 
7f037506c000-7f0375081000 rw-p 00000000 00:00 0 
7f0375081000-7f03751ac000 ---p 00000000 00:00 0 
7f03751ac000-7f03751f1000 rw-p 00000000 00:00 0 
7f03751f1000-7f037524d000 ---p 00000000 00:00 0 
7f037524d000-7f037525d000 rw-p 00000000 00:00 0 
7f037525d000-7f037560e000 ---p 00000000 00:00 0 
7f037560e000-7f0375616000 r-xp 00000000 08:15 3065                       /usr/lib/jvm/java-8-openjdk-amd64/jre/lib/amd64/libzip.so
7f0375616000-7f0375815000 ---p 00008000 08:15 3065                       /usr/lib/jvm/java-8-openjdk-amd64/jre/lib/amd64/libzip.so
7f0375815000-7f0375816000 r--p 00007000 08:15 3065                       /usr/lib/jvm/java-8-openjdk-amd64/jre/lib/amd64/libzip.so
7f0375816000-7f0375817000 rw-p 00008000 08:15 3065                       /usr/lib/jvm/java-8-openjdk-amd64/jre/lib/amd64/libzip.so
7f0375817000-7f0375822000 r-xp 00000000 08:15 686787                     /lib/x86_64-linux-gnu/libnss_files-2.23.so
7f0375822000-7f0375a21000 ---p 0000b000 08:15 686787                     /lib/x86_64-linux-gnu/libnss_files-2.23.so
7f0375a21000-7f0375a22000 r--p 0000a000 08:15 686787                     /lib/x86_64-linux-gnu/libnss_files-2.23.so
7f0375a22000-7f0375a23000 rw-p 0000b000 08:15 686787                     /lib/x86_64-linux-gnu/libnss_files-2.23.so
7f0375a23000-7f0375a29000 rw-p 00000000 00:00 0 
7f0375a29000-7f0375a34000 r-xp 00000000 08:15 686791                     /lib/x86_64-linux-gnu/libnss_nis-2.23.so
7f0375a34000-7f0375c33000 ---p 0000b000 08:15 686791                     /lib/x86_64-linux-gnu/libnss_nis-2.23.so
7f0375c33000-7f0375c34000 r--p 0000a000 08:15 686791                     /lib/x86_64-linux-gnu/libnss_nis-2.23.so
7f0375c34000-7f0375c35000 rw-p 0000b000 08:15 686791                     /lib/x86_64-linux-gnu/libnss_nis-2.23.so
7f0375c35000-7f0375c4b000 r-xp 00000000 08:15 686771                     /lib/x86_64-linux-gnu/libnsl-2.23.so
7f0375c4b000-7f0375e4a000 ---p 00016000 08:15 686771                     /lib/x86_64-linux-gnu/libnsl-2.23.so
7f0375e4a000-7f0375e4b000 r--p 00015000 08:15 686771                     /lib/x86_64-linux-gnu/libnsl-2.23.so
7f0375e4b000-7f0375e4c000 rw-p 00016000 08:15 686771                     /lib/x86_64-linux-gnu/libnsl-2.23.so
7f0375e4c000-7f0375e4e000 rw-p 00000000 00:00 0 
7f0375e4e000-7f0375e56000 r-xp 00000000 08:15 686782                     /lib/x86_64-linux-gnu/libnss_compat-2.23.so
7f0375e56000-7f0376055000 ---p 00008000 08:15 686782                     /lib/x86_64-linux-gnu/libnss_compat-2.23.so
7f0376055000-7f0376056000 r--p 00007000 08:15 686782                     /lib/x86_64-linux-gnu/libnss_compat-2.23.so
7f0376056000-7f0376057000 rw-p 00008000 08:15 686782                     /lib/x86_64-linux-gnu/libnss_compat-2.23.so
7f0376057000-7f0376084000 r-xp 00000000 08:15 3046                       /usr/lib/jvm/java-8-openjdk-amd64/jre/lib/amd64/libjava.so
7f0376084000-7f0376283000 ---p 0002d000 08:15 3046                       /usr/lib/jvm/java-8-openjdk-amd64/jre/lib/amd64/libjava.so
7f0376283000-7f0376284000 r--p 0002c000 08:15 3046                       /usr/lib/jvm/java-8-openjdk-amd64/jre/lib/amd64/libjava.so
7f0376284000-7f0376286000 rw-p 0002d000 08:15 3046                       /usr/lib/jvm/java-8-openjdk-amd64/jre/lib/amd64/libjava.so
7f0376286000-7f0376295000 r-xp 00000000 08:15 3063                       /usr/lib/jvm/java-8-openjdk-amd64/jre/lib/amd64/libverify.so
7f0376295000-7f0376494000 ---p 0000f000 08:15 3063                       /usr/lib/jvm/java-8-openjdk-amd64/jre/lib/amd64/libverify.so
7f0376494000-7f0376496000 r--p 0000e000 08:15 3063                       /usr/lib/jvm/java-8-openjdk-amd64/jre/lib/amd64/libverify.so
7f0376496000-7f0376497000 rw-p 00010000 08:15 3063                       /usr/lib/jvm/java-8-openjdk-amd64/jre/lib/amd64/libverify.so
7f0376497000-7f037649e000 r-xp 00000000 08:15 686792                     /lib/x86_64-linux-gnu/librt-2.23.so
7f037649e000-7f037669d000 ---p 00007000 08:15 686792                     /lib/x86_64-linux-gnu/librt-2.23.so
7f037669d000-7f037669e000 r--p 00006000 08:15 686792                     /lib/x86_64-linux-gnu/librt-2.23.so
7f037669e000-7f037669f000 rw-p 00007000 08:15 686792                     /lib/x86_64-linux-gnu/librt-2.23.so
7f037669f000-7f03766b5000 r-xp 00000000 08:15 660206                     /lib/x86_64-linux-gnu/libgcc_s.so.1
7f03766b5000-7f03768b4000 ---p 00016000 08:15 660206                     /lib/x86_64-linux-gnu/libgcc_s.so.1
7f03768b4000-7f03768b5000 rw-p 00015000 08:15 660206                     /lib/x86_64-linux-gnu/libgcc_s.so.1
7f03768b5000-7f03769bd000 r-xp 00000000 08:15 686770                     /lib/x86_64-linux-gnu/libm-2.23.so
7f03769bd000-7f0376bbc000 ---p 00108000 08:15 686770                     /lib/x86_64-linux-gnu/libm-2.23.so
7f0376bbc000-7f0376bbd000 r--p 00107000 08:15 686770                     /lib/x86_64-linux-gnu/libm-2.23.so
7f0376bbd000-7f0376bbe000 rw-p 00108000 08:15 686770                     /lib/x86_64-linux-gnu/libm-2.23.so
7f0376bbe000-7f0376d30000 r-xp 00000000 08:15 2088                       /usr/lib/x86_64-linux-gnu/libstdc++.so.6.0.21
7f0376d30000-7f0376f30000 ---p 00172000 08:15 2088                       /usr/lib/x86_64-linux-gnu/libstdc++.so.6.0.21
7f0376f30000-7f0376f3a000 r--p 00172000 08:15 2088                       /usr/lib/x86_64-linux-gnu/libstdc++.so.6.0.21
7f0376f3a000-7f0376f3c000 rw-p 0017c000 08:15 2088                       /usr/lib/x86_64-linux-gnu/libstdc++.so.6.0.21
7f0376f3c000-7f0376f40000 rw-p 00000000 00:00 0 
7f0376f40000-7f0377b92000 r-xp 00000000 08:15 3057                       /usr/lib/jvm/java-8-openjdk-amd64/jre/lib/amd64/server/libjvm.so
7f0377b92000-7f0377d92000 ---p 00c52000 08:15 3057                       /usr/lib/jvm/java-8-openjdk-amd64/jre/lib/amd64/server/libjvm.so
7f0377d92000-7f0377e25000 r--p 00c52000 08:15 3057                       /usr/lib/jvm/java-8-openjdk-amd64/jre/lib/amd64/server/libjvm.so
7f0377e25000-7f0377e4e000 rw-p 00ce5000 08:15 3057                       /usr/lib/jvm/java-8-openjdk-amd64/jre/lib/amd64/server/libjvm.so
7f0377e4e000-7f0377e7e000 rw-p 00000000 00:00 0 
7f0377e7e000-7f0377e96000 r-xp 00000000 08:15 686773                     /lib/x86_64-linux-gnu/libpthread-2.23.so
7f0377e96000-7f0378095000 ---p 00018000 08:15 686773                     /lib/x86_64-linux-gnu/libpthread-2.23.so
7f0378095000-7f0378096000 r--p 00017000 08:15 686773                     /lib/x86_64-linux-gnu/libpthread-2.23.so
7f0378096000-7f0378097000 rw-p 00018000 08:15 686773                     /lib/x86_64-linux-gnu/libpthread-2.23.so
7f0378097000-7f037809b000 rw-p 00000000 00:00 0 
7f037809b000-7f037809e000 r-xp 00000000 08:15 686776                     /lib/x86_64-linux-gnu/libdl-2.23.so
7f037809e000-7f037829d000 ---p 00003000 08:15 686776                     /lib/x86_64-linux-gnu/libdl-2.23.so
7f037829d000-7f037829e000 r--p 00002000 08:15 686776                     /lib/x86_64-linux-gnu/libdl-2.23.so
7f037829e000-7f037829f000 rw-p 00003000 08:15 686776                     /lib/x86_64-linux-gnu/libdl-2.23.so
7f037829f000-7f03782b8000 r-xp 00000000 08:15 660143                     /lib/x86_64-linux-gnu/libz.so.1.2.8
7f03782b8000-7f03784b7000 ---p 00019000 08:15 660143                     /lib/x86_64-linux-gnu/libz.so.1.2.8
7f03784b7000-7f03784b8000 r--p 00018000 08:15 660143                     /lib/x86_64-linux-gnu/libz.so.1.2.8
7f03784b8000-7f03784b9000 rw-p 00019000 08:15 660143                     /lib/x86_64-linux-gnu/libz.so.1.2.8
7f03784b9000-7f0378679000 r-xp 00000000 08:15 686774                     /lib/x86_64-linux-gnu/libc-2.23.so
7f0378679000-7f0378879000 ---p 001c0000 08:15 686774                     /lib/x86_64-linux-gnu/libc-2.23.so
7f0378879000-7f037887d000 r--p 001c0000 08:15 686774                     /lib/x86_64-linux-gnu/libc-2.23.so
7f037887d000-7f037887f000 rw-p 001c4000 08:15 686774                     /lib/x86_64-linux-gnu/libc-2.23.so
7f037887f000-7f0378883000 rw-p 00000000 00:00 0 
7f0378883000-7f0378890000 r-xp 00000000 08:15 3061                       /usr/lib/jvm/java-8-openjdk-amd64/jre/lib/amd64/jli/libjli.so
7f0378890000-7f0378a90000 ---p 0000d000 08:15 3061                       /usr/lib/jvm/java-8-openjdk-amd64/jre/lib/amd64/jli/libjli.so
7f0378a90000-7f0378a91000 r--p 0000d000 08:15 3061                       /usr/lib/jvm/java-8-openjdk-amd64/jre/lib/amd64/jli/libjli.so
7f0378a91000-7f0378a92000 rw-p 0000e000 08:15 3061                       /usr/lib/jvm/java-8-openjdk-amd64/jre/lib/amd64/jli/libjli.so
7f0378a92000-7f0378ab8000 r-xp 00000000 08:15 686772                     /lib/x86_64-linux-gnu/ld-2.23.so
7f0378ab8000-7f0378abe000 r--s 0003a000 08:15 3022                       /usr/lib/jvm/java-8-openjdk-amd64/jre/lib/ext/sunjce_provider.jar
7f0378abe000-7f0378b96000 rw-p 00000000 00:00 0 
7f0378b96000-7f0378b99000 ---p 00000000 00:00 0 
7f0378b99000-7f0378c9b000 rw-p 00000000 00:00 0 
7f0378c9b000-7f0378c9d000 r--s 00008000 08:15 3023                       /usr/lib/jvm/java-8-openjdk-amd64/jre/lib/ext/sunec.jar
7f0378c9d000-7f0378ca0000 r--s 0000f000 08:15 3018                       /usr/lib/jvm/java-8-openjdk-amd64/jre/lib/ext/icedtea-sound.jar
7f0378ca0000-7f0378ca1000 r--s 0000a000 08:15 3026                       /usr/lib/jvm/java-8-openjdk-amd64/jre/lib/ext/jaccess.jar
7f0378ca1000-7f0378cab000 r--s 00116000 08:15 3024                       /usr/lib/jvm/java-8-openjdk-amd64/jre/lib/ext/localedata.jar
7f0378cab000-7f0378cac000 r--s 00010000 08:15 3020                       /usr/lib/jvm/java-8-openjdk-amd64/jre/lib/ext/zipfs.jar
7f0378cac000-7f0378cb4000 rw-s 00000000 08:15 399285                     /tmp/hsperfdata_abel/15597
7f0378cb4000-7f0378cb5000 rw-p 00000000 00:00 0 
7f0378cb5000-7f0378cb6000 ---p 00000000 00:00 0 
7f0378cb6000-7f0378cb7000 rw-p 00000000 00:00 0 
7f0378cb7000-7f0378cb8000 r--p 00025000 08:15 686772                     /lib/x86_64-linux-gnu/ld-2.23.so
7f0378cb8000-7f0378cb9000 rw-p 00026000 08:15 686772                     /lib/x86_64-linux-gnu/ld-2.23.so
7f0378cb9000-7f0378cba000 rw-p 00000000 00:00 0 
7ffcb72d7000-7ffcb72f8000 rw-p 00000000 00:00 0                          [stack]
7ffcb73ec000-7ffcb73ef000 r--p 00000000 00:00 0                          [vvar]
7ffcb73ef000-7ffcb73f1000 r-xp 00000000 00:00 0                          [vdso]
ffffffffff600000-ffffffffff601000 r-xp 00000000 00:00 0                  [vsyscall]

VM Arguments:
jvm_args: -Dfile.encoding=UTF-8 
java_command: n_bodies.Tester
java_class_path (initial): /media/abel/DATA/git/n_bodies/bin
Launcher Type: SUN_STANDARD

Environment Variables:
PATH=/home/abel/bin:/home/abel/.local/bin:/usr/local/sbin:/usr/local/bin:/usr/sbin:/usr/bin:/sbin:/bin:/usr/games:/usr/local/games:/snap/bin
SHELL=/bin/bash
DISPLAY=:0

Signal Handlers:
SIGSEGV: [libjvm.so+0xa69040], sa_mask[0]=11111111011111111101111111111110, sa_flags=SA_RESTART|SA_SIGINFO
SIGBUS: [libjvm.so+0xa69040], sa_mask[0]=11111111011111111101111111111110, sa_flags=SA_RESTART|SA_SIGINFO
SIGFPE: [libjvm.so+0x8b2170], sa_mask[0]=11111111011111111101111111111110, sa_flags=SA_RESTART|SA_SIGINFO
SIGPIPE: [libjvm.so+0x8b2170], sa_mask[0]=11111111011111111101111111111110, sa_flags=SA_RESTART|SA_SIGINFO
SIGXFSZ: [libjvm.so+0x8b2170], sa_mask[0]=11111111011111111101111111111110, sa_flags=SA_RESTART|SA_SIGINFO
SIGILL: [libjvm.so+0x8b2170], sa_mask[0]=11111111011111111101111111111110, sa_flags=SA_RESTART|SA_SIGINFO
SIGUSR1: SIG_DFL, sa_mask[0]=00000000000000000000000000000000, sa_flags=none
SIGUSR2: [libjvm.so+0x8b2020], sa_mask[0]=00100000000000000000000000000000, sa_flags=SA_RESTART|SA_SIGINFO
SIGHUP: [libjvm.so+0x8b24f0], sa_mask[0]=11111111011111111101111111111110, sa_flags=SA_RESTART|SA_SIGINFO
SIGINT: [libjvm.so+0x8b24f0], sa_mask[0]=11111111011111111101111111111110, sa_flags=SA_RESTART|SA_SIGINFO
SIGTERM: [libjvm.so+0x8b24f0], sa_mask[0]=11111111011111111101111111111110, sa_flags=SA_RESTART|SA_SIGINFO
SIGQUIT: [libjvm.so+0x8b24f0], sa_mask[0]=11111111011111111101111111111110, sa_flags=SA_RESTART|SA_SIGINFO


---------------  S Y S T E M  ---------------

OS:DISTRIB_ID=Ubuntu
DISTRIB_RELEASE=16.04
DISTRIB_CODENAME=xenial
DISTRIB_DESCRIPTION="Ubuntu 16.04.4 LTS"

uname:Linux 4.13.0-37-generic #42~16.04.1-Ubuntu SMP Wed Mar 7 16:03:28 UTC 2018 x86_64
libc:glibc 2.23 NPTL 2.23 
rlimit: STACK 8192k, CORE 0k, NPROC 14950, NOFILE 1048576, AS infinity
load average:1,67 4,62 8,65

/proc/meminfo:
MemTotal:        3933672 kB
MemFree:          118464 kB
MemAvailable:      42044 kB
Buffers:            1556 kB
Cached:           183808 kB
SwapCached:        24756 kB
Active:          2969340 kB
Inactive:         617188 kB
Active(anon):    2938552 kB
Inactive(anon):   586356 kB
Active(file):      30788 kB
Inactive(file):    30832 kB
Unevictable:          48 kB
Mlocked:              48 kB
SwapTotal:       4088828 kB
SwapFree:              0 kB
Dirty:               244 kB
Writeback:             0 kB
AnonPages:       3376816 kB
Mapped:            97164 kB
Shmem:            123624 kB
Slab:              82004 kB
SReclaimable:      34608 kB
SUnreclaim:        47396 kB
KernelStack:       18224 kB
PageTables:        55352 kB
NFS_Unstable:          0 kB
Bounce:                0 kB
WritebackTmp:          0 kB
CommitLimit:     6055664 kB
Committed_AS:   15367824 kB
VmallocTotal:   34359738367 kB
VmallocUsed:           0 kB
VmallocChunk:          0 kB
HardwareCorrupted:     0 kB
AnonHugePages:         0 kB
ShmemHugePages:        0 kB
ShmemPmdMapped:        0 kB
CmaTotal:              0 kB
CmaFree:               0 kB
HugePages_Total:       0
HugePages_Free:        0
HugePages_Rsvd:        0
HugePages_Surp:        0
Hugepagesize:       2048 kB
DirectMap4k:      203252 kB
DirectMap2M:     3885056 kB
DirectMap1G:     1048576 kB


CPU:total 4 (initial active 4) (4 cores per cpu, 1 threads per core) family 6 model 94 stepping 3, cmov, cx8, fxsr, mmx, sse, sse2, sse3, ssse3, sse4.1, sse4.2, popcnt, avx, avx2, aes, clmul, erms, rtm, 3dnowpref, lzcnt, tsc, tscinvbit, bmi1, bmi2, adx

/proc/cpuinfo:
processor	: 0
vendor_id	: GenuineIntel
cpu family	: 6
model		: 94
model name	: Intel(R) Core(TM) i5-6300HQ CPU @ 2.30GHz
stepping	: 3
microcode	: 0x74
cpu MHz		: 2300.000
cache size	: 6144 KB
physical id	: 0
siblings	: 4
core id		: 0
cpu cores	: 4
apicid		: 0
initial apicid	: 0
fpu		: yes
fpu_exception	: yes
cpuid level	: 22
wp		: yes
flags		: fpu vme de pse tsc msr pae mce cx8 apic sep mtrr pge mca cmov pat pse36 clflush dts acpi mmx fxsr sse sse2 ss ht tm pbe syscall nx pdpe1gb rdtscp lm constant_tsc art arch_perfmon pebs bts rep_good nopl xtopology nonstop_tsc cpuid aperfmperf tsc_known_freq pni pclmulqdq dtes64 monitor ds_cpl vmx est tm2 ssse3 sdbg fma cx16 xtpr pdcm pcid sse4_1 sse4_2 x2apic movbe popcnt aes xsave avx f16c rdrand lahf_lm abm 3dnowprefetch cpuid_fault epb invpcid_single pti retpoline intel_pt rsb_ctxsw tpr_shadow vnmi flexpriority ept vpid fsgsbase tsc_adjust bmi1 hle avx2 smep bmi2 erms invpcid rtm mpx rdseed adx smap clflushopt xsaveopt xsavec xgetbv1 xsaves dtherm ida arat pln pts hwp hwp_notify hwp_act_window hwp_epp
bugs		: cpu_meltdown spectre_v1 spectre_v2
bogomips	: 4608.00
clflush size	: 64
cache_alignment	: 64
address sizes	: 39 bits physical, 48 bits virtual
power management:

processor	: 1
vendor_id	: GenuineIntel
cpu family	: 6
model		: 94
model name	: Intel(R) Core(TM) i5-6300HQ CPU @ 2.30GHz
stepping	: 3
microcode	: 0x74
cpu MHz		: 2300.000
cache size	: 6144 KB
physical id	: 0
siblings	: 4
core id		: 1
cpu cores	: 4
apicid		: 2
initial apicid	: 2
fpu		: yes
fpu_exception	: yes
cpuid level	: 22
wp		: yes
flags		: fpu vme de pse tsc msr pae mce cx8 apic sep mtrr pge mca cmov pat pse36 clflush dts acpi mmx fxsr sse sse2 ss ht tm pbe syscall nx pdpe1gb rdtscp lm constant_tsc art arch_perfmon pebs bts rep_good nopl xtopology nonstop_tsc cpuid aperfmperf tsc_known_freq pni pclmulqdq dtes64 monitor ds_cpl vmx est tm2 ssse3 sdbg fma cx16 xtpr pdcm pcid sse4_1 sse4_2 x2apic movbe popcnt aes xsave avx f16c rdrand lahf_lm abm 3dnowprefetch cpuid_fault epb invpcid_single pti retpoline intel_pt rsb_ctxsw tpr_shadow vnmi flexpriority ept vpid fsgsbase tsc_adjust bmi1 hle avx2 smep bmi2 erms invpcid rtm mpx rdseed adx smap clflushopt xsaveopt xsavec xgetbv1 xsaves dtherm ida arat pln pts hwp hwp_notify hwp_act_window hwp_epp
bugs		: cpu_meltdown spectre_v1 spectre_v2
bogomips	: 4608.00
clflush size	: 64
cache_alignment	: 64
address sizes	: 39 bits physical, 48 bits virtual
power management:

processor	: 2
vendor_id	: GenuineIntel
cpu family	: 6
model		: 94
model name	: Intel(R) Core(TM) i5-6300HQ CPU @ 2.30GHz
stepping	: 3
microcode	: 0x74
cpu MHz		: 2300.000
cache size	: 6144 KB
physical id	: 0
siblings	: 4
core id		: 2
cpu cores	: 4
apicid		: 4
initial apicid	: 4
fpu		: yes
fpu_exception	: yes
cpuid level	: 22
wp		: yes
flags		: fpu vme de pse tsc msr pae mce cx8 apic sep mtrr pge mca cmov pat pse36 clflush dts acpi mmx fxsr sse sse2 ss ht tm pbe syscall nx pdpe1gb rdtscp lm constant_tsc art arch_perfmon pebs bts rep_good nopl xtopology nonstop_tsc cpuid aperfmperf tsc_known_freq pni pclmulqdq dtes64 monitor ds_cpl vmx est tm2 ssse3 sdbg fma cx16 xtpr pdcm pcid sse4_1 sse4_2 x2apic movbe popcnt aes xsave avx f16c rdrand lahf_lm abm 3dnowprefetch cpuid_fault epb invpcid_single pti retpoline intel_pt rsb_ctxsw tpr_shadow vnmi flexpriority ept vpid fsgsbase tsc_adjust bmi1 hle avx2 smep bmi2 erms invpcid rtm mpx rdseed adx smap clflushopt xsaveopt xsavec xgetbv1 xsaves dtherm ida arat pln pts hwp hwp_notify hwp_act_window hwp_epp
bugs		: cpu_meltdown spectre_v1 spectre_v2
bogomips	: 4608.00
clflush size	: 64
cache_alignment	: 64
address sizes	: 39 bits physical, 48 bits virtual
power management:

processor	: 3
vendor_id	: GenuineIntel
cpu family	: 6
model		: 94
model name	: Intel(R) Core(TM) i5-6300HQ CPU @ 2.30GHz
stepping	: 3
microcode	: 0x74
cpu MHz		: 2300.000
cache size	: 6144 KB
physical id	: 0
siblings	: 4
core id		: 3
cpu cores	: 4
apicid		: 6
initial apicid	: 6
fpu		: yes
fpu_exception	: yes
cpuid level	: 22
wp		: yes
flags		: fpu vme de pse tsc msr pae mce cx8 apic sep mtrr pge mca cmov pat pse36 clflush dts acpi mmx fxsr sse sse2 ss ht tm pbe syscall nx pdpe1gb rdtscp lm constant_tsc art arch_perfmon pebs bts rep_good nopl xtopology nonstop_tsc cpuid aperfmperf tsc_known_freq pni pclmulqdq dtes64 monitor ds_cpl vmx est tm2 ssse3 sdbg fma cx16 xtpr pdcm pcid sse4_1 sse4_2 x2apic movbe popcnt aes xsave avx f16c rdrand lahf_lm abm 3dnowprefetch cpuid_fault epb invpcid_single pti retpoline intel_pt rsb_ctxsw tpr_shadow vnmi flexpriority ept vpid fsgsbase tsc_adjust bmi1 hle avx2 smep bmi2 erms invpcid rtm mpx rdseed adx smap clflushopt xsaveopt xsavec xgetbv1 xsaves dtherm ida arat pln pts hwp hwp_notify hwp_act_window hwp_epp
bugs		: cpu_meltdown spectre_v1 spectre_v2
bogomips	: 4608.00
clflush size	: 64
cache_alignment	: 64
address sizes	: 39 bits physical, 48 bits virtual
power management:



Memory: 4k page, physical 3933672k(118464k free), swap 4088828k(0k free)

vm_info: OpenJDK 64-Bit Server VM (25.151-b12) for linux-amd64 JRE (1.8.0_151-8u151-b12-0ubuntu0.16.04.2-b12), built on Oct 27 2017 21:59:02 by "buildd" with gcc 5.4.0 20160609

time: Fri Mar 30 10:52:23 2018
elapsed time: 21 seconds (0d 0h 0m 21s)

